15:34:33.723 [restartedMain] INFO  c.h.HongshuApplication - [logStarting,55] - Starting HongshuApplication using Java 17.0.10 on LAPTOP-9J80MR47 with PID 2044 (D:\hongshu-server\hongshu-server\hongshu-server\target\classes started by 21916 in D:\hongshu-server\hongshu-server)
15:34:33.729 [restartedMain] INFO  c.h.HongshuApplication - [logStartupProfileInfo,686] - The following 1 profile is active: "druid"
15:34:33.732 [background-preinit] INFO  o.h.v.i.util.Version - [<clinit>,21] - HV000001: Hibernate Validator 6.2.5.Final
15:34:36.042 [restartedMain] INFO  o.a.c.c.AprLifecycleListener - [log,173] - Loaded Apache Tomcat Native library [1.2.36] using APR version [1.7.2].
15:34:36.042 [restartedMain] INFO  o.a.c.c.AprLifecycleListener - [log,173] - APR capabilities: IPv6 [true], sendfile [true], accept filters [false], random [true], UDS [true].
15:34:36.042 [restartedMain] INFO  o.a.c.c.AprLifecycleListener - [log,173] - APR/OpenSSL configuration: useAprConnector [false], useOpenSSL [true]
15:34:36.045 [restartedMain] INFO  o.a.c.c.AprLifecycleListener - [log,173] - OpenSSL successfully initialized [OpenSSL 1.1.1t  7 Feb 2023]
15:34:36.054 [restartedMain] INFO  o.a.c.h.Http11NioProtocol - [log,173] - Initializing ProtocolHandler ["http-nio-8080"]
15:34:36.054 [restartedMain] INFO  o.a.c.c.StandardService - [log,173] - Starting service [Tomcat]
15:34:36.054 [restartedMain] INFO  o.a.c.c.StandardEngine - [log,173] - Starting Servlet engine: [Apache Tomcat/9.0.75]
15:34:36.245 [restartedMain] INFO  o.a.c.c.C.[.[.[/] - [log,173] - Initializing Spring embedded WebApplicationContext
15:34:37.827 [restartedMain] INFO  c.a.d.p.DruidDataSource - [init,1009] - {dataSource-1} inited
15:34:40.026 [restartedMain] INFO  o.q.i.StdSchedulerFactory - [instantiate,1220] - Using default implementation for ThreadExecutor
15:34:40.034 [restartedMain] INFO  o.q.c.SchedulerSignalerImpl - [<init>,61] - Initialized Scheduler Signaller of type: class org.quartz.core.SchedulerSignalerImpl
15:34:40.034 [restartedMain] INFO  o.q.c.QuartzScheduler - [<init>,229] - Quartz Scheduler v.2.3.2 created.
15:34:40.035 [restartedMain] INFO  o.q.s.RAMJobStore - [initialize,155] - RAMJobStore initialized.
15:34:40.035 [restartedMain] INFO  o.q.c.QuartzScheduler - [initialize,294] - Scheduler meta-data: Quartz Scheduler (v2.3.2) 'quartzScheduler' with instanceId 'NON_CLUSTERED'
  Scheduler class: 'org.quartz.core.QuartzScheduler' - running locally.
  NOT STARTED.
  Currently in standby mode.
  Number of jobs executed: 0
  Using thread pool 'org.quartz.simpl.SimpleThreadPool' - with 10 threads.
  Using job-store 'org.quartz.simpl.RAMJobStore' - which does not support persistence. and is not clustered.

15:34:40.035 [restartedMain] INFO  o.q.i.StdSchedulerFactory - [instantiate,1374] - Quartz scheduler 'quartzScheduler' initialized from an externally provided properties instance.
15:34:40.035 [restartedMain] INFO  o.q.i.StdSchedulerFactory - [instantiate,1378] - Quartz scheduler version: 2.3.2
15:34:40.035 [restartedMain] INFO  o.q.c.QuartzScheduler - [setJobFactory,2293] - JobFactory set to: org.springframework.scheduling.quartz.SpringBeanJobFactory@1469bf0a
15:34:40.757 [restartedMain] INFO  c.g.d.c.DozerBeanMapperBuilder - [build,544] - Initializing Dozer. Version: 6.5.2, Thread Name: restartedMain
15:34:40.758 [restartedMain] INFO  c.g.d.c.u.RuntimeUtils - [isOSGi,53] - OSGi support is false
15:34:40.763 [restartedMain] INFO  c.g.d.c.c.r.LegacyPropertiesSettingsResolver - [processFile,60] - Trying to find Dozer configuration file: dozer.properties
15:34:40.764 [restartedMain] INFO  c.g.d.c.c.r.LegacyPropertiesSettingsResolver - [processFile,63] - Failed to find dozer.properties via com.github.dozermapper.core.config.resolvers.LegacyPropertiesSettingsResolver.
15:34:40.768 [restartedMain] INFO  c.g.d.c.e.ELExpressionFactory - [isSupported,60] - javax.el is not supported; Failed to resolve ExpressionFactory, com.sun.el.ExpressionFactoryImpl
15:34:42.042 [restartedMain] INFO  o.a.c.h.Http11NioProtocol - [log,173] - Starting ProtocolHandler ["http-nio-8080"]
15:34:42.333 [restartedMain] INFO  o.q.c.QuartzScheduler - [start,547] - Scheduler quartzScheduler_$_NON_CLUSTERED started.
15:34:42.341 [restartedMain] INFO  c.h.HongshuApplication - [logStarted,61] - Started HongshuApplication in 8.997 seconds (JVM running for 10.384)
15:35:12.366 [http-nio-8080-exec-2] INFO  o.a.t.u.h.p.Cookie - [log,173] - A cookie header was received [Hm_lvt_0febd9e3cacb3f627ddac64d52caac39=1719238185,1719239588;] that contained an invalid cookie. That cookie will be ignored.
 Note: further occurrences of this error will be logged at DEBUG level.
15:35:12.366 [http-nio-8080-exec-1] INFO  o.a.t.u.h.p.Cookie - [log,173] - A cookie header was received [Hm_lvt_0febd9e3cacb3f627ddac64d52caac39=1719238185,1719239588;] that contained an invalid cookie. That cookie will be ignored.
 Note: further occurrences of this error will be logged at DEBUG level.
15:35:12.366 [http-nio-8080-exec-3] INFO  o.a.t.u.h.p.Cookie - [log,173] - A cookie header was received [Hm_lvt_0febd9e3cacb3f627ddac64d52caac39=1719238185,1719239588;] that contained an invalid cookie. That cookie will be ignored.
 Note: further occurrences of this error will be logged at DEBUG level.
15:35:12.374 [http-nio-8080-exec-2] INFO  o.a.c.c.C.[.[.[/] - [log,173] - Initializing Spring DispatcherServlet 'dispatcherServlet'
15:35:12.403 [http-nio-8080-exec-3] INFO  c.h.w.a.UserLoginInterceptor - [preHandle,40] - accessToken:null,null
15:35:12.403 [http-nio-8080-exec-1] INFO  c.h.w.a.UserLoginInterceptor - [preHandle,40] - accessToken:null,null
15:35:12.404 [http-nio-8080-exec-2] INFO  c.h.w.a.UserLoginInterceptor - [preHandle,40] - accessToken:null,null
15:35:12.443 [http-nio-8080-exec-3] INFO  c.g.d.c.DozerBeanMapperBuilder - [build,544] - Initializing Dozer. Version: 6.5.2, Thread Name: http-nio-8080-exec-3
15:35:12.444 [http-nio-8080-exec-3] INFO  c.g.d.c.c.r.LegacyPropertiesSettingsResolver - [processFile,60] - Trying to find Dozer configuration file: dozer.properties
15:35:12.444 [http-nio-8080-exec-3] INFO  c.g.d.c.c.r.LegacyPropertiesSettingsResolver - [processFile,63] - Failed to find dozer.properties via com.github.dozermapper.core.config.resolvers.LegacyPropertiesSettingsResolver.
15:35:18.521 [http-nio-8080-exec-4] INFO  c.h.w.a.UserLoginInterceptor - [preHandle,40] - accessToken:null,null
15:35:18.668 [schedule-pool-1] INFO  web-user - [run,52] - [127.0.0.1]内网IP[张天博][Success][登录成功]
15:35:18.696 [http-nio-8080-exec-6] INFO  c.h.w.a.UserLoginInterceptor - [preHandle,40] - accessToken:eyJ0eXAiOiJKV1QiLCJhbGciOiJIUzI1NiJ9.eyJzdWIiOiJ1c2VyIiwiaWF0IjoxNzQ1MTM0NTE4LCJleHAiOjE3NDUyMjA5MTgsInVzZXJJZCI6IjYyIn0.YdV7W0bnW0TmCWS2L7eLZ87KKslokSyjJB-YiW2ovMI,62
15:35:18.696 [http-nio-8080-exec-9] INFO  c.h.w.a.UserLoginInterceptor - [preHandle,40] - accessToken:eyJ0eXAiOiJKV1QiLCJhbGciOiJIUzI1NiJ9.eyJzdWIiOiJ1c2VyIiwiaWF0IjoxNzQ1MTM0NTE4LCJleHAiOjE3NDUyMjA5MTgsInVzZXJJZCI6IjYyIn0.YdV7W0bnW0TmCWS2L7eLZ87KKslokSyjJB-YiW2ovMI,62
15:35:18.696 [http-nio-8080-exec-7] INFO  c.h.w.a.UserLoginInterceptor - [preHandle,40] - accessToken:eyJ0eXAiOiJKV1QiLCJhbGciOiJIUzI1NiJ9.eyJzdWIiOiJ1c2VyIiwiaWF0IjoxNzQ1MTM0NTE4LCJleHAiOjE3NDUyMjA5MTgsInVzZXJJZCI6IjYyIn0.YdV7W0bnW0TmCWS2L7eLZ87KKslokSyjJB-YiW2ovMI,62
15:35:18.696 [http-nio-8080-exec-8] INFO  c.h.w.a.UserLoginInterceptor - [preHandle,40] - accessToken:eyJ0eXAiOiJKV1QiLCJhbGciOiJIUzI1NiJ9.eyJzdWIiOiJ1c2VyIiwiaWF0IjoxNzQ1MTM0NTE4LCJleHAiOjE3NDUyMjA5MTgsInVzZXJJZCI6IjYyIn0.YdV7W0bnW0TmCWS2L7eLZ87KKslokSyjJB-YiW2ovMI,62
15:35:18.716 [http-nio-8080-exec-5] INFO  c.h.w.w.WebSocketServer - [onOpen,70] - 62加入webSocket！当前人数为=1
15:35:18.734 [http-nio-8080-exec-10] INFO  c.h.w.a.UserLoginInterceptor - [preHandle,40] - accessToken:eyJ0eXAiOiJKV1QiLCJhbGciOiJIUzI1NiJ9.eyJzdWIiOiJ1c2VyIiwiaWF0IjoxNzQ1MTM0NTE4LCJleHAiOjE3NDUyMjA5MTgsInVzZXJJZCI6IjYyIn0.YdV7W0bnW0TmCWS2L7eLZ87KKslokSyjJB-YiW2ovMI,62
15:35:21.846 [http-nio-8080-exec-11] INFO  c.h.w.w.WebSocketServer - [onOpen,70] - 62加入webSocket！当前人数为=2
15:35:21.867 [http-nio-8080-exec-12] INFO  c.h.w.a.UserLoginInterceptor - [preHandle,40] - accessToken:eyJ0eXAiOiJKV1QiLCJhbGciOiJIUzI1NiJ9.eyJzdWIiOiJ1c2VyIiwiaWF0IjoxNzQ1MTM0NTE4LCJleHAiOjE3NDUyMjA5MTgsInVzZXJJZCI6IjYyIn0.YdV7W0bnW0TmCWS2L7eLZ87KKslokSyjJB-YiW2ovMI,62
15:35:21.867 [http-nio-8080-exec-14] INFO  c.h.w.a.UserLoginInterceptor - [preHandle,40] - accessToken:eyJ0eXAiOiJKV1QiLCJhbGciOiJIUzI1NiJ9.eyJzdWIiOiJ1c2VyIiwiaWF0IjoxNzQ1MTM0NTE4LCJleHAiOjE3NDUyMjA5MTgsInVzZXJJZCI6IjYyIn0.YdV7W0bnW0TmCWS2L7eLZ87KKslokSyjJB-YiW2ovMI,62
15:35:21.867 [http-nio-8080-exec-15] INFO  c.h.w.a.UserLoginInterceptor - [preHandle,40] - accessToken:eyJ0eXAiOiJKV1QiLCJhbGciOiJIUzI1NiJ9.eyJzdWIiOiJ1c2VyIiwiaWF0IjoxNzQ1MTM0NTE4LCJleHAiOjE3NDUyMjA5MTgsInVzZXJJZCI6IjYyIn0.YdV7W0bnW0TmCWS2L7eLZ87KKslokSyjJB-YiW2ovMI,62
15:35:21.867 [http-nio-8080-exec-13] INFO  c.h.w.a.UserLoginInterceptor - [preHandle,40] - accessToken:eyJ0eXAiOiJKV1QiLCJhbGciOiJIUzI1NiJ9.eyJzdWIiOiJ1c2VyIiwiaWF0IjoxNzQ1MTM0NTE4LCJleHAiOjE3NDUyMjA5MTgsInVzZXJJZCI6IjYyIn0.YdV7W0bnW0TmCWS2L7eLZ87KKslokSyjJB-YiW2ovMI,62
15:35:21.868 [http-nio-8080-exec-16] INFO  c.h.w.a.UserLoginInterceptor - [preHandle,40] - accessToken:eyJ0eXAiOiJKV1QiLCJhbGciOiJIUzI1NiJ9.eyJzdWIiOiJ1c2VyIiwiaWF0IjoxNzQ1MTM0NTE4LCJleHAiOjE3NDUyMjA5MTgsInVzZXJJZCI6IjYyIn0.YdV7W0bnW0TmCWS2L7eLZ87KKslokSyjJB-YiW2ovMI,62
15:35:21.880 [http-nio-8080-exec-17] INFO  c.h.w.a.UserLoginInterceptor - [preHandle,40] - accessToken:eyJ0eXAiOiJKV1QiLCJhbGciOiJIUzI1NiJ9.eyJzdWIiOiJ1c2VyIiwiaWF0IjoxNzQ1MTM0NTE4LCJleHAiOjE3NDUyMjA5MTgsInVzZXJJZCI6IjYyIn0.YdV7W0bnW0TmCWS2L7eLZ87KKslokSyjJB-YiW2ovMI,62
15:35:33.370 [http-nio-8080-exec-18] INFO  c.h.w.w.WebSocketServer - [onOpen,70] - 62加入webSocket！当前人数为=3
15:35:33.395 [http-nio-8080-exec-19] INFO  c.h.w.a.UserLoginInterceptor - [preHandle,40] - accessToken:eyJ0eXAiOiJKV1QiLCJhbGciOiJIUzI1NiJ9.eyJzdWIiOiJ1c2VyIiwiaWF0IjoxNzQ1MTM0NTE4LCJleHAiOjE3NDUyMjA5MTgsInVzZXJJZCI6IjYyIn0.YdV7W0bnW0TmCWS2L7eLZ87KKslokSyjJB-YiW2ovMI,62
15:35:33.395 [http-nio-8080-exec-20] INFO  c.h.w.a.UserLoginInterceptor - [preHandle,40] - accessToken:eyJ0eXAiOiJKV1QiLCJhbGciOiJIUzI1NiJ9.eyJzdWIiOiJ1c2VyIiwiaWF0IjoxNzQ1MTM0NTE4LCJleHAiOjE3NDUyMjA5MTgsInVzZXJJZCI6IjYyIn0.YdV7W0bnW0TmCWS2L7eLZ87KKslokSyjJB-YiW2ovMI,62
15:35:33.395 [http-nio-8080-exec-22] INFO  c.h.w.a.UserLoginInterceptor - [preHandle,40] - accessToken:eyJ0eXAiOiJKV1QiLCJhbGciOiJIUzI1NiJ9.eyJzdWIiOiJ1c2VyIiwiaWF0IjoxNzQ1MTM0NTE4LCJleHAiOjE3NDUyMjA5MTgsInVzZXJJZCI6IjYyIn0.YdV7W0bnW0TmCWS2L7eLZ87KKslokSyjJB-YiW2ovMI,62
15:35:33.396 [http-nio-8080-exec-21] INFO  c.h.w.a.UserLoginInterceptor - [preHandle,40] - accessToken:eyJ0eXAiOiJKV1QiLCJhbGciOiJIUzI1NiJ9.eyJzdWIiOiJ1c2VyIiwiaWF0IjoxNzQ1MTM0NTE4LCJleHAiOjE3NDUyMjA5MTgsInVzZXJJZCI6IjYyIn0.YdV7W0bnW0TmCWS2L7eLZ87KKslokSyjJB-YiW2ovMI,62
15:35:33.414 [http-nio-8080-exec-23] INFO  c.h.w.a.UserLoginInterceptor - [preHandle,40] - accessToken:eyJ0eXAiOiJKV1QiLCJhbGciOiJIUzI1NiJ9.eyJzdWIiOiJ1c2VyIiwiaWF0IjoxNzQ1MTM0NTE4LCJleHAiOjE3NDUyMjA5MTgsInVzZXJJZCI6IjYyIn0.YdV7W0bnW0TmCWS2L7eLZ87KKslokSyjJB-YiW2ovMI,62
15:39:04.541 [http-nio-8080-exec-24] INFO  c.h.w.w.WebSocketServer - [onOpen,70] - 62加入webSocket！当前人数为=4
15:39:04.581 [http-nio-8080-exec-26] INFO  c.h.w.a.UserLoginInterceptor - [preHandle,40] - accessToken:eyJ0eXAiOiJKV1QiLCJhbGciOiJIUzI1NiJ9.eyJzdWIiOiJ1c2VyIiwiaWF0IjoxNzQ1MTM0NTE4LCJleHAiOjE3NDUyMjA5MTgsInVzZXJJZCI6IjYyIn0.YdV7W0bnW0TmCWS2L7eLZ87KKslokSyjJB-YiW2ovMI,62
15:39:04.581 [http-nio-8080-exec-25] INFO  c.h.w.a.UserLoginInterceptor - [preHandle,40] - accessToken:eyJ0eXAiOiJKV1QiLCJhbGciOiJIUzI1NiJ9.eyJzdWIiOiJ1c2VyIiwiaWF0IjoxNzQ1MTM0NTE4LCJleHAiOjE3NDUyMjA5MTgsInVzZXJJZCI6IjYyIn0.YdV7W0bnW0TmCWS2L7eLZ87KKslokSyjJB-YiW2ovMI,62
15:39:04.581 [http-nio-8080-exec-27] INFO  c.h.w.a.UserLoginInterceptor - [preHandle,40] - accessToken:eyJ0eXAiOiJKV1QiLCJhbGciOiJIUzI1NiJ9.eyJzdWIiOiJ1c2VyIiwiaWF0IjoxNzQ1MTM0NTE4LCJleHAiOjE3NDUyMjA5MTgsInVzZXJJZCI6IjYyIn0.YdV7W0bnW0TmCWS2L7eLZ87KKslokSyjJB-YiW2ovMI,62
15:39:04.581 [http-nio-8080-exec-28] INFO  c.h.w.a.UserLoginInterceptor - [preHandle,40] - accessToken:eyJ0eXAiOiJKV1QiLCJhbGciOiJIUzI1NiJ9.eyJzdWIiOiJ1c2VyIiwiaWF0IjoxNzQ1MTM0NTE4LCJleHAiOjE3NDUyMjA5MTgsInVzZXJJZCI6IjYyIn0.YdV7W0bnW0TmCWS2L7eLZ87KKslokSyjJB-YiW2ovMI,62
15:39:04.603 [http-nio-8080-exec-29] INFO  c.h.w.a.UserLoginInterceptor - [preHandle,40] - accessToken:eyJ0eXAiOiJKV1QiLCJhbGciOiJIUzI1NiJ9.eyJzdWIiOiJ1c2VyIiwiaWF0IjoxNzQ1MTM0NTE4LCJleHAiOjE3NDUyMjA5MTgsInVzZXJJZCI6IjYyIn0.YdV7W0bnW0TmCWS2L7eLZ87KKslokSyjJB-YiW2ovMI,62
15:39:19.347 [http-nio-8080-exec-30] INFO  c.h.w.w.WebSocketServer - [onOpen,70] - 62加入webSocket！当前人数为=5
15:39:19.361 [http-nio-8080-exec-33] INFO  c.h.w.a.UserLoginInterceptor - [preHandle,40] - accessToken:eyJ0eXAiOiJKV1QiLCJhbGciOiJIUzI1NiJ9.eyJzdWIiOiJ1c2VyIiwiaWF0IjoxNzQ1MTM0NTE4LCJleHAiOjE3NDUyMjA5MTgsInVzZXJJZCI6IjYyIn0.YdV7W0bnW0TmCWS2L7eLZ87KKslokSyjJB-YiW2ovMI,62
15:39:19.361 [http-nio-8080-exec-31] INFO  c.h.w.a.UserLoginInterceptor - [preHandle,40] - accessToken:eyJ0eXAiOiJKV1QiLCJhbGciOiJIUzI1NiJ9.eyJzdWIiOiJ1c2VyIiwiaWF0IjoxNzQ1MTM0NTE4LCJleHAiOjE3NDUyMjA5MTgsInVzZXJJZCI6IjYyIn0.YdV7W0bnW0TmCWS2L7eLZ87KKslokSyjJB-YiW2ovMI,62
15:39:19.361 [http-nio-8080-exec-34] INFO  c.h.w.a.UserLoginInterceptor - [preHandle,40] - accessToken:eyJ0eXAiOiJKV1QiLCJhbGciOiJIUzI1NiJ9.eyJzdWIiOiJ1c2VyIiwiaWF0IjoxNzQ1MTM0NTE4LCJleHAiOjE3NDUyMjA5MTgsInVzZXJJZCI6IjYyIn0.YdV7W0bnW0TmCWS2L7eLZ87KKslokSyjJB-YiW2ovMI,62
15:39:19.362 [http-nio-8080-exec-32] INFO  c.h.w.a.UserLoginInterceptor - [preHandle,40] - accessToken:eyJ0eXAiOiJKV1QiLCJhbGciOiJIUzI1NiJ9.eyJzdWIiOiJ1c2VyIiwiaWF0IjoxNzQ1MTM0NTE4LCJleHAiOjE3NDUyMjA5MTgsInVzZXJJZCI6IjYyIn0.YdV7W0bnW0TmCWS2L7eLZ87KKslokSyjJB-YiW2ovMI,62
15:39:19.371 [http-nio-8080-exec-35] INFO  c.h.w.a.UserLoginInterceptor - [preHandle,40] - accessToken:eyJ0eXAiOiJKV1QiLCJhbGciOiJIUzI1NiJ9.eyJzdWIiOiJ1c2VyIiwiaWF0IjoxNzQ1MTM0NTE4LCJleHAiOjE3NDUyMjA5MTgsInVzZXJJZCI6IjYyIn0.YdV7W0bnW0TmCWS2L7eLZ87KKslokSyjJB-YiW2ovMI,62
15:39:30.954 [http-nio-8080-exec-36] INFO  c.h.w.w.WebSocketServer - [onOpen,70] - 62加入webSocket！当前人数为=6
15:39:30.970 [http-nio-8080-exec-38] INFO  c.h.w.a.UserLoginInterceptor - [preHandle,40] - accessToken:eyJ0eXAiOiJKV1QiLCJhbGciOiJIUzI1NiJ9.eyJzdWIiOiJ1c2VyIiwiaWF0IjoxNzQ1MTM0NTE4LCJleHAiOjE3NDUyMjA5MTgsInVzZXJJZCI6IjYyIn0.YdV7W0bnW0TmCWS2L7eLZ87KKslokSyjJB-YiW2ovMI,62
15:39:30.970 [http-nio-8080-exec-37] INFO  c.h.w.a.UserLoginInterceptor - [preHandle,40] - accessToken:eyJ0eXAiOiJKV1QiLCJhbGciOiJIUzI1NiJ9.eyJzdWIiOiJ1c2VyIiwiaWF0IjoxNzQ1MTM0NTE4LCJleHAiOjE3NDUyMjA5MTgsInVzZXJJZCI6IjYyIn0.YdV7W0bnW0TmCWS2L7eLZ87KKslokSyjJB-YiW2ovMI,62
15:39:30.970 [http-nio-8080-exec-40] INFO  c.h.w.a.UserLoginInterceptor - [preHandle,40] - accessToken:eyJ0eXAiOiJKV1QiLCJhbGciOiJIUzI1NiJ9.eyJzdWIiOiJ1c2VyIiwiaWF0IjoxNzQ1MTM0NTE4LCJleHAiOjE3NDUyMjA5MTgsInVzZXJJZCI6IjYyIn0.YdV7W0bnW0TmCWS2L7eLZ87KKslokSyjJB-YiW2ovMI,62
15:39:30.971 [http-nio-8080-exec-39] INFO  c.h.w.a.UserLoginInterceptor - [preHandle,40] - accessToken:eyJ0eXAiOiJKV1QiLCJhbGciOiJIUzI1NiJ9.eyJzdWIiOiJ1c2VyIiwiaWF0IjoxNzQ1MTM0NTE4LCJleHAiOjE3NDUyMjA5MTgsInVzZXJJZCI6IjYyIn0.YdV7W0bnW0TmCWS2L7eLZ87KKslokSyjJB-YiW2ovMI,62
15:39:30.983 [http-nio-8080-exec-41] INFO  c.h.w.a.UserLoginInterceptor - [preHandle,40] - accessToken:eyJ0eXAiOiJKV1QiLCJhbGciOiJIUzI1NiJ9.eyJzdWIiOiJ1c2VyIiwiaWF0IjoxNzQ1MTM0NTE4LCJleHAiOjE3NDUyMjA5MTgsInVzZXJJZCI6IjYyIn0.YdV7W0bnW0TmCWS2L7eLZ87KKslokSyjJB-YiW2ovMI,62
15:47:29.227 [http-nio-8080-exec-47] INFO  c.h.w.w.WebSocketServer - [onClose,78] - 62断开webSocket连接！当前人数为=0
15:47:29.227 [http-nio-8080-exec-45] INFO  c.h.w.w.WebSocketServer - [onClose,78] - 62断开webSocket连接！当前人数为=0
15:47:29.227 [http-nio-8080-exec-43] INFO  c.h.w.w.WebSocketServer - [onClose,78] - 62断开webSocket连接！当前人数为=0
15:47:29.227 [http-nio-8080-exec-44] INFO  c.h.w.w.WebSocketServer - [onClose,78] - 62断开webSocket连接！当前人数为=0
15:47:29.227 [http-nio-8080-exec-42] INFO  c.h.w.w.WebSocketServer - [onClose,78] - 62断开webSocket连接！当前人数为=0
15:47:29.227 [http-nio-8080-exec-46] INFO  c.h.w.w.WebSocketServer - [onClose,78] - 62断开webSocket连接！当前人数为=0
15:47:29.384 [http-nio-8080-exec-48] INFO  c.h.w.w.WebSocketServer - [onOpen,70] - 62加入webSocket！当前人数为=1
15:47:29.408 [http-nio-8080-exec-52] INFO  c.h.w.a.UserLoginInterceptor - [preHandle,40] - accessToken:eyJ0eXAiOiJKV1QiLCJhbGciOiJIUzI1NiJ9.eyJzdWIiOiJ1c2VyIiwiaWF0IjoxNzQ1MTM0NTE4LCJleHAiOjE3NDUyMjA5MTgsInVzZXJJZCI6IjYyIn0.YdV7W0bnW0TmCWS2L7eLZ87KKslokSyjJB-YiW2ovMI,62
15:47:29.408 [http-nio-8080-exec-50] INFO  c.h.w.a.UserLoginInterceptor - [preHandle,40] - accessToken:eyJ0eXAiOiJKV1QiLCJhbGciOiJIUzI1NiJ9.eyJzdWIiOiJ1c2VyIiwiaWF0IjoxNzQ1MTM0NTE4LCJleHAiOjE3NDUyMjA5MTgsInVzZXJJZCI6IjYyIn0.YdV7W0bnW0TmCWS2L7eLZ87KKslokSyjJB-YiW2ovMI,62
15:47:29.408 [http-nio-8080-exec-49] INFO  c.h.w.a.UserLoginInterceptor - [preHandle,40] - accessToken:eyJ0eXAiOiJKV1QiLCJhbGciOiJIUzI1NiJ9.eyJzdWIiOiJ1c2VyIiwiaWF0IjoxNzQ1MTM0NTE4LCJleHAiOjE3NDUyMjA5MTgsInVzZXJJZCI6IjYyIn0.YdV7W0bnW0TmCWS2L7eLZ87KKslokSyjJB-YiW2ovMI,62
15:47:29.409 [http-nio-8080-exec-51] INFO  c.h.w.a.UserLoginInterceptor - [preHandle,40] - accessToken:eyJ0eXAiOiJKV1QiLCJhbGciOiJIUzI1NiJ9.eyJzdWIiOiJ1c2VyIiwiaWF0IjoxNzQ1MTM0NTE4LCJleHAiOjE3NDUyMjA5MTgsInVzZXJJZCI6IjYyIn0.YdV7W0bnW0TmCWS2L7eLZ87KKslokSyjJB-YiW2ovMI,62
15:47:29.421 [http-nio-8080-exec-53] INFO  c.h.w.a.UserLoginInterceptor - [preHandle,40] - accessToken:eyJ0eXAiOiJKV1QiLCJhbGciOiJIUzI1NiJ9.eyJzdWIiOiJ1c2VyIiwiaWF0IjoxNzQ1MTM0NTE4LCJleHAiOjE3NDUyMjA5MTgsInVzZXJJZCI6IjYyIn0.YdV7W0bnW0TmCWS2L7eLZ87KKslokSyjJB-YiW2ovMI,62
15:54:10.421 [http-nio-8080-exec-54] INFO  c.h.w.w.WebSocketServer - [onOpen,70] - 62加入webSocket！当前人数为=2
15:54:10.443 [http-nio-8080-exec-57] INFO  c.h.w.a.UserLoginInterceptor - [preHandle,40] - accessToken:eyJ0eXAiOiJKV1QiLCJhbGciOiJIUzI1NiJ9.eyJzdWIiOiJ1c2VyIiwiaWF0IjoxNzQ1MTM0NTE4LCJleHAiOjE3NDUyMjA5MTgsInVzZXJJZCI6IjYyIn0.YdV7W0bnW0TmCWS2L7eLZ87KKslokSyjJB-YiW2ovMI,62
15:54:10.443 [http-nio-8080-exec-55] INFO  c.h.w.a.UserLoginInterceptor - [preHandle,40] - accessToken:eyJ0eXAiOiJKV1QiLCJhbGciOiJIUzI1NiJ9.eyJzdWIiOiJ1c2VyIiwiaWF0IjoxNzQ1MTM0NTE4LCJleHAiOjE3NDUyMjA5MTgsInVzZXJJZCI6IjYyIn0.YdV7W0bnW0TmCWS2L7eLZ87KKslokSyjJB-YiW2ovMI,62
15:54:10.443 [http-nio-8080-exec-56] INFO  c.h.w.a.UserLoginInterceptor - [preHandle,40] - accessToken:eyJ0eXAiOiJKV1QiLCJhbGciOiJIUzI1NiJ9.eyJzdWIiOiJ1c2VyIiwiaWF0IjoxNzQ1MTM0NTE4LCJleHAiOjE3NDUyMjA5MTgsInVzZXJJZCI6IjYyIn0.YdV7W0bnW0TmCWS2L7eLZ87KKslokSyjJB-YiW2ovMI,62
15:54:10.455 [http-nio-8080-exec-58] INFO  c.h.w.a.UserLoginInterceptor - [preHandle,40] - accessToken:eyJ0eXAiOiJKV1QiLCJhbGciOiJIUzI1NiJ9.eyJzdWIiOiJ1c2VyIiwiaWF0IjoxNzQ1MTM0NTE4LCJleHAiOjE3NDUyMjA5MTgsInVzZXJJZCI6IjYyIn0.YdV7W0bnW0TmCWS2L7eLZ87KKslokSyjJB-YiW2ovMI,62
15:54:12.812 [http-nio-8080-exec-59] INFO  c.h.w.w.WebSocketServer - [onOpen,70] - 62加入webSocket！当前人数为=3
15:54:12.835 [http-nio-8080-exec-60] INFO  c.h.w.a.UserLoginInterceptor - [preHandle,40] - accessToken:eyJ0eXAiOiJKV1QiLCJhbGciOiJIUzI1NiJ9.eyJzdWIiOiJ1c2VyIiwiaWF0IjoxNzQ1MTM0NTE4LCJleHAiOjE3NDUyMjA5MTgsInVzZXJJZCI6IjYyIn0.YdV7W0bnW0TmCWS2L7eLZ87KKslokSyjJB-YiW2ovMI,62
15:54:12.836 [http-nio-8080-exec-61] INFO  c.h.w.a.UserLoginInterceptor - [preHandle,40] - accessToken:eyJ0eXAiOiJKV1QiLCJhbGciOiJIUzI1NiJ9.eyJzdWIiOiJ1c2VyIiwiaWF0IjoxNzQ1MTM0NTE4LCJleHAiOjE3NDUyMjA5MTgsInVzZXJJZCI6IjYyIn0.YdV7W0bnW0TmCWS2L7eLZ87KKslokSyjJB-YiW2ovMI,62
15:54:12.837 [http-nio-8080-exec-63] INFO  c.h.w.a.UserLoginInterceptor - [preHandle,40] - accessToken:eyJ0eXAiOiJKV1QiLCJhbGciOiJIUzI1NiJ9.eyJzdWIiOiJ1c2VyIiwiaWF0IjoxNzQ1MTM0NTE4LCJleHAiOjE3NDUyMjA5MTgsInVzZXJJZCI6IjYyIn0.YdV7W0bnW0TmCWS2L7eLZ87KKslokSyjJB-YiW2ovMI,62
15:54:12.837 [http-nio-8080-exec-62] INFO  c.h.w.a.UserLoginInterceptor - [preHandle,40] - accessToken:eyJ0eXAiOiJKV1QiLCJhbGciOiJIUzI1NiJ9.eyJzdWIiOiJ1c2VyIiwiaWF0IjoxNzQ1MTM0NTE4LCJleHAiOjE3NDUyMjA5MTgsInVzZXJJZCI6IjYyIn0.YdV7W0bnW0TmCWS2L7eLZ87KKslokSyjJB-YiW2ovMI,62
15:54:12.850 [http-nio-8080-exec-64] INFO  c.h.w.a.UserLoginInterceptor - [preHandle,40] - accessToken:eyJ0eXAiOiJKV1QiLCJhbGciOiJIUzI1NiJ9.eyJzdWIiOiJ1c2VyIiwiaWF0IjoxNzQ1MTM0NTE4LCJleHAiOjE3NDUyMjA5MTgsInVzZXJJZCI6IjYyIn0.YdV7W0bnW0TmCWS2L7eLZ87KKslokSyjJB-YiW2ovMI,62
15:54:13.549 [http-nio-8080-exec-65] INFO  c.h.w.w.WebSocketServer - [onOpen,70] - 62加入webSocket！当前人数为=4
15:54:13.565 [http-nio-8080-exec-66] INFO  c.h.w.a.UserLoginInterceptor - [preHandle,40] - accessToken:eyJ0eXAiOiJKV1QiLCJhbGciOiJIUzI1NiJ9.eyJzdWIiOiJ1c2VyIiwiaWF0IjoxNzQ1MTM0NTE4LCJleHAiOjE3NDUyMjA5MTgsInVzZXJJZCI6IjYyIn0.YdV7W0bnW0TmCWS2L7eLZ87KKslokSyjJB-YiW2ovMI,62
15:54:13.566 [http-nio-8080-exec-67] INFO  c.h.w.a.UserLoginInterceptor - [preHandle,40] - accessToken:eyJ0eXAiOiJKV1QiLCJhbGciOiJIUzI1NiJ9.eyJzdWIiOiJ1c2VyIiwiaWF0IjoxNzQ1MTM0NTE4LCJleHAiOjE3NDUyMjA5MTgsInVzZXJJZCI6IjYyIn0.YdV7W0bnW0TmCWS2L7eLZ87KKslokSyjJB-YiW2ovMI,62
15:54:13.566 [http-nio-8080-exec-69] INFO  c.h.w.a.UserLoginInterceptor - [preHandle,40] - accessToken:eyJ0eXAiOiJKV1QiLCJhbGciOiJIUzI1NiJ9.eyJzdWIiOiJ1c2VyIiwiaWF0IjoxNzQ1MTM0NTE4LCJleHAiOjE3NDUyMjA5MTgsInVzZXJJZCI6IjYyIn0.YdV7W0bnW0TmCWS2L7eLZ87KKslokSyjJB-YiW2ovMI,62
15:54:13.567 [http-nio-8080-exec-68] INFO  c.h.w.a.UserLoginInterceptor - [preHandle,40] - accessToken:eyJ0eXAiOiJKV1QiLCJhbGciOiJIUzI1NiJ9.eyJzdWIiOiJ1c2VyIiwiaWF0IjoxNzQ1MTM0NTE4LCJleHAiOjE3NDUyMjA5MTgsInVzZXJJZCI6IjYyIn0.YdV7W0bnW0TmCWS2L7eLZ87KKslokSyjJB-YiW2ovMI,62
15:54:13.578 [http-nio-8080-exec-70] INFO  c.h.w.a.UserLoginInterceptor - [preHandle,40] - accessToken:eyJ0eXAiOiJKV1QiLCJhbGciOiJIUzI1NiJ9.eyJzdWIiOiJ1c2VyIiwiaWF0IjoxNzQ1MTM0NTE4LCJleHAiOjE3NDUyMjA5MTgsInVzZXJJZCI6IjYyIn0.YdV7W0bnW0TmCWS2L7eLZ87KKslokSyjJB-YiW2ovMI,62
16:05:01.107 [http-nio-8080-exec-71] INFO  c.h.w.w.WebSocketServer - [onClose,78] - 62断开webSocket连接！当前人数为=1
16:05:01.107 [http-nio-8080-exec-73] INFO  c.h.w.w.WebSocketServer - [onClose,78] - 62断开webSocket连接！当前人数为=1
16:05:01.107 [http-nio-8080-exec-72] INFO  c.h.w.w.WebSocketServer - [onClose,78] - 62断开webSocket连接！当前人数为=1
16:05:01.107 [http-nio-8080-exec-74] INFO  c.h.w.w.WebSocketServer - [onClose,78] - 62断开webSocket连接！当前人数为=0
16:05:01.273 [http-nio-8080-exec-75] INFO  c.h.w.w.WebSocketServer - [onOpen,70] - 62加入webSocket！当前人数为=1
16:05:01.306 [http-nio-8080-exec-79] INFO  c.h.w.a.UserLoginInterceptor - [preHandle,40] - accessToken:eyJ0eXAiOiJKV1QiLCJhbGciOiJIUzI1NiJ9.eyJzdWIiOiJ1c2VyIiwiaWF0IjoxNzQ1MTM0NTE4LCJleHAiOjE3NDUyMjA5MTgsInVzZXJJZCI6IjYyIn0.YdV7W0bnW0TmCWS2L7eLZ87KKslokSyjJB-YiW2ovMI,62
16:05:01.306 [http-nio-8080-exec-76] INFO  c.h.w.a.UserLoginInterceptor - [preHandle,40] - accessToken:eyJ0eXAiOiJKV1QiLCJhbGciOiJIUzI1NiJ9.eyJzdWIiOiJ1c2VyIiwiaWF0IjoxNzQ1MTM0NTE4LCJleHAiOjE3NDUyMjA5MTgsInVzZXJJZCI6IjYyIn0.YdV7W0bnW0TmCWS2L7eLZ87KKslokSyjJB-YiW2ovMI,62
16:05:01.306 [http-nio-8080-exec-77] INFO  c.h.w.a.UserLoginInterceptor - [preHandle,40] - accessToken:eyJ0eXAiOiJKV1QiLCJhbGciOiJIUzI1NiJ9.eyJzdWIiOiJ1c2VyIiwiaWF0IjoxNzQ1MTM0NTE4LCJleHAiOjE3NDUyMjA5MTgsInVzZXJJZCI6IjYyIn0.YdV7W0bnW0TmCWS2L7eLZ87KKslokSyjJB-YiW2ovMI,62
16:05:01.306 [http-nio-8080-exec-78] INFO  c.h.w.a.UserLoginInterceptor - [preHandle,40] - accessToken:eyJ0eXAiOiJKV1QiLCJhbGciOiJIUzI1NiJ9.eyJzdWIiOiJ1c2VyIiwiaWF0IjoxNzQ1MTM0NTE4LCJleHAiOjE3NDUyMjA5MTgsInVzZXJJZCI6IjYyIn0.YdV7W0bnW0TmCWS2L7eLZ87KKslokSyjJB-YiW2ovMI,62
16:05:01.323 [http-nio-8080-exec-80] INFO  c.h.w.a.UserLoginInterceptor - [preHandle,40] - accessToken:eyJ0eXAiOiJKV1QiLCJhbGciOiJIUzI1NiJ9.eyJzdWIiOiJ1c2VyIiwiaWF0IjoxNzQ1MTM0NTE4LCJleHAiOjE3NDUyMjA5MTgsInVzZXJJZCI6IjYyIn0.YdV7W0bnW0TmCWS2L7eLZ87KKslokSyjJB-YiW2ovMI,62
16:05:53.446 [http-nio-8080-exec-81] INFO  c.h.w.w.WebSocketServer - [onClose,78] - 62断开webSocket连接！当前人数为=0
16:05:53.571 [http-nio-8080-exec-82] INFO  c.h.w.w.WebSocketServer - [onOpen,70] - 62加入webSocket！当前人数为=1
16:05:53.591 [http-nio-8080-exec-86] INFO  c.h.w.a.UserLoginInterceptor - [preHandle,40] - accessToken:eyJ0eXAiOiJKV1QiLCJhbGciOiJIUzI1NiJ9.eyJzdWIiOiJ1c2VyIiwiaWF0IjoxNzQ1MTM0NTE4LCJleHAiOjE3NDUyMjA5MTgsInVzZXJJZCI6IjYyIn0.YdV7W0bnW0TmCWS2L7eLZ87KKslokSyjJB-YiW2ovMI,62
16:05:53.591 [http-nio-8080-exec-84] INFO  c.h.w.a.UserLoginInterceptor - [preHandle,40] - accessToken:eyJ0eXAiOiJKV1QiLCJhbGciOiJIUzI1NiJ9.eyJzdWIiOiJ1c2VyIiwiaWF0IjoxNzQ1MTM0NTE4LCJleHAiOjE3NDUyMjA5MTgsInVzZXJJZCI6IjYyIn0.YdV7W0bnW0TmCWS2L7eLZ87KKslokSyjJB-YiW2ovMI,62
16:05:53.591 [http-nio-8080-exec-83] INFO  c.h.w.a.UserLoginInterceptor - [preHandle,40] - accessToken:eyJ0eXAiOiJKV1QiLCJhbGciOiJIUzI1NiJ9.eyJzdWIiOiJ1c2VyIiwiaWF0IjoxNzQ1MTM0NTE4LCJleHAiOjE3NDUyMjA5MTgsInVzZXJJZCI6IjYyIn0.YdV7W0bnW0TmCWS2L7eLZ87KKslokSyjJB-YiW2ovMI,62
16:05:53.591 [http-nio-8080-exec-85] INFO  c.h.w.a.UserLoginInterceptor - [preHandle,40] - accessToken:eyJ0eXAiOiJKV1QiLCJhbGciOiJIUzI1NiJ9.eyJzdWIiOiJ1c2VyIiwiaWF0IjoxNzQ1MTM0NTE4LCJleHAiOjE3NDUyMjA5MTgsInVzZXJJZCI6IjYyIn0.YdV7W0bnW0TmCWS2L7eLZ87KKslokSyjJB-YiW2ovMI,62
16:05:53.602 [http-nio-8080-exec-87] INFO  c.h.w.a.UserLoginInterceptor - [preHandle,40] - accessToken:eyJ0eXAiOiJKV1QiLCJhbGciOiJIUzI1NiJ9.eyJzdWIiOiJ1c2VyIiwiaWF0IjoxNzQ1MTM0NTE4LCJleHAiOjE3NDUyMjA5MTgsInVzZXJJZCI6IjYyIn0.YdV7W0bnW0TmCWS2L7eLZ87KKslokSyjJB-YiW2ovMI,62
16:05:57.480 [http-nio-8080-exec-88] INFO  c.h.w.w.WebSocketServer - [onOpen,70] - 62加入webSocket！当前人数为=2
16:05:57.491 [http-nio-8080-exec-91] INFO  c.h.w.a.UserLoginInterceptor - [preHandle,40] - accessToken:eyJ0eXAiOiJKV1QiLCJhbGciOiJIUzI1NiJ9.eyJzdWIiOiJ1c2VyIiwiaWF0IjoxNzQ1MTM0NTE4LCJleHAiOjE3NDUyMjA5MTgsInVzZXJJZCI6IjYyIn0.YdV7W0bnW0TmCWS2L7eLZ87KKslokSyjJB-YiW2ovMI,62
16:05:57.491 [http-nio-8080-exec-89] INFO  c.h.w.a.UserLoginInterceptor - [preHandle,40] - accessToken:eyJ0eXAiOiJKV1QiLCJhbGciOiJIUzI1NiJ9.eyJzdWIiOiJ1c2VyIiwiaWF0IjoxNzQ1MTM0NTE4LCJleHAiOjE3NDUyMjA5MTgsInVzZXJJZCI6IjYyIn0.YdV7W0bnW0TmCWS2L7eLZ87KKslokSyjJB-YiW2ovMI,62
16:05:57.492 [http-nio-8080-exec-90] INFO  c.h.w.a.UserLoginInterceptor - [preHandle,40] - accessToken:eyJ0eXAiOiJKV1QiLCJhbGciOiJIUzI1NiJ9.eyJzdWIiOiJ1c2VyIiwiaWF0IjoxNzQ1MTM0NTE4LCJleHAiOjE3NDUyMjA5MTgsInVzZXJJZCI6IjYyIn0.YdV7W0bnW0TmCWS2L7eLZ87KKslokSyjJB-YiW2ovMI,62
16:05:57.502 [http-nio-8080-exec-92] INFO  c.h.w.a.UserLoginInterceptor - [preHandle,40] - accessToken:eyJ0eXAiOiJKV1QiLCJhbGciOiJIUzI1NiJ9.eyJzdWIiOiJ1c2VyIiwiaWF0IjoxNzQ1MTM0NTE4LCJleHAiOjE3NDUyMjA5MTgsInVzZXJJZCI6IjYyIn0.YdV7W0bnW0TmCWS2L7eLZ87KKslokSyjJB-YiW2ovMI,62
16:05:58.199 [http-nio-8080-exec-93] INFO  c.h.w.w.WebSocketServer - [onOpen,70] - 62加入webSocket！当前人数为=3
16:05:58.214 [http-nio-8080-exec-94] INFO  c.h.w.a.UserLoginInterceptor - [preHandle,40] - accessToken:eyJ0eXAiOiJKV1QiLCJhbGciOiJIUzI1NiJ9.eyJzdWIiOiJ1c2VyIiwiaWF0IjoxNzQ1MTM0NTE4LCJleHAiOjE3NDUyMjA5MTgsInVzZXJJZCI6IjYyIn0.YdV7W0bnW0TmCWS2L7eLZ87KKslokSyjJB-YiW2ovMI,62
16:05:58.215 [http-nio-8080-exec-95] INFO  c.h.w.a.UserLoginInterceptor - [preHandle,40] - accessToken:eyJ0eXAiOiJKV1QiLCJhbGciOiJIUzI1NiJ9.eyJzdWIiOiJ1c2VyIiwiaWF0IjoxNzQ1MTM0NTE4LCJleHAiOjE3NDUyMjA5MTgsInVzZXJJZCI6IjYyIn0.YdV7W0bnW0TmCWS2L7eLZ87KKslokSyjJB-YiW2ovMI,62
16:05:58.215 [http-nio-8080-exec-97] INFO  c.h.w.a.UserLoginInterceptor - [preHandle,40] - accessToken:eyJ0eXAiOiJKV1QiLCJhbGciOiJIUzI1NiJ9.eyJzdWIiOiJ1c2VyIiwiaWF0IjoxNzQ1MTM0NTE4LCJleHAiOjE3NDUyMjA5MTgsInVzZXJJZCI6IjYyIn0.YdV7W0bnW0TmCWS2L7eLZ87KKslokSyjJB-YiW2ovMI,62
16:05:58.215 [http-nio-8080-exec-96] INFO  c.h.w.a.UserLoginInterceptor - [preHandle,40] - accessToken:eyJ0eXAiOiJKV1QiLCJhbGciOiJIUzI1NiJ9.eyJzdWIiOiJ1c2VyIiwiaWF0IjoxNzQ1MTM0NTE4LCJleHAiOjE3NDUyMjA5MTgsInVzZXJJZCI6IjYyIn0.YdV7W0bnW0TmCWS2L7eLZ87KKslokSyjJB-YiW2ovMI,62
16:05:58.225 [http-nio-8080-exec-98] INFO  c.h.w.a.UserLoginInterceptor - [preHandle,40] - accessToken:eyJ0eXAiOiJKV1QiLCJhbGciOiJIUzI1NiJ9.eyJzdWIiOiJ1c2VyIiwiaWF0IjoxNzQ1MTM0NTE4LCJleHAiOjE3NDUyMjA5MTgsInVzZXJJZCI6IjYyIn0.YdV7W0bnW0TmCWS2L7eLZ87KKslokSyjJB-YiW2ovMI,62
16:05:59.427 [http-nio-8080-exec-99] INFO  c.h.w.w.WebSocketServer - [onOpen,70] - 62加入webSocket！当前人数为=4
16:05:59.438 [http-nio-8080-exec-1] INFO  c.h.w.a.UserLoginInterceptor - [preHandle,40] - accessToken:eyJ0eXAiOiJKV1QiLCJhbGciOiJIUzI1NiJ9.eyJzdWIiOiJ1c2VyIiwiaWF0IjoxNzQ1MTM0NTE4LCJleHAiOjE3NDUyMjA5MTgsInVzZXJJZCI6IjYyIn0.YdV7W0bnW0TmCWS2L7eLZ87KKslokSyjJB-YiW2ovMI,62
16:05:59.438 [http-nio-8080-exec-2] INFO  c.h.w.a.UserLoginInterceptor - [preHandle,40] - accessToken:eyJ0eXAiOiJKV1QiLCJhbGciOiJIUzI1NiJ9.eyJzdWIiOiJ1c2VyIiwiaWF0IjoxNzQ1MTM0NTE4LCJleHAiOjE3NDUyMjA5MTgsInVzZXJJZCI6IjYyIn0.YdV7W0bnW0TmCWS2L7eLZ87KKslokSyjJB-YiW2ovMI,62
16:05:59.438 [http-nio-8080-exec-100] INFO  c.h.w.a.UserLoginInterceptor - [preHandle,40] - accessToken:eyJ0eXAiOiJKV1QiLCJhbGciOiJIUzI1NiJ9.eyJzdWIiOiJ1c2VyIiwiaWF0IjoxNzQ1MTM0NTE4LCJleHAiOjE3NDUyMjA5MTgsInVzZXJJZCI6IjYyIn0.YdV7W0bnW0TmCWS2L7eLZ87KKslokSyjJB-YiW2ovMI,62
16:05:59.438 [http-nio-8080-exec-3] INFO  c.h.w.a.UserLoginInterceptor - [preHandle,40] - accessToken:eyJ0eXAiOiJKV1QiLCJhbGciOiJIUzI1NiJ9.eyJzdWIiOiJ1c2VyIiwiaWF0IjoxNzQ1MTM0NTE4LCJleHAiOjE3NDUyMjA5MTgsInVzZXJJZCI6IjYyIn0.YdV7W0bnW0TmCWS2L7eLZ87KKslokSyjJB-YiW2ovMI,62
16:05:59.452 [http-nio-8080-exec-4] INFO  c.h.w.a.UserLoginInterceptor - [preHandle,40] - accessToken:eyJ0eXAiOiJKV1QiLCJhbGciOiJIUzI1NiJ9.eyJzdWIiOiJ1c2VyIiwiaWF0IjoxNzQ1MTM0NTE4LCJleHAiOjE3NDUyMjA5MTgsInVzZXJJZCI6IjYyIn0.YdV7W0bnW0TmCWS2L7eLZ87KKslokSyjJB-YiW2ovMI,62
16:06:02.365 [http-nio-8080-exec-5] INFO  c.h.w.a.UserLoginInterceptor - [preHandle,40] - accessToken:eyJ0eXAiOiJKV1QiLCJhbGciOiJIUzI1NiJ9.eyJzdWIiOiJ1c2VyIiwiaWF0IjoxNzQ1MTM0NTE4LCJleHAiOjE3NDUyMjA5MTgsInVzZXJJZCI6IjYyIn0.YdV7W0bnW0TmCWS2L7eLZ87KKslokSyjJB-YiW2ovMI,62
16:06:04.145 [http-nio-8080-exec-9] INFO  c.h.w.a.UserLoginInterceptor - [preHandle,40] - accessToken:eyJ0eXAiOiJKV1QiLCJhbGciOiJIUzI1NiJ9.eyJzdWIiOiJ1c2VyIiwiaWF0IjoxNzQ1MTM0NTE4LCJleHAiOjE3NDUyMjA5MTgsInVzZXJJZCI6IjYyIn0.YdV7W0bnW0TmCWS2L7eLZ87KKslokSyjJB-YiW2ovMI,62
16:06:04.145 [http-nio-8080-exec-6] INFO  c.h.w.a.UserLoginInterceptor - [preHandle,40] - accessToken:eyJ0eXAiOiJKV1QiLCJhbGciOiJIUzI1NiJ9.eyJzdWIiOiJ1c2VyIiwiaWF0IjoxNzQ1MTM0NTE4LCJleHAiOjE3NDUyMjA5MTgsInVzZXJJZCI6IjYyIn0.YdV7W0bnW0TmCWS2L7eLZ87KKslokSyjJB-YiW2ovMI,62
16:06:05.257 [http-nio-8080-exec-7] INFO  c.h.w.a.UserLoginInterceptor - [preHandle,40] - accessToken:eyJ0eXAiOiJKV1QiLCJhbGciOiJIUzI1NiJ9.eyJzdWIiOiJ1c2VyIiwiaWF0IjoxNzQ1MTM0NTE4LCJleHAiOjE3NDUyMjA5MTgsInVzZXJJZCI6IjYyIn0.YdV7W0bnW0TmCWS2L7eLZ87KKslokSyjJB-YiW2ovMI,62
16:06:05.441 [http-nio-8080-exec-8] INFO  c.h.w.a.UserLoginInterceptor - [preHandle,40] - accessToken:eyJ0eXAiOiJKV1QiLCJhbGciOiJIUzI1NiJ9.eyJzdWIiOiJ1c2VyIiwiaWF0IjoxNzQ1MTM0NTE4LCJleHAiOjE3NDUyMjA5MTgsInVzZXJJZCI6IjYyIn0.YdV7W0bnW0TmCWS2L7eLZ87KKslokSyjJB-YiW2ovMI,62
16:06:10.584 [http-nio-8080-exec-14] INFO  c.h.w.a.UserLoginInterceptor - [preHandle,40] - accessToken:eyJ0eXAiOiJKV1QiLCJhbGciOiJIUzI1NiJ9.eyJzdWIiOiJ1c2VyIiwiaWF0IjoxNzQ1MTM0NTE4LCJleHAiOjE3NDUyMjA5MTgsInVzZXJJZCI6IjYyIn0.YdV7W0bnW0TmCWS2L7eLZ87KKslokSyjJB-YiW2ovMI,62
16:06:10.584 [http-nio-8080-exec-11] INFO  c.h.w.a.UserLoginInterceptor - [preHandle,40] - accessToken:eyJ0eXAiOiJKV1QiLCJhbGciOiJIUzI1NiJ9.eyJzdWIiOiJ1c2VyIiwiaWF0IjoxNzQ1MTM0NTE4LCJleHAiOjE3NDUyMjA5MTgsInVzZXJJZCI6IjYyIn0.YdV7W0bnW0TmCWS2L7eLZ87KKslokSyjJB-YiW2ovMI,62
16:06:28.863 [http-nio-8080-exec-17] INFO  c.h.w.a.UserLoginInterceptor - [preHandle,40] - accessToken:eyJ0eXAiOiJKV1QiLCJhbGciOiJIUzI1NiJ9.eyJzdWIiOiJ1c2VyIiwiaWF0IjoxNzQ1MTM0NTE4LCJleHAiOjE3NDUyMjA5MTgsInVzZXJJZCI6IjYyIn0.YdV7W0bnW0TmCWS2L7eLZ87KKslokSyjJB-YiW2ovMI,62
16:06:28.982 [http-nio-8080-exec-13] INFO  c.h.w.a.UserLoginInterceptor - [preHandle,40] - accessToken:eyJ0eXAiOiJKV1QiLCJhbGciOiJIUzI1NiJ9.eyJzdWIiOiJ1c2VyIiwiaWF0IjoxNzQ1MTM0NTE4LCJleHAiOjE3NDUyMjA5MTgsInVzZXJJZCI6IjYyIn0.YdV7W0bnW0TmCWS2L7eLZ87KKslokSyjJB-YiW2ovMI,62
16:06:33.037 [http-nio-8080-exec-16] INFO  c.h.w.a.UserLoginInterceptor - [preHandle,40] - accessToken:eyJ0eXAiOiJKV1QiLCJhbGciOiJIUzI1NiJ9.eyJzdWIiOiJ1c2VyIiwiaWF0IjoxNzQ1MTM0NTE4LCJleHAiOjE3NDUyMjA5MTgsInVzZXJJZCI6IjYyIn0.YdV7W0bnW0TmCWS2L7eLZ87KKslokSyjJB-YiW2ovMI,62
16:06:33.987 [http-nio-8080-exec-18] INFO  c.h.w.a.UserLoginInterceptor - [preHandle,40] - accessToken:eyJ0eXAiOiJKV1QiLCJhbGciOiJIUzI1NiJ9.eyJzdWIiOiJ1c2VyIiwiaWF0IjoxNzQ1MTM0NTE4LCJleHAiOjE3NDUyMjA5MTgsInVzZXJJZCI6IjYyIn0.YdV7W0bnW0TmCWS2L7eLZ87KKslokSyjJB-YiW2ovMI,62
16:06:38.922 [http-nio-8080-exec-22] INFO  c.h.w.a.UserLoginInterceptor - [preHandle,40] - accessToken:eyJ0eXAiOiJKV1QiLCJhbGciOiJIUzI1NiJ9.eyJzdWIiOiJ1c2VyIiwiaWF0IjoxNzQ1MTM0NTE4LCJleHAiOjE3NDUyMjA5MTgsInVzZXJJZCI6IjYyIn0.YdV7W0bnW0TmCWS2L7eLZ87KKslokSyjJB-YiW2ovMI,62
16:06:42.265 [http-nio-8080-exec-19] INFO  c.h.w.a.UserLoginInterceptor - [preHandle,40] - accessToken:eyJ0eXAiOiJKV1QiLCJhbGciOiJIUzI1NiJ9.eyJzdWIiOiJ1c2VyIiwiaWF0IjoxNzQ1MTM0NTE4LCJleHAiOjE3NDUyMjA5MTgsInVzZXJJZCI6IjYyIn0.YdV7W0bnW0TmCWS2L7eLZ87KKslokSyjJB-YiW2ovMI,62
16:06:42.513 [http-nio-8080-exec-20] INFO  c.h.w.a.UserLoginInterceptor - [preHandle,40] - accessToken:eyJ0eXAiOiJKV1QiLCJhbGciOiJIUzI1NiJ9.eyJzdWIiOiJ1c2VyIiwiaWF0IjoxNzQ1MTM0NTE4LCJleHAiOjE3NDUyMjA5MTgsInVzZXJJZCI6IjYyIn0.YdV7W0bnW0TmCWS2L7eLZ87KKslokSyjJB-YiW2ovMI,62
16:06:43.202 [http-nio-8080-exec-23] INFO  c.h.w.a.UserLoginInterceptor - [preHandle,40] - accessToken:eyJ0eXAiOiJKV1QiLCJhbGciOiJIUzI1NiJ9.eyJzdWIiOiJ1c2VyIiwiaWF0IjoxNzQ1MTM0NTE4LCJleHAiOjE3NDUyMjA5MTgsInVzZXJJZCI6IjYyIn0.YdV7W0bnW0TmCWS2L7eLZ87KKslokSyjJB-YiW2ovMI,62
16:06:43.347 [http-nio-8080-exec-21] INFO  c.h.w.a.UserLoginInterceptor - [preHandle,40] - accessToken:eyJ0eXAiOiJKV1QiLCJhbGciOiJIUzI1NiJ9.eyJzdWIiOiJ1c2VyIiwiaWF0IjoxNzQ1MTM0NTE4LCJleHAiOjE3NDUyMjA5MTgsInVzZXJJZCI6IjYyIn0.YdV7W0bnW0TmCWS2L7eLZ87KKslokSyjJB-YiW2ovMI,62
16:06:43.488 [http-nio-8080-exec-24] INFO  c.h.w.a.UserLoginInterceptor - [preHandle,40] - accessToken:eyJ0eXAiOiJKV1QiLCJhbGciOiJIUzI1NiJ9.eyJzdWIiOiJ1c2VyIiwiaWF0IjoxNzQ1MTM0NTE4LCJleHAiOjE3NDUyMjA5MTgsInVzZXJJZCI6IjYyIn0.YdV7W0bnW0TmCWS2L7eLZ87KKslokSyjJB-YiW2ovMI,62
16:06:43.569 [http-nio-8080-exec-26] INFO  c.h.w.a.UserLoginInterceptor - [preHandle,40] - accessToken:eyJ0eXAiOiJKV1QiLCJhbGciOiJIUzI1NiJ9.eyJzdWIiOiJ1c2VyIiwiaWF0IjoxNzQ1MTM0NTE4LCJleHAiOjE3NDUyMjA5MTgsInVzZXJJZCI6IjYyIn0.YdV7W0bnW0TmCWS2L7eLZ87KKslokSyjJB-YiW2ovMI,62
16:06:43.578 [http-nio-8080-exec-25] INFO  c.h.w.a.UserLoginInterceptor - [preHandle,40] - accessToken:eyJ0eXAiOiJKV1QiLCJhbGciOiJIUzI1NiJ9.eyJzdWIiOiJ1c2VyIiwiaWF0IjoxNzQ1MTM0NTE4LCJleHAiOjE3NDUyMjA5MTgsInVzZXJJZCI6IjYyIn0.YdV7W0bnW0TmCWS2L7eLZ87KKslokSyjJB-YiW2ovMI,62
16:06:45.168 [http-nio-8080-exec-29] INFO  c.h.w.a.UserLoginInterceptor - [preHandle,40] - accessToken:eyJ0eXAiOiJKV1QiLCJhbGciOiJIUzI1NiJ9.eyJzdWIiOiJ1c2VyIiwiaWF0IjoxNzQ1MTM0NTE4LCJleHAiOjE3NDUyMjA5MTgsInVzZXJJZCI6IjYyIn0.YdV7W0bnW0TmCWS2L7eLZ87KKslokSyjJB-YiW2ovMI,62
16:06:45.168 [http-nio-8080-exec-27] INFO  c.h.w.a.UserLoginInterceptor - [preHandle,40] - accessToken:eyJ0eXAiOiJKV1QiLCJhbGciOiJIUzI1NiJ9.eyJzdWIiOiJ1c2VyIiwiaWF0IjoxNzQ1MTM0NTE4LCJleHAiOjE3NDUyMjA5MTgsInVzZXJJZCI6IjYyIn0.YdV7W0bnW0TmCWS2L7eLZ87KKslokSyjJB-YiW2ovMI,62
16:06:51.087 [http-nio-8080-exec-33] INFO  c.h.w.a.UserLoginInterceptor - [preHandle,40] - accessToken:eyJ0eXAiOiJKV1QiLCJhbGciOiJIUzI1NiJ9.eyJzdWIiOiJ1c2VyIiwiaWF0IjoxNzQ1MTM0NTE4LCJleHAiOjE3NDUyMjA5MTgsInVzZXJJZCI6IjYyIn0.YdV7W0bnW0TmCWS2L7eLZ87KKslokSyjJB-YiW2ovMI,62
16:06:52.119 [http-nio-8080-exec-31] INFO  c.h.w.a.UserLoginInterceptor - [preHandle,40] - accessToken:eyJ0eXAiOiJKV1QiLCJhbGciOiJIUzI1NiJ9.eyJzdWIiOiJ1c2VyIiwiaWF0IjoxNzQ1MTM0NTE4LCJleHAiOjE3NDUyMjA5MTgsInVzZXJJZCI6IjYyIn0.YdV7W0bnW0TmCWS2L7eLZ87KKslokSyjJB-YiW2ovMI,62
16:06:52.201 [http-nio-8080-exec-34] INFO  c.h.w.a.UserLoginInterceptor - [preHandle,40] - accessToken:eyJ0eXAiOiJKV1QiLCJhbGciOiJIUzI1NiJ9.eyJzdWIiOiJ1c2VyIiwiaWF0IjoxNzQ1MTM0NTE4LCJleHAiOjE3NDUyMjA5MTgsInVzZXJJZCI6IjYyIn0.YdV7W0bnW0TmCWS2L7eLZ87KKslokSyjJB-YiW2ovMI,62
16:06:52.586 [http-nio-8080-exec-32] INFO  c.h.w.a.UserLoginInterceptor - [preHandle,40] - accessToken:eyJ0eXAiOiJKV1QiLCJhbGciOiJIUzI1NiJ9.eyJzdWIiOiJ1c2VyIiwiaWF0IjoxNzQ1MTM0NTE4LCJleHAiOjE3NDUyMjA5MTgsInVzZXJJZCI6IjYyIn0.YdV7W0bnW0TmCWS2L7eLZ87KKslokSyjJB-YiW2ovMI,62
16:06:52.596 [http-nio-8080-exec-35] INFO  c.h.w.a.UserLoginInterceptor - [preHandle,40] - accessToken:eyJ0eXAiOiJKV1QiLCJhbGciOiJIUzI1NiJ9.eyJzdWIiOiJ1c2VyIiwiaWF0IjoxNzQ1MTM0NTE4LCJleHAiOjE3NDUyMjA5MTgsInVzZXJJZCI6IjYyIn0.YdV7W0bnW0TmCWS2L7eLZ87KKslokSyjJB-YiW2ovMI,62
16:06:53.848 [http-nio-8080-exec-37] INFO  c.h.w.a.UserLoginInterceptor - [preHandle,40] - accessToken:eyJ0eXAiOiJKV1QiLCJhbGciOiJIUzI1NiJ9.eyJzdWIiOiJ1c2VyIiwiaWF0IjoxNzQ1MTM0NTE4LCJleHAiOjE3NDUyMjA5MTgsInVzZXJJZCI6IjYyIn0.YdV7W0bnW0TmCWS2L7eLZ87KKslokSyjJB-YiW2ovMI,62
16:06:53.849 [http-nio-8080-exec-36] INFO  c.h.w.a.UserLoginInterceptor - [preHandle,40] - accessToken:eyJ0eXAiOiJKV1QiLCJhbGciOiJIUzI1NiJ9.eyJzdWIiOiJ1c2VyIiwiaWF0IjoxNzQ1MTM0NTE4LCJleHAiOjE3NDUyMjA5MTgsInVzZXJJZCI6IjYyIn0.YdV7W0bnW0TmCWS2L7eLZ87KKslokSyjJB-YiW2ovMI,62
16:06:59.231 [http-nio-8080-exec-39] INFO  c.h.w.a.UserLoginInterceptor - [preHandle,40] - accessToken:eyJ0eXAiOiJKV1QiLCJhbGciOiJIUzI1NiJ9.eyJzdWIiOiJ1c2VyIiwiaWF0IjoxNzQ1MTM0NTE4LCJleHAiOjE3NDUyMjA5MTgsInVzZXJJZCI6IjYyIn0.YdV7W0bnW0TmCWS2L7eLZ87KKslokSyjJB-YiW2ovMI,62
16:07:00.024 [http-nio-8080-exec-41] INFO  c.h.w.a.UserLoginInterceptor - [preHandle,40] - accessToken:eyJ0eXAiOiJKV1QiLCJhbGciOiJIUzI1NiJ9.eyJzdWIiOiJ1c2VyIiwiaWF0IjoxNzQ1MTM0NTE4LCJleHAiOjE3NDUyMjA5MTgsInVzZXJJZCI6IjYyIn0.YdV7W0bnW0TmCWS2L7eLZ87KKslokSyjJB-YiW2ovMI,62
16:07:03.109 [http-nio-8080-exec-47] INFO  c.h.w.a.UserLoginInterceptor - [preHandle,40] - accessToken:eyJ0eXAiOiJKV1QiLCJhbGciOiJIUzI1NiJ9.eyJzdWIiOiJ1c2VyIiwiaWF0IjoxNzQ1MTM0NTE4LCJleHAiOjE3NDUyMjA5MTgsInVzZXJJZCI6IjYyIn0.YdV7W0bnW0TmCWS2L7eLZ87KKslokSyjJB-YiW2ovMI,62
16:07:03.349 [http-nio-8080-exec-42] INFO  c.h.w.a.UserLoginInterceptor - [preHandle,40] - accessToken:eyJ0eXAiOiJKV1QiLCJhbGciOiJIUzI1NiJ9.eyJzdWIiOiJ1c2VyIiwiaWF0IjoxNzQ1MTM0NTE4LCJleHAiOjE3NDUyMjA5MTgsInVzZXJJZCI6IjYyIn0.YdV7W0bnW0TmCWS2L7eLZ87KKslokSyjJB-YiW2ovMI,62
16:07:03.620 [http-nio-8080-exec-44] INFO  c.h.w.a.UserLoginInterceptor - [preHandle,40] - accessToken:eyJ0eXAiOiJKV1QiLCJhbGciOiJIUzI1NiJ9.eyJzdWIiOiJ1c2VyIiwiaWF0IjoxNzQ1MTM0NTE4LCJleHAiOjE3NDUyMjA5MTgsInVzZXJJZCI6IjYyIn0.YdV7W0bnW0TmCWS2L7eLZ87KKslokSyjJB-YiW2ovMI,62
16:07:04.011 [http-nio-8080-exec-46] INFO  c.h.w.a.UserLoginInterceptor - [preHandle,40] - accessToken:eyJ0eXAiOiJKV1QiLCJhbGciOiJIUzI1NiJ9.eyJzdWIiOiJ1c2VyIiwiaWF0IjoxNzQ1MTM0NTE4LCJleHAiOjE3NDUyMjA5MTgsInVzZXJJZCI6IjYyIn0.YdV7W0bnW0TmCWS2L7eLZ87KKslokSyjJB-YiW2ovMI,62
16:07:04.019 [http-nio-8080-exec-43] INFO  c.h.w.a.UserLoginInterceptor - [preHandle,40] - accessToken:eyJ0eXAiOiJKV1QiLCJhbGciOiJIUzI1NiJ9.eyJzdWIiOiJ1c2VyIiwiaWF0IjoxNzQ1MTM0NTE4LCJleHAiOjE3NDUyMjA5MTgsInVzZXJJZCI6IjYyIn0.YdV7W0bnW0TmCWS2L7eLZ87KKslokSyjJB-YiW2ovMI,62
16:07:05.875 [http-nio-8080-exec-52] INFO  c.h.w.a.UserLoginInterceptor - [preHandle,40] - accessToken:eyJ0eXAiOiJKV1QiLCJhbGciOiJIUzI1NiJ9.eyJzdWIiOiJ1c2VyIiwiaWF0IjoxNzQ1MTM0NTE4LCJleHAiOjE3NDUyMjA5MTgsInVzZXJJZCI6IjYyIn0.YdV7W0bnW0TmCWS2L7eLZ87KKslokSyjJB-YiW2ovMI,62
16:07:05.875 [http-nio-8080-exec-45] INFO  c.h.w.a.UserLoginInterceptor - [preHandle,40] - accessToken:eyJ0eXAiOiJKV1QiLCJhbGciOiJIUzI1NiJ9.eyJzdWIiOiJ1c2VyIiwiaWF0IjoxNzQ1MTM0NTE4LCJleHAiOjE3NDUyMjA5MTgsInVzZXJJZCI6IjYyIn0.YdV7W0bnW0TmCWS2L7eLZ87KKslokSyjJB-YiW2ovMI,62
16:07:07.498 [http-nio-8080-exec-50] INFO  c.h.w.a.UserLoginInterceptor - [preHandle,40] - accessToken:eyJ0eXAiOiJKV1QiLCJhbGciOiJIUzI1NiJ9.eyJzdWIiOiJ1c2VyIiwiaWF0IjoxNzQ1MTM0NTE4LCJleHAiOjE3NDUyMjA5MTgsInVzZXJJZCI6IjYyIn0.YdV7W0bnW0TmCWS2L7eLZ87KKslokSyjJB-YiW2ovMI,62
16:07:07.498 [http-nio-8080-exec-51] INFO  c.h.w.a.UserLoginInterceptor - [preHandle,40] - accessToken:eyJ0eXAiOiJKV1QiLCJhbGciOiJIUzI1NiJ9.eyJzdWIiOiJ1c2VyIiwiaWF0IjoxNzQ1MTM0NTE4LCJleHAiOjE3NDUyMjA5MTgsInVzZXJJZCI6IjYyIn0.YdV7W0bnW0TmCWS2L7eLZ87KKslokSyjJB-YiW2ovMI,62
16:07:09.477 [http-nio-8080-exec-53] INFO  c.h.w.a.UserLoginInterceptor - [preHandle,40] - accessToken:eyJ0eXAiOiJKV1QiLCJhbGciOiJIUzI1NiJ9.eyJzdWIiOiJ1c2VyIiwiaWF0IjoxNzQ1MTM0NTE4LCJleHAiOjE3NDUyMjA5MTgsInVzZXJJZCI6IjYyIn0.YdV7W0bnW0TmCWS2L7eLZ87KKslokSyjJB-YiW2ovMI,62
16:07:09.497 [http-nio-8080-exec-54] INFO  c.h.w.a.UserLoginInterceptor - [preHandle,40] - accessToken:eyJ0eXAiOiJKV1QiLCJhbGciOiJIUzI1NiJ9.eyJzdWIiOiJ1c2VyIiwiaWF0IjoxNzQ1MTM0NTE4LCJleHAiOjE3NDUyMjA5MTgsInVzZXJJZCI6IjYyIn0.YdV7W0bnW0TmCWS2L7eLZ87KKslokSyjJB-YiW2ovMI,62
16:07:16.685 [http-nio-8080-exec-58] INFO  c.h.w.w.WebSocketServer - [onClose,78] - 62断开webSocket连接！当前人数为=1
16:07:16.685 [http-nio-8080-exec-57] INFO  c.h.w.w.WebSocketServer - [onClose,78] - 62断开webSocket连接！当前人数为=2
16:07:16.685 [http-nio-8080-exec-55] INFO  c.h.w.w.WebSocketServer - [onClose,78] - 62断开webSocket连接！当前人数为=2
16:07:16.685 [http-nio-8080-exec-56] INFO  c.h.w.w.WebSocketServer - [onClose,78] - 62断开webSocket连接！当前人数为=0
16:07:16.811 [http-nio-8080-exec-59] INFO  c.h.w.w.WebSocketServer - [onOpen,70] - 62加入webSocket！当前人数为=1
16:07:16.834 [http-nio-8080-exec-60] INFO  c.h.w.a.UserLoginInterceptor - [preHandle,40] - accessToken:eyJ0eXAiOiJKV1QiLCJhbGciOiJIUzI1NiJ9.eyJzdWIiOiJ1c2VyIiwiaWF0IjoxNzQ1MTM0NTE4LCJleHAiOjE3NDUyMjA5MTgsInVzZXJJZCI6IjYyIn0.YdV7W0bnW0TmCWS2L7eLZ87KKslokSyjJB-YiW2ovMI,62
16:07:16.834 [http-nio-8080-exec-63] INFO  c.h.w.a.UserLoginInterceptor - [preHandle,40] - accessToken:eyJ0eXAiOiJKV1QiLCJhbGciOiJIUzI1NiJ9.eyJzdWIiOiJ1c2VyIiwiaWF0IjoxNzQ1MTM0NTE4LCJleHAiOjE3NDUyMjA5MTgsInVzZXJJZCI6IjYyIn0.YdV7W0bnW0TmCWS2L7eLZ87KKslokSyjJB-YiW2ovMI,62
16:07:16.835 [http-nio-8080-exec-61] INFO  c.h.w.a.UserLoginInterceptor - [preHandle,40] - accessToken:eyJ0eXAiOiJKV1QiLCJhbGciOiJIUzI1NiJ9.eyJzdWIiOiJ1c2VyIiwiaWF0IjoxNzQ1MTM0NTE4LCJleHAiOjE3NDUyMjA5MTgsInVzZXJJZCI6IjYyIn0.YdV7W0bnW0TmCWS2L7eLZ87KKslokSyjJB-YiW2ovMI,62
16:07:16.846 [http-nio-8080-exec-62] INFO  c.h.w.a.UserLoginInterceptor - [preHandle,40] - accessToken:eyJ0eXAiOiJKV1QiLCJhbGciOiJIUzI1NiJ9.eyJzdWIiOiJ1c2VyIiwiaWF0IjoxNzQ1MTM0NTE4LCJleHAiOjE3NDUyMjA5MTgsInVzZXJJZCI6IjYyIn0.YdV7W0bnW0TmCWS2L7eLZ87KKslokSyjJB-YiW2ovMI,62
16:07:18.187 [http-nio-8080-exec-64] INFO  c.h.w.w.WebSocketServer - [onOpen,70] - 62加入webSocket！当前人数为=2
16:07:18.200 [http-nio-8080-exec-65] INFO  c.h.w.a.UserLoginInterceptor - [preHandle,40] - accessToken:eyJ0eXAiOiJKV1QiLCJhbGciOiJIUzI1NiJ9.eyJzdWIiOiJ1c2VyIiwiaWF0IjoxNzQ1MTM0NTE4LCJleHAiOjE3NDUyMjA5MTgsInVzZXJJZCI6IjYyIn0.YdV7W0bnW0TmCWS2L7eLZ87KKslokSyjJB-YiW2ovMI,62
16:07:18.200 [http-nio-8080-exec-66] INFO  c.h.w.a.UserLoginInterceptor - [preHandle,40] - accessToken:eyJ0eXAiOiJKV1QiLCJhbGciOiJIUzI1NiJ9.eyJzdWIiOiJ1c2VyIiwiaWF0IjoxNzQ1MTM0NTE4LCJleHAiOjE3NDUyMjA5MTgsInVzZXJJZCI6IjYyIn0.YdV7W0bnW0TmCWS2L7eLZ87KKslokSyjJB-YiW2ovMI,62
16:07:18.200 [http-nio-8080-exec-67] INFO  c.h.w.a.UserLoginInterceptor - [preHandle,40] - accessToken:eyJ0eXAiOiJKV1QiLCJhbGciOiJIUzI1NiJ9.eyJzdWIiOiJ1c2VyIiwiaWF0IjoxNzQ1MTM0NTE4LCJleHAiOjE3NDUyMjA5MTgsInVzZXJJZCI6IjYyIn0.YdV7W0bnW0TmCWS2L7eLZ87KKslokSyjJB-YiW2ovMI,62
16:07:18.200 [http-nio-8080-exec-69] INFO  c.h.w.a.UserLoginInterceptor - [preHandle,40] - accessToken:eyJ0eXAiOiJKV1QiLCJhbGciOiJIUzI1NiJ9.eyJzdWIiOiJ1c2VyIiwiaWF0IjoxNzQ1MTM0NTE4LCJleHAiOjE3NDUyMjA5MTgsInVzZXJJZCI6IjYyIn0.YdV7W0bnW0TmCWS2L7eLZ87KKslokSyjJB-YiW2ovMI,62
16:07:18.210 [http-nio-8080-exec-68] INFO  c.h.w.a.UserLoginInterceptor - [preHandle,40] - accessToken:eyJ0eXAiOiJKV1QiLCJhbGciOiJIUzI1NiJ9.eyJzdWIiOiJ1c2VyIiwiaWF0IjoxNzQ1MTM0NTE4LCJleHAiOjE3NDUyMjA5MTgsInVzZXJJZCI6IjYyIn0.YdV7W0bnW0TmCWS2L7eLZ87KKslokSyjJB-YiW2ovMI,62
16:07:19.845 [http-nio-8080-exec-70] INFO  c.h.w.a.UserLoginInterceptor - [preHandle,40] - accessToken:eyJ0eXAiOiJKV1QiLCJhbGciOiJIUzI1NiJ9.eyJzdWIiOiJ1c2VyIiwiaWF0IjoxNzQ1MTM0NTE4LCJleHAiOjE3NDUyMjA5MTgsInVzZXJJZCI6IjYyIn0.YdV7W0bnW0TmCWS2L7eLZ87KKslokSyjJB-YiW2ovMI,62
16:07:20.932 [http-nio-8080-exec-73] INFO  c.h.w.a.UserLoginInterceptor - [preHandle,40] - accessToken:eyJ0eXAiOiJKV1QiLCJhbGciOiJIUzI1NiJ9.eyJzdWIiOiJ1c2VyIiwiaWF0IjoxNzQ1MTM0NTE4LCJleHAiOjE3NDUyMjA5MTgsInVzZXJJZCI6IjYyIn0.YdV7W0bnW0TmCWS2L7eLZ87KKslokSyjJB-YiW2ovMI,62
16:07:21.599 [http-nio-8080-exec-72] INFO  c.h.w.a.UserLoginInterceptor - [preHandle,40] - accessToken:eyJ0eXAiOiJKV1QiLCJhbGciOiJIUzI1NiJ9.eyJzdWIiOiJ1c2VyIiwiaWF0IjoxNzQ1MTM0NTE4LCJleHAiOjE3NDUyMjA5MTgsInVzZXJJZCI6IjYyIn0.YdV7W0bnW0TmCWS2L7eLZ87KKslokSyjJB-YiW2ovMI,62
16:07:22.555 [http-nio-8080-exec-71] INFO  c.h.w.a.UserLoginInterceptor - [preHandle,40] - accessToken:eyJ0eXAiOiJKV1QiLCJhbGciOiJIUzI1NiJ9.eyJzdWIiOiJ1c2VyIiwiaWF0IjoxNzQ1MTM0NTE4LCJleHAiOjE3NDUyMjA5MTgsInVzZXJJZCI6IjYyIn0.YdV7W0bnW0TmCWS2L7eLZ87KKslokSyjJB-YiW2ovMI,62
16:07:23.743 [http-nio-8080-exec-74] INFO  c.h.w.a.UserLoginInterceptor - [preHandle,40] - accessToken:eyJ0eXAiOiJKV1QiLCJhbGciOiJIUzI1NiJ9.eyJzdWIiOiJ1c2VyIiwiaWF0IjoxNzQ1MTM0NTE4LCJleHAiOjE3NDUyMjA5MTgsInVzZXJJZCI6IjYyIn0.YdV7W0bnW0TmCWS2L7eLZ87KKslokSyjJB-YiW2ovMI,62
16:07:23.744 [http-nio-8080-exec-75] INFO  c.h.w.a.UserLoginInterceptor - [preHandle,40] - accessToken:eyJ0eXAiOiJKV1QiLCJhbGciOiJIUzI1NiJ9.eyJzdWIiOiJ1c2VyIiwiaWF0IjoxNzQ1MTM0NTE4LCJleHAiOjE3NDUyMjA5MTgsInVzZXJJZCI6IjYyIn0.YdV7W0bnW0TmCWS2L7eLZ87KKslokSyjJB-YiW2ovMI,62
16:07:23.790 [http-nio-8080-exec-79] INFO  c.h.w.a.UserLoginInterceptor - [preHandle,40] - accessToken:eyJ0eXAiOiJKV1QiLCJhbGciOiJIUzI1NiJ9.eyJzdWIiOiJ1c2VyIiwiaWF0IjoxNzQ1MTM0NTE4LCJleHAiOjE3NDUyMjA5MTgsInVzZXJJZCI6IjYyIn0.YdV7W0bnW0TmCWS2L7eLZ87KKslokSyjJB-YiW2ovMI,62
16:07:23.910 [http-nio-8080-exec-76] INFO  c.h.w.a.UserLoginInterceptor - [preHandle,40] - accessToken:eyJ0eXAiOiJKV1QiLCJhbGciOiJIUzI1NiJ9.eyJzdWIiOiJ1c2VyIiwiaWF0IjoxNzQ1MTM0NTE4LCJleHAiOjE3NDUyMjA5MTgsInVzZXJJZCI6IjYyIn0.YdV7W0bnW0TmCWS2L7eLZ87KKslokSyjJB-YiW2ovMI,62
16:07:24.214 [http-nio-8080-exec-77] INFO  c.h.w.a.UserLoginInterceptor - [preHandle,40] - accessToken:eyJ0eXAiOiJKV1QiLCJhbGciOiJIUzI1NiJ9.eyJzdWIiOiJ1c2VyIiwiaWF0IjoxNzQ1MTM0NTE4LCJleHAiOjE3NDUyMjA5MTgsInVzZXJJZCI6IjYyIn0.YdV7W0bnW0TmCWS2L7eLZ87KKslokSyjJB-YiW2ovMI,62
16:07:24.298 [http-nio-8080-exec-78] INFO  c.h.w.a.UserLoginInterceptor - [preHandle,40] - accessToken:eyJ0eXAiOiJKV1QiLCJhbGciOiJIUzI1NiJ9.eyJzdWIiOiJ1c2VyIiwiaWF0IjoxNzQ1MTM0NTE4LCJleHAiOjE3NDUyMjA5MTgsInVzZXJJZCI6IjYyIn0.YdV7W0bnW0TmCWS2L7eLZ87KKslokSyjJB-YiW2ovMI,62
16:07:25.425 [http-nio-8080-exec-80] INFO  c.h.w.a.UserLoginInterceptor - [preHandle,40] - accessToken:eyJ0eXAiOiJKV1QiLCJhbGciOiJIUzI1NiJ9.eyJzdWIiOiJ1c2VyIiwiaWF0IjoxNzQ1MTM0NTE4LCJleHAiOjE3NDUyMjA5MTgsInVzZXJJZCI6IjYyIn0.YdV7W0bnW0TmCWS2L7eLZ87KKslokSyjJB-YiW2ovMI,62
16:07:25.569 [http-nio-8080-exec-81] INFO  c.h.w.a.UserLoginInterceptor - [preHandle,40] - accessToken:eyJ0eXAiOiJKV1QiLCJhbGciOiJIUzI1NiJ9.eyJzdWIiOiJ1c2VyIiwiaWF0IjoxNzQ1MTM0NTE4LCJleHAiOjE3NDUyMjA5MTgsInVzZXJJZCI6IjYyIn0.YdV7W0bnW0TmCWS2L7eLZ87KKslokSyjJB-YiW2ovMI,62
16:07:25.701 [http-nio-8080-exec-82] INFO  c.h.w.a.UserLoginInterceptor - [preHandle,40] - accessToken:eyJ0eXAiOiJKV1QiLCJhbGciOiJIUzI1NiJ9.eyJzdWIiOiJ1c2VyIiwiaWF0IjoxNzQ1MTM0NTE4LCJleHAiOjE3NDUyMjA5MTgsInVzZXJJZCI6IjYyIn0.YdV7W0bnW0TmCWS2L7eLZ87KKslokSyjJB-YiW2ovMI,62
16:07:25.838 [http-nio-8080-exec-86] INFO  c.h.w.a.UserLoginInterceptor - [preHandle,40] - accessToken:eyJ0eXAiOiJKV1QiLCJhbGciOiJIUzI1NiJ9.eyJzdWIiOiJ1c2VyIiwiaWF0IjoxNzQ1MTM0NTE4LCJleHAiOjE3NDUyMjA5MTgsInVzZXJJZCI6IjYyIn0.YdV7W0bnW0TmCWS2L7eLZ87KKslokSyjJB-YiW2ovMI,62
16:07:27.739 [http-nio-8080-exec-83] INFO  c.h.w.a.UserLoginInterceptor - [preHandle,40] - accessToken:eyJ0eXAiOiJKV1QiLCJhbGciOiJIUzI1NiJ9.eyJzdWIiOiJ1c2VyIiwiaWF0IjoxNzQ1MTM0NTE4LCJleHAiOjE3NDUyMjA5MTgsInVzZXJJZCI6IjYyIn0.YdV7W0bnW0TmCWS2L7eLZ87KKslokSyjJB-YiW2ovMI,62
16:07:33.995 [http-nio-8080-exec-84] INFO  c.h.w.a.UserLoginInterceptor - [preHandle,40] - accessToken:eyJ0eXAiOiJKV1QiLCJhbGciOiJIUzI1NiJ9.eyJzdWIiOiJ1c2VyIiwiaWF0IjoxNzQ1MTM0NTE4LCJleHAiOjE3NDUyMjA5MTgsInVzZXJJZCI6IjYyIn0.YdV7W0bnW0TmCWS2L7eLZ87KKslokSyjJB-YiW2ovMI,62
16:07:34.029 [http-nio-8080-exec-85] INFO  c.h.w.a.UserLoginInterceptor - [preHandle,40] - accessToken:eyJ0eXAiOiJKV1QiLCJhbGciOiJIUzI1NiJ9.eyJzdWIiOiJ1c2VyIiwiaWF0IjoxNzQ1MTM0NTE4LCJleHAiOjE3NDUyMjA5MTgsInVzZXJJZCI6IjYyIn0.YdV7W0bnW0TmCWS2L7eLZ87KKslokSyjJB-YiW2ovMI,62
16:07:34.107 [http-nio-8080-exec-87] INFO  c.h.w.a.UserLoginInterceptor - [preHandle,40] - accessToken:eyJ0eXAiOiJKV1QiLCJhbGciOiJIUzI1NiJ9.eyJzdWIiOiJ1c2VyIiwiaWF0IjoxNzQ1MTM0NTE4LCJleHAiOjE3NDUyMjA5MTgsInVzZXJJZCI6IjYyIn0.YdV7W0bnW0TmCWS2L7eLZ87KKslokSyjJB-YiW2ovMI,62
16:07:34.364 [http-nio-8080-exec-88] INFO  c.h.w.a.UserLoginInterceptor - [preHandle,40] - accessToken:eyJ0eXAiOiJKV1QiLCJhbGciOiJIUzI1NiJ9.eyJzdWIiOiJ1c2VyIiwiaWF0IjoxNzQ1MTM0NTE4LCJleHAiOjE3NDUyMjA5MTgsInVzZXJJZCI6IjYyIn0.YdV7W0bnW0TmCWS2L7eLZ87KKslokSyjJB-YiW2ovMI,62
16:07:35.875 [http-nio-8080-exec-89] INFO  c.h.w.a.UserLoginInterceptor - [preHandle,40] - accessToken:eyJ0eXAiOiJKV1QiLCJhbGciOiJIUzI1NiJ9.eyJzdWIiOiJ1c2VyIiwiaWF0IjoxNzQ1MTM0NTE4LCJleHAiOjE3NDUyMjA5MTgsInVzZXJJZCI6IjYyIn0.YdV7W0bnW0TmCWS2L7eLZ87KKslokSyjJB-YiW2ovMI,62
16:07:36.058 [http-nio-8080-exec-91] INFO  c.h.w.a.UserLoginInterceptor - [preHandle,40] - accessToken:eyJ0eXAiOiJKV1QiLCJhbGciOiJIUzI1NiJ9.eyJzdWIiOiJ1c2VyIiwiaWF0IjoxNzQ1MTM0NTE4LCJleHAiOjE3NDUyMjA5MTgsInVzZXJJZCI6IjYyIn0.YdV7W0bnW0TmCWS2L7eLZ87KKslokSyjJB-YiW2ovMI,62
16:07:36.197 [http-nio-8080-exec-92] INFO  c.h.w.a.UserLoginInterceptor - [preHandle,40] - accessToken:eyJ0eXAiOiJKV1QiLCJhbGciOiJIUzI1NiJ9.eyJzdWIiOiJ1c2VyIiwiaWF0IjoxNzQ1MTM0NTE4LCJleHAiOjE3NDUyMjA5MTgsInVzZXJJZCI6IjYyIn0.YdV7W0bnW0TmCWS2L7eLZ87KKslokSyjJB-YiW2ovMI,62
16:07:42.053 [http-nio-8080-exec-90] INFO  c.h.w.a.UserLoginInterceptor - [preHandle,40] - accessToken:eyJ0eXAiOiJKV1QiLCJhbGciOiJIUzI1NiJ9.eyJzdWIiOiJ1c2VyIiwiaWF0IjoxNzQ1MTM0NTE4LCJleHAiOjE3NDUyMjA5MTgsInVzZXJJZCI6IjYyIn0.YdV7W0bnW0TmCWS2L7eLZ87KKslokSyjJB-YiW2ovMI,62
16:07:42.224 [http-nio-8080-exec-93] INFO  c.h.w.a.UserLoginInterceptor - [preHandle,40] - accessToken:eyJ0eXAiOiJKV1QiLCJhbGciOiJIUzI1NiJ9.eyJzdWIiOiJ1c2VyIiwiaWF0IjoxNzQ1MTM0NTE4LCJleHAiOjE3NDUyMjA5MTgsInVzZXJJZCI6IjYyIn0.YdV7W0bnW0TmCWS2L7eLZ87KKslokSyjJB-YiW2ovMI,62
16:07:42.327 [http-nio-8080-exec-94] INFO  c.h.w.a.UserLoginInterceptor - [preHandle,40] - accessToken:eyJ0eXAiOiJKV1QiLCJhbGciOiJIUzI1NiJ9.eyJzdWIiOiJ1c2VyIiwiaWF0IjoxNzQ1MTM0NTE4LCJleHAiOjE3NDUyMjA5MTgsInVzZXJJZCI6IjYyIn0.YdV7W0bnW0TmCWS2L7eLZ87KKslokSyjJB-YiW2ovMI,62
16:07:42.372 [http-nio-8080-exec-95] INFO  c.h.w.a.UserLoginInterceptor - [preHandle,40] - accessToken:eyJ0eXAiOiJKV1QiLCJhbGciOiJIUzI1NiJ9.eyJzdWIiOiJ1c2VyIiwiaWF0IjoxNzQ1MTM0NTE4LCJleHAiOjE3NDUyMjA5MTgsInVzZXJJZCI6IjYyIn0.YdV7W0bnW0TmCWS2L7eLZ87KKslokSyjJB-YiW2ovMI,62
16:07:42.508 [http-nio-8080-exec-97] INFO  c.h.w.a.UserLoginInterceptor - [preHandle,40] - accessToken:eyJ0eXAiOiJKV1QiLCJhbGciOiJIUzI1NiJ9.eyJzdWIiOiJ1c2VyIiwiaWF0IjoxNzQ1MTM0NTE4LCJleHAiOjE3NDUyMjA5MTgsInVzZXJJZCI6IjYyIn0.YdV7W0bnW0TmCWS2L7eLZ87KKslokSyjJB-YiW2ovMI,62
16:07:42.639 [http-nio-8080-exec-96] INFO  c.h.w.a.UserLoginInterceptor - [preHandle,40] - accessToken:eyJ0eXAiOiJKV1QiLCJhbGciOiJIUzI1NiJ9.eyJzdWIiOiJ1c2VyIiwiaWF0IjoxNzQ1MTM0NTE4LCJleHAiOjE3NDUyMjA5MTgsInVzZXJJZCI6IjYyIn0.YdV7W0bnW0TmCWS2L7eLZ87KKslokSyjJB-YiW2ovMI,62
16:07:43.039 [http-nio-8080-exec-98] INFO  c.h.w.a.UserLoginInterceptor - [preHandle,40] - accessToken:eyJ0eXAiOiJKV1QiLCJhbGciOiJIUzI1NiJ9.eyJzdWIiOiJ1c2VyIiwiaWF0IjoxNzQ1MTM0NTE4LCJleHAiOjE3NDUyMjA5MTgsInVzZXJJZCI6IjYyIn0.YdV7W0bnW0TmCWS2L7eLZ87KKslokSyjJB-YiW2ovMI,62
16:07:43.047 [http-nio-8080-exec-99] INFO  c.h.w.a.UserLoginInterceptor - [preHandle,40] - accessToken:eyJ0eXAiOiJKV1QiLCJhbGciOiJIUzI1NiJ9.eyJzdWIiOiJ1c2VyIiwiaWF0IjoxNzQ1MTM0NTE4LCJleHAiOjE3NDUyMjA5MTgsInVzZXJJZCI6IjYyIn0.YdV7W0bnW0TmCWS2L7eLZ87KKslokSyjJB-YiW2ovMI,62
16:07:47.786 [http-nio-8080-exec-3] INFO  c.h.w.a.UserLoginInterceptor - [preHandle,40] - accessToken:eyJ0eXAiOiJKV1QiLCJhbGciOiJIUzI1NiJ9.eyJzdWIiOiJ1c2VyIiwiaWF0IjoxNzQ1MTM0NTE4LCJleHAiOjE3NDUyMjA5MTgsInVzZXJJZCI6IjYyIn0.YdV7W0bnW0TmCWS2L7eLZ87KKslokSyjJB-YiW2ovMI,62
16:07:47.786 [http-nio-8080-exec-2] INFO  c.h.w.a.UserLoginInterceptor - [preHandle,40] - accessToken:eyJ0eXAiOiJKV1QiLCJhbGciOiJIUzI1NiJ9.eyJzdWIiOiJ1c2VyIiwiaWF0IjoxNzQ1MTM0NTE4LCJleHAiOjE3NDUyMjA5MTgsInVzZXJJZCI6IjYyIn0.YdV7W0bnW0TmCWS2L7eLZ87KKslokSyjJB-YiW2ovMI,62
16:07:54.230 [http-nio-8080-exec-5] INFO  c.h.w.a.UserLoginInterceptor - [preHandle,40] - accessToken:eyJ0eXAiOiJKV1QiLCJhbGciOiJIUzI1NiJ9.eyJzdWIiOiJ1c2VyIiwiaWF0IjoxNzQ1MTM0NTE4LCJleHAiOjE3NDUyMjA5MTgsInVzZXJJZCI6IjYyIn0.YdV7W0bnW0TmCWS2L7eLZ87KKslokSyjJB-YiW2ovMI,62
16:07:55.254 [http-nio-8080-exec-6] INFO  c.h.w.a.UserLoginInterceptor - [preHandle,40] - accessToken:eyJ0eXAiOiJKV1QiLCJhbGciOiJIUzI1NiJ9.eyJzdWIiOiJ1c2VyIiwiaWF0IjoxNzQ1MTM0NTE4LCJleHAiOjE3NDUyMjA5MTgsInVzZXJJZCI6IjYyIn0.YdV7W0bnW0TmCWS2L7eLZ87KKslokSyjJB-YiW2ovMI,62
16:07:57.655 [http-nio-8080-exec-8] INFO  c.h.w.a.UserLoginInterceptor - [preHandle,40] - accessToken:eyJ0eXAiOiJKV1QiLCJhbGciOiJIUzI1NiJ9.eyJzdWIiOiJ1c2VyIiwiaWF0IjoxNzQ1MTM0NTE4LCJleHAiOjE3NDUyMjA5MTgsInVzZXJJZCI6IjYyIn0.YdV7W0bnW0TmCWS2L7eLZ87KKslokSyjJB-YiW2ovMI,62
16:07:57.655 [http-nio-8080-exec-9] INFO  c.h.w.a.UserLoginInterceptor - [preHandle,40] - accessToken:eyJ0eXAiOiJKV1QiLCJhbGciOiJIUzI1NiJ9.eyJzdWIiOiJ1c2VyIiwiaWF0IjoxNzQ1MTM0NTE4LCJleHAiOjE3NDUyMjA5MTgsInVzZXJJZCI6IjYyIn0.YdV7W0bnW0TmCWS2L7eLZ87KKslokSyjJB-YiW2ovMI,62
16:08:04.033 [http-nio-8080-exec-12] INFO  c.h.w.w.WebSocketServer - [onClose,78] - 62断开webSocket连接！当前人数为=0
16:08:04.033 [http-nio-8080-exec-14] INFO  c.h.w.w.WebSocketServer - [onClose,78] - 62断开webSocket连接！当前人数为=0
16:08:04.168 [http-nio-8080-exec-15] INFO  c.h.w.w.WebSocketServer - [onOpen,70] - 62加入webSocket！当前人数为=1
16:08:04.195 [http-nio-8080-exec-17] INFO  c.h.w.a.UserLoginInterceptor - [preHandle,40] - accessToken:eyJ0eXAiOiJKV1QiLCJhbGciOiJIUzI1NiJ9.eyJzdWIiOiJ1c2VyIiwiaWF0IjoxNzQ1MTM0NTE4LCJleHAiOjE3NDUyMjA5MTgsInVzZXJJZCI6IjYyIn0.YdV7W0bnW0TmCWS2L7eLZ87KKslokSyjJB-YiW2ovMI,62
16:08:04.195 [http-nio-8080-exec-16] INFO  c.h.w.a.UserLoginInterceptor - [preHandle,40] - accessToken:eyJ0eXAiOiJKV1QiLCJhbGciOiJIUzI1NiJ9.eyJzdWIiOiJ1c2VyIiwiaWF0IjoxNzQ1MTM0NTE4LCJleHAiOjE3NDUyMjA5MTgsInVzZXJJZCI6IjYyIn0.YdV7W0bnW0TmCWS2L7eLZ87KKslokSyjJB-YiW2ovMI,62
16:08:04.195 [http-nio-8080-exec-11] INFO  c.h.w.a.UserLoginInterceptor - [preHandle,40] - accessToken:eyJ0eXAiOiJKV1QiLCJhbGciOiJIUzI1NiJ9.eyJzdWIiOiJ1c2VyIiwiaWF0IjoxNzQ1MTM0NTE4LCJleHAiOjE3NDUyMjA5MTgsInVzZXJJZCI6IjYyIn0.YdV7W0bnW0TmCWS2L7eLZ87KKslokSyjJB-YiW2ovMI,62
16:08:04.195 [http-nio-8080-exec-13] INFO  c.h.w.a.UserLoginInterceptor - [preHandle,40] - accessToken:eyJ0eXAiOiJKV1QiLCJhbGciOiJIUzI1NiJ9.eyJzdWIiOiJ1c2VyIiwiaWF0IjoxNzQ1MTM0NTE4LCJleHAiOjE3NDUyMjA5MTgsInVzZXJJZCI6IjYyIn0.YdV7W0bnW0TmCWS2L7eLZ87KKslokSyjJB-YiW2ovMI,62
16:08:04.205 [http-nio-8080-exec-18] INFO  c.h.w.a.UserLoginInterceptor - [preHandle,40] - accessToken:eyJ0eXAiOiJKV1QiLCJhbGciOiJIUzI1NiJ9.eyJzdWIiOiJ1c2VyIiwiaWF0IjoxNzQ1MTM0NTE4LCJleHAiOjE3NDUyMjA5MTgsInVzZXJJZCI6IjYyIn0.YdV7W0bnW0TmCWS2L7eLZ87KKslokSyjJB-YiW2ovMI,62
16:08:06.094 [http-nio-8080-exec-22] INFO  c.h.w.a.UserLoginInterceptor - [preHandle,40] - accessToken:eyJ0eXAiOiJKV1QiLCJhbGciOiJIUzI1NiJ9.eyJzdWIiOiJ1c2VyIiwiaWF0IjoxNzQ1MTM0NTE4LCJleHAiOjE3NDUyMjA5MTgsInVzZXJJZCI6IjYyIn0.YdV7W0bnW0TmCWS2L7eLZ87KKslokSyjJB-YiW2ovMI,62
16:08:07.039 [http-nio-8080-exec-23] INFO  c.h.w.a.UserLoginInterceptor - [preHandle,40] - accessToken:eyJ0eXAiOiJKV1QiLCJhbGciOiJIUzI1NiJ9.eyJzdWIiOiJ1c2VyIiwiaWF0IjoxNzQ1MTM0NTE4LCJleHAiOjE3NDUyMjA5MTgsInVzZXJJZCI6IjYyIn0.YdV7W0bnW0TmCWS2L7eLZ87KKslokSyjJB-YiW2ovMI,62
16:08:07.039 [http-nio-8080-exec-19] INFO  c.h.w.a.UserLoginInterceptor - [preHandle,40] - accessToken:eyJ0eXAiOiJKV1QiLCJhbGciOiJIUzI1NiJ9.eyJzdWIiOiJ1c2VyIiwiaWF0IjoxNzQ1MTM0NTE4LCJleHAiOjE3NDUyMjA5MTgsInVzZXJJZCI6IjYyIn0.YdV7W0bnW0TmCWS2L7eLZ87KKslokSyjJB-YiW2ovMI,62
16:08:07.056 [http-nio-8080-exec-24] INFO  c.h.w.w.WebSocketServer - [onOpen,70] - 62加入webSocket！当前人数为=2
16:08:07.068 [http-nio-8080-exec-28] INFO  c.h.w.a.UserLoginInterceptor - [preHandle,40] - accessToken:eyJ0eXAiOiJKV1QiLCJhbGciOiJIUzI1NiJ9.eyJzdWIiOiJ1c2VyIiwiaWF0IjoxNzQ1MTM0NTE4LCJleHAiOjE3NDUyMjA5MTgsInVzZXJJZCI6IjYyIn0.YdV7W0bnW0TmCWS2L7eLZ87KKslokSyjJB-YiW2ovMI,62
16:08:07.068 [http-nio-8080-exec-25] INFO  c.h.w.a.UserLoginInterceptor - [preHandle,40] - accessToken:eyJ0eXAiOiJKV1QiLCJhbGciOiJIUzI1NiJ9.eyJzdWIiOiJ1c2VyIiwiaWF0IjoxNzQ1MTM0NTE4LCJleHAiOjE3NDUyMjA5MTgsInVzZXJJZCI6IjYyIn0.YdV7W0bnW0TmCWS2L7eLZ87KKslokSyjJB-YiW2ovMI,62
16:08:07.068 [http-nio-8080-exec-29] INFO  c.h.w.a.UserLoginInterceptor - [preHandle,40] - accessToken:eyJ0eXAiOiJKV1QiLCJhbGciOiJIUzI1NiJ9.eyJzdWIiOiJ1c2VyIiwiaWF0IjoxNzQ1MTM0NTE4LCJleHAiOjE3NDUyMjA5MTgsInVzZXJJZCI6IjYyIn0.YdV7W0bnW0TmCWS2L7eLZ87KKslokSyjJB-YiW2ovMI,62
16:08:07.068 [http-nio-8080-exec-26] INFO  c.h.w.a.UserLoginInterceptor - [preHandle,40] - accessToken:eyJ0eXAiOiJKV1QiLCJhbGciOiJIUzI1NiJ9.eyJzdWIiOiJ1c2VyIiwiaWF0IjoxNzQ1MTM0NTE4LCJleHAiOjE3NDUyMjA5MTgsInVzZXJJZCI6IjYyIn0.YdV7W0bnW0TmCWS2L7eLZ87KKslokSyjJB-YiW2ovMI,62
16:08:07.078 [http-nio-8080-exec-30] INFO  c.h.w.a.UserLoginInterceptor - [preHandle,40] - accessToken:eyJ0eXAiOiJKV1QiLCJhbGciOiJIUzI1NiJ9.eyJzdWIiOiJ1c2VyIiwiaWF0IjoxNzQ1MTM0NTE4LCJleHAiOjE3NDUyMjA5MTgsInVzZXJJZCI6IjYyIn0.YdV7W0bnW0TmCWS2L7eLZ87KKslokSyjJB-YiW2ovMI,62
16:08:08.942 [http-nio-8080-exec-27] INFO  c.h.w.a.UserLoginInterceptor - [preHandle,40] - accessToken:eyJ0eXAiOiJKV1QiLCJhbGciOiJIUzI1NiJ9.eyJzdWIiOiJ1c2VyIiwiaWF0IjoxNzQ1MTM0NTE4LCJleHAiOjE3NDUyMjA5MTgsInVzZXJJZCI6IjYyIn0.YdV7W0bnW0TmCWS2L7eLZ87KKslokSyjJB-YiW2ovMI,62
16:08:09.958 [http-nio-8080-exec-33] INFO  c.h.w.a.UserLoginInterceptor - [preHandle,40] - accessToken:eyJ0eXAiOiJKV1QiLCJhbGciOiJIUzI1NiJ9.eyJzdWIiOiJ1c2VyIiwiaWF0IjoxNzQ1MTM0NTE4LCJleHAiOjE3NDUyMjA5MTgsInVzZXJJZCI6IjYyIn0.YdV7W0bnW0TmCWS2L7eLZ87KKslokSyjJB-YiW2ovMI,62
16:08:10.906 [http-nio-8080-exec-31] INFO  c.h.w.a.UserLoginInterceptor - [preHandle,40] - accessToken:eyJ0eXAiOiJKV1QiLCJhbGciOiJIUzI1NiJ9.eyJzdWIiOiJ1c2VyIiwiaWF0IjoxNzQ1MTM0NTE4LCJleHAiOjE3NDUyMjA5MTgsInVzZXJJZCI6IjYyIn0.YdV7W0bnW0TmCWS2L7eLZ87KKslokSyjJB-YiW2ovMI,62
16:08:12.454 [http-nio-8080-exec-34] INFO  c.h.w.a.UserLoginInterceptor - [preHandle,40] - accessToken:eyJ0eXAiOiJKV1QiLCJhbGciOiJIUzI1NiJ9.eyJzdWIiOiJ1c2VyIiwiaWF0IjoxNzQ1MTM0NTE4LCJleHAiOjE3NDUyMjA5MTgsInVzZXJJZCI6IjYyIn0.YdV7W0bnW0TmCWS2L7eLZ87KKslokSyjJB-YiW2ovMI,62
16:08:15.552 [http-nio-8080-exec-32] INFO  c.h.w.a.UserLoginInterceptor - [preHandle,40] - accessToken:eyJ0eXAiOiJKV1QiLCJhbGciOiJIUzI1NiJ9.eyJzdWIiOiJ1c2VyIiwiaWF0IjoxNzQ1MTM0NTE4LCJleHAiOjE3NDUyMjA5MTgsInVzZXJJZCI6IjYyIn0.YdV7W0bnW0TmCWS2L7eLZ87KKslokSyjJB-YiW2ovMI,62
16:08:41.460 [http-nio-8080-exec-35] INFO  c.h.w.a.UserLoginInterceptor - [preHandle,40] - accessToken:eyJ0eXAiOiJKV1QiLCJhbGciOiJIUzI1NiJ9.eyJzdWIiOiJ1c2VyIiwiaWF0IjoxNzQ1MTM0NTE4LCJleHAiOjE3NDUyMjA5MTgsInVzZXJJZCI6IjYyIn0.YdV7W0bnW0TmCWS2L7eLZ87KKslokSyjJB-YiW2ovMI,62
16:08:42.451 [http-nio-8080-exec-40] INFO  c.h.w.a.UserLoginInterceptor - [preHandle,40] - accessToken:eyJ0eXAiOiJKV1QiLCJhbGciOiJIUzI1NiJ9.eyJzdWIiOiJ1c2VyIiwiaWF0IjoxNzQ1MTM0NTE4LCJleHAiOjE3NDUyMjA5MTgsInVzZXJJZCI6IjYyIn0.YdV7W0bnW0TmCWS2L7eLZ87KKslokSyjJB-YiW2ovMI,62
16:08:43.069 [http-nio-8080-exec-37] INFO  c.h.w.a.UserLoginInterceptor - [preHandle,40] - accessToken:eyJ0eXAiOiJKV1QiLCJhbGciOiJIUzI1NiJ9.eyJzdWIiOiJ1c2VyIiwiaWF0IjoxNzQ1MTM0NTE4LCJleHAiOjE3NDUyMjA5MTgsInVzZXJJZCI6IjYyIn0.YdV7W0bnW0TmCWS2L7eLZ87KKslokSyjJB-YiW2ovMI,62
16:32:13.513 [http-nio-8080-exec-38] INFO  c.h.w.w.WebSocketServer - [onOpen,70] - 62加入webSocket！当前人数为=3
16:32:13.522 [http-nio-8080-exec-39] INFO  c.h.w.a.UserLoginInterceptor - [preHandle,40] - accessToken:eyJ0eXAiOiJKV1QiLCJhbGciOiJIUzI1NiJ9.eyJzdWIiOiJ1c2VyIiwiaWF0IjoxNzQ1MTM0NTE4LCJleHAiOjE3NDUyMjA5MTgsInVzZXJJZCI6IjYyIn0.YdV7W0bnW0TmCWS2L7eLZ87KKslokSyjJB-YiW2ovMI,62
16:32:13.522 [http-nio-8080-exec-36] INFO  c.h.w.a.UserLoginInterceptor - [preHandle,40] - accessToken:eyJ0eXAiOiJKV1QiLCJhbGciOiJIUzI1NiJ9.eyJzdWIiOiJ1c2VyIiwiaWF0IjoxNzQ1MTM0NTE4LCJleHAiOjE3NDUyMjA5MTgsInVzZXJJZCI6IjYyIn0.YdV7W0bnW0TmCWS2L7eLZ87KKslokSyjJB-YiW2ovMI,62
16:32:13.522 [http-nio-8080-exec-47] INFO  c.h.w.a.UserLoginInterceptor - [preHandle,40] - accessToken:eyJ0eXAiOiJKV1QiLCJhbGciOiJIUzI1NiJ9.eyJzdWIiOiJ1c2VyIiwiaWF0IjoxNzQ1MTM0NTE4LCJleHAiOjE3NDUyMjA5MTgsInVzZXJJZCI6IjYyIn0.YdV7W0bnW0TmCWS2L7eLZ87KKslokSyjJB-YiW2ovMI,62
16:32:13.522 [http-nio-8080-exec-41] INFO  c.h.w.a.UserLoginInterceptor - [preHandle,40] - accessToken:eyJ0eXAiOiJKV1QiLCJhbGciOiJIUzI1NiJ9.eyJzdWIiOiJ1c2VyIiwiaWF0IjoxNzQ1MTM0NTE4LCJleHAiOjE3NDUyMjA5MTgsInVzZXJJZCI6IjYyIn0.YdV7W0bnW0TmCWS2L7eLZ87KKslokSyjJB-YiW2ovMI,62
16:32:13.563 [http-nio-8080-exec-42] INFO  c.h.w.a.UserLoginInterceptor - [preHandle,40] - accessToken:eyJ0eXAiOiJKV1QiLCJhbGciOiJIUzI1NiJ9.eyJzdWIiOiJ1c2VyIiwiaWF0IjoxNzQ1MTM0NTE4LCJleHAiOjE3NDUyMjA5MTgsInVzZXJJZCI6IjYyIn0.YdV7W0bnW0TmCWS2L7eLZ87KKslokSyjJB-YiW2ovMI,62
16:32:27.242 [http-nio-8080-exec-46] INFO  c.h.w.w.WebSocketServer - [onClose,78] - 62断开webSocket连接！当前人数为=1
16:32:27.242 [http-nio-8080-exec-44] INFO  c.h.w.w.WebSocketServer - [onClose,78] - 62断开webSocket连接！当前人数为=1
16:32:27.242 [http-nio-8080-exec-43] INFO  c.h.w.w.WebSocketServer - [onClose,78] - 62断开webSocket连接！当前人数为=0
16:32:27.394 [http-nio-8080-exec-48] INFO  c.h.w.w.WebSocketServer - [onOpen,70] - 62加入webSocket！当前人数为=1
16:32:27.415 [http-nio-8080-exec-51] INFO  c.h.w.a.UserLoginInterceptor - [preHandle,40] - accessToken:eyJ0eXAiOiJKV1QiLCJhbGciOiJIUzI1NiJ9.eyJzdWIiOiJ1c2VyIiwiaWF0IjoxNzQ1MTM0NTE4LCJleHAiOjE3NDUyMjA5MTgsInVzZXJJZCI6IjYyIn0.YdV7W0bnW0TmCWS2L7eLZ87KKslokSyjJB-YiW2ovMI,62
16:32:27.415 [http-nio-8080-exec-49] INFO  c.h.w.a.UserLoginInterceptor - [preHandle,40] - accessToken:eyJ0eXAiOiJKV1QiLCJhbGciOiJIUzI1NiJ9.eyJzdWIiOiJ1c2VyIiwiaWF0IjoxNzQ1MTM0NTE4LCJleHAiOjE3NDUyMjA5MTgsInVzZXJJZCI6IjYyIn0.YdV7W0bnW0TmCWS2L7eLZ87KKslokSyjJB-YiW2ovMI,62
16:32:27.415 [http-nio-8080-exec-52] INFO  c.h.w.a.UserLoginInterceptor - [preHandle,40] - accessToken:eyJ0eXAiOiJKV1QiLCJhbGciOiJIUzI1NiJ9.eyJzdWIiOiJ1c2VyIiwiaWF0IjoxNzQ1MTM0NTE4LCJleHAiOjE3NDUyMjA5MTgsInVzZXJJZCI6IjYyIn0.YdV7W0bnW0TmCWS2L7eLZ87KKslokSyjJB-YiW2ovMI,62
16:32:27.416 [http-nio-8080-exec-45] INFO  c.h.w.a.UserLoginInterceptor - [preHandle,40] - accessToken:eyJ0eXAiOiJKV1QiLCJhbGciOiJIUzI1NiJ9.eyJzdWIiOiJ1c2VyIiwiaWF0IjoxNzQ1MTM0NTE4LCJleHAiOjE3NDUyMjA5MTgsInVzZXJJZCI6IjYyIn0.YdV7W0bnW0TmCWS2L7eLZ87KKslokSyjJB-YiW2ovMI,62
16:32:27.425 [http-nio-8080-exec-50] INFO  c.h.w.a.UserLoginInterceptor - [preHandle,40] - accessToken:eyJ0eXAiOiJKV1QiLCJhbGciOiJIUzI1NiJ9.eyJzdWIiOiJ1c2VyIiwiaWF0IjoxNzQ1MTM0NTE4LCJleHAiOjE3NDUyMjA5MTgsInVzZXJJZCI6IjYyIn0.YdV7W0bnW0TmCWS2L7eLZ87KKslokSyjJB-YiW2ovMI,62
16:32:29.282 [http-nio-8080-exec-53] INFO  c.h.w.w.WebSocketServer - [onOpen,70] - 62加入webSocket！当前人数为=2
16:32:29.297 [http-nio-8080-exec-55] INFO  c.h.w.a.UserLoginInterceptor - [preHandle,40] - accessToken:eyJ0eXAiOiJKV1QiLCJhbGciOiJIUzI1NiJ9.eyJzdWIiOiJ1c2VyIiwiaWF0IjoxNzQ1MTM0NTE4LCJleHAiOjE3NDUyMjA5MTgsInVzZXJJZCI6IjYyIn0.YdV7W0bnW0TmCWS2L7eLZ87KKslokSyjJB-YiW2ovMI,62
16:32:29.297 [http-nio-8080-exec-54] INFO  c.h.w.a.UserLoginInterceptor - [preHandle,40] - accessToken:eyJ0eXAiOiJKV1QiLCJhbGciOiJIUzI1NiJ9.eyJzdWIiOiJ1c2VyIiwiaWF0IjoxNzQ1MTM0NTE4LCJleHAiOjE3NDUyMjA5MTgsInVzZXJJZCI6IjYyIn0.YdV7W0bnW0TmCWS2L7eLZ87KKslokSyjJB-YiW2ovMI,62
16:32:29.297 [http-nio-8080-exec-57] INFO  c.h.w.a.UserLoginInterceptor - [preHandle,40] - accessToken:eyJ0eXAiOiJKV1QiLCJhbGciOiJIUzI1NiJ9.eyJzdWIiOiJ1c2VyIiwiaWF0IjoxNzQ1MTM0NTE4LCJleHAiOjE3NDUyMjA5MTgsInVzZXJJZCI6IjYyIn0.YdV7W0bnW0TmCWS2L7eLZ87KKslokSyjJB-YiW2ovMI,62
16:32:29.297 [http-nio-8080-exec-56] INFO  c.h.w.a.UserLoginInterceptor - [preHandle,40] - accessToken:eyJ0eXAiOiJKV1QiLCJhbGciOiJIUzI1NiJ9.eyJzdWIiOiJ1c2VyIiwiaWF0IjoxNzQ1MTM0NTE4LCJleHAiOjE3NDUyMjA5MTgsInVzZXJJZCI6IjYyIn0.YdV7W0bnW0TmCWS2L7eLZ87KKslokSyjJB-YiW2ovMI,62
16:32:29.298 [http-nio-8080-exec-58] INFO  c.h.w.a.UserLoginInterceptor - [preHandle,40] - accessToken:eyJ0eXAiOiJKV1QiLCJhbGciOiJIUzI1NiJ9.eyJzdWIiOiJ1c2VyIiwiaWF0IjoxNzQ1MTM0NTE4LCJleHAiOjE3NDUyMjA5MTgsInVzZXJJZCI6IjYyIn0.YdV7W0bnW0TmCWS2L7eLZ87KKslokSyjJB-YiW2ovMI,62
16:32:29.306 [http-nio-8080-exec-59] INFO  c.h.w.a.UserLoginInterceptor - [preHandle,40] - accessToken:eyJ0eXAiOiJKV1QiLCJhbGciOiJIUzI1NiJ9.eyJzdWIiOiJ1c2VyIiwiaWF0IjoxNzQ1MTM0NTE4LCJleHAiOjE3NDUyMjA5MTgsInVzZXJJZCI6IjYyIn0.YdV7W0bnW0TmCWS2L7eLZ87KKslokSyjJB-YiW2ovMI,62
16:32:31.069 [http-nio-8080-exec-63] INFO  c.h.w.w.WebSocketServer - [onOpen,70] - 62加入webSocket！当前人数为=3
16:32:31.081 [http-nio-8080-exec-64] INFO  c.h.w.a.UserLoginInterceptor - [preHandle,40] - accessToken:eyJ0eXAiOiJKV1QiLCJhbGciOiJIUzI1NiJ9.eyJzdWIiOiJ1c2VyIiwiaWF0IjoxNzQ1MTM0NTE4LCJleHAiOjE3NDUyMjA5MTgsInVzZXJJZCI6IjYyIn0.YdV7W0bnW0TmCWS2L7eLZ87KKslokSyjJB-YiW2ovMI,62
16:32:31.081 [http-nio-8080-exec-60] INFO  c.h.w.a.UserLoginInterceptor - [preHandle,40] - accessToken:eyJ0eXAiOiJKV1QiLCJhbGciOiJIUzI1NiJ9.eyJzdWIiOiJ1c2VyIiwiaWF0IjoxNzQ1MTM0NTE4LCJleHAiOjE3NDUyMjA5MTgsInVzZXJJZCI6IjYyIn0.YdV7W0bnW0TmCWS2L7eLZ87KKslokSyjJB-YiW2ovMI,62
16:32:31.081 [http-nio-8080-exec-62] INFO  c.h.w.a.UserLoginInterceptor - [preHandle,40] - accessToken:eyJ0eXAiOiJKV1QiLCJhbGciOiJIUzI1NiJ9.eyJzdWIiOiJ1c2VyIiwiaWF0IjoxNzQ1MTM0NTE4LCJleHAiOjE3NDUyMjA5MTgsInVzZXJJZCI6IjYyIn0.YdV7W0bnW0TmCWS2L7eLZ87KKslokSyjJB-YiW2ovMI,62
16:32:31.082 [http-nio-8080-exec-61] INFO  c.h.w.a.UserLoginInterceptor - [preHandle,40] - accessToken:eyJ0eXAiOiJKV1QiLCJhbGciOiJIUzI1NiJ9.eyJzdWIiOiJ1c2VyIiwiaWF0IjoxNzQ1MTM0NTE4LCJleHAiOjE3NDUyMjA5MTgsInVzZXJJZCI6IjYyIn0.YdV7W0bnW0TmCWS2L7eLZ87KKslokSyjJB-YiW2ovMI,62
16:32:31.094 [http-nio-8080-exec-67] INFO  c.h.w.a.UserLoginInterceptor - [preHandle,40] - accessToken:eyJ0eXAiOiJKV1QiLCJhbGciOiJIUzI1NiJ9.eyJzdWIiOiJ1c2VyIiwiaWF0IjoxNzQ1MTM0NTE4LCJleHAiOjE3NDUyMjA5MTgsInVzZXJJZCI6IjYyIn0.YdV7W0bnW0TmCWS2L7eLZ87KKslokSyjJB-YiW2ovMI,62
16:33:32.150 [http-nio-8080-exec-69] INFO  c.h.w.w.WebSocketServer - [onClose,78] - 62断开webSocket连接！当前人数为=0
16:33:32.150 [http-nio-8080-exec-66] INFO  c.h.w.w.WebSocketServer - [onClose,78] - 62断开webSocket连接！当前人数为=1
16:33:32.150 [http-nio-8080-exec-65] INFO  c.h.w.w.WebSocketServer - [onClose,78] - 62断开webSocket连接！当前人数为=1
16:33:32.279 [http-nio-8080-exec-68] INFO  c.h.w.w.WebSocketServer - [onOpen,70] - 62加入webSocket！当前人数为=1
16:33:32.300 [http-nio-8080-exec-71] INFO  c.h.w.a.UserLoginInterceptor - [preHandle,40] - accessToken:eyJ0eXAiOiJKV1QiLCJhbGciOiJIUzI1NiJ9.eyJzdWIiOiJ1c2VyIiwiaWF0IjoxNzQ1MTM0NTE4LCJleHAiOjE3NDUyMjA5MTgsInVzZXJJZCI6IjYyIn0.YdV7W0bnW0TmCWS2L7eLZ87KKslokSyjJB-YiW2ovMI,62
16:33:32.300 [http-nio-8080-exec-73] INFO  c.h.w.a.UserLoginInterceptor - [preHandle,40] - accessToken:eyJ0eXAiOiJKV1QiLCJhbGciOiJIUzI1NiJ9.eyJzdWIiOiJ1c2VyIiwiaWF0IjoxNzQ1MTM0NTE4LCJleHAiOjE3NDUyMjA5MTgsInVzZXJJZCI6IjYyIn0.YdV7W0bnW0TmCWS2L7eLZ87KKslokSyjJB-YiW2ovMI,62
16:33:32.300 [http-nio-8080-exec-70] INFO  c.h.w.a.UserLoginInterceptor - [preHandle,40] - accessToken:eyJ0eXAiOiJKV1QiLCJhbGciOiJIUzI1NiJ9.eyJzdWIiOiJ1c2VyIiwiaWF0IjoxNzQ1MTM0NTE4LCJleHAiOjE3NDUyMjA5MTgsInVzZXJJZCI6IjYyIn0.YdV7W0bnW0TmCWS2L7eLZ87KKslokSyjJB-YiW2ovMI,62
16:33:32.301 [http-nio-8080-exec-72] INFO  c.h.w.a.UserLoginInterceptor - [preHandle,40] - accessToken:eyJ0eXAiOiJKV1QiLCJhbGciOiJIUzI1NiJ9.eyJzdWIiOiJ1c2VyIiwiaWF0IjoxNzQ1MTM0NTE4LCJleHAiOjE3NDUyMjA5MTgsInVzZXJJZCI6IjYyIn0.YdV7W0bnW0TmCWS2L7eLZ87KKslokSyjJB-YiW2ovMI,62
16:33:32.311 [http-nio-8080-exec-75] INFO  c.h.w.a.UserLoginInterceptor - [preHandle,40] - accessToken:eyJ0eXAiOiJKV1QiLCJhbGciOiJIUzI1NiJ9.eyJzdWIiOiJ1c2VyIiwiaWF0IjoxNzQ1MTM0NTE4LCJleHAiOjE3NDUyMjA5MTgsInVzZXJJZCI6IjYyIn0.YdV7W0bnW0TmCWS2L7eLZ87KKslokSyjJB-YiW2ovMI,62
16:33:55.237 [http-nio-8080-exec-74] INFO  c.h.w.w.WebSocketServer - [onOpen,70] - 62加入webSocket！当前人数为=2
16:33:55.251 [http-nio-8080-exec-78] INFO  c.h.w.a.UserLoginInterceptor - [preHandle,40] - accessToken:eyJ0eXAiOiJKV1QiLCJhbGciOiJIUzI1NiJ9.eyJzdWIiOiJ1c2VyIiwiaWF0IjoxNzQ1MTM0NTE4LCJleHAiOjE3NDUyMjA5MTgsInVzZXJJZCI6IjYyIn0.YdV7W0bnW0TmCWS2L7eLZ87KKslokSyjJB-YiW2ovMI,62
16:33:55.251 [http-nio-8080-exec-79] INFO  c.h.w.a.UserLoginInterceptor - [preHandle,40] - accessToken:eyJ0eXAiOiJKV1QiLCJhbGciOiJIUzI1NiJ9.eyJzdWIiOiJ1c2VyIiwiaWF0IjoxNzQ1MTM0NTE4LCJleHAiOjE3NDUyMjA5MTgsInVzZXJJZCI6IjYyIn0.YdV7W0bnW0TmCWS2L7eLZ87KKslokSyjJB-YiW2ovMI,62
16:33:55.251 [http-nio-8080-exec-76] INFO  c.h.w.a.UserLoginInterceptor - [preHandle,40] - accessToken:eyJ0eXAiOiJKV1QiLCJhbGciOiJIUzI1NiJ9.eyJzdWIiOiJ1c2VyIiwiaWF0IjoxNzQ1MTM0NTE4LCJleHAiOjE3NDUyMjA5MTgsInVzZXJJZCI6IjYyIn0.YdV7W0bnW0TmCWS2L7eLZ87KKslokSyjJB-YiW2ovMI,62
16:33:55.251 [http-nio-8080-exec-77] INFO  c.h.w.a.UserLoginInterceptor - [preHandle,40] - accessToken:eyJ0eXAiOiJKV1QiLCJhbGciOiJIUzI1NiJ9.eyJzdWIiOiJ1c2VyIiwiaWF0IjoxNzQ1MTM0NTE4LCJleHAiOjE3NDUyMjA5MTgsInVzZXJJZCI6IjYyIn0.YdV7W0bnW0TmCWS2L7eLZ87KKslokSyjJB-YiW2ovMI,62
16:33:55.260 [http-nio-8080-exec-80] INFO  c.h.w.a.UserLoginInterceptor - [preHandle,40] - accessToken:eyJ0eXAiOiJKV1QiLCJhbGciOiJIUzI1NiJ9.eyJzdWIiOiJ1c2VyIiwiaWF0IjoxNzQ1MTM0NTE4LCJleHAiOjE3NDUyMjA5MTgsInVzZXJJZCI6IjYyIn0.YdV7W0bnW0TmCWS2L7eLZ87KKslokSyjJB-YiW2ovMI,62
16:35:04.076 [http-nio-8080-exec-81] INFO  c.h.w.w.WebSocketServer - [onOpen,70] - 62加入webSocket！当前人数为=3
16:35:04.090 [http-nio-8080-exec-84] INFO  c.h.w.a.UserLoginInterceptor - [preHandle,40] - accessToken:eyJ0eXAiOiJKV1QiLCJhbGciOiJIUzI1NiJ9.eyJzdWIiOiJ1c2VyIiwiaWF0IjoxNzQ1MTM0NTE4LCJleHAiOjE3NDUyMjA5MTgsInVzZXJJZCI6IjYyIn0.YdV7W0bnW0TmCWS2L7eLZ87KKslokSyjJB-YiW2ovMI,62
16:35:04.090 [http-nio-8080-exec-86] INFO  c.h.w.a.UserLoginInterceptor - [preHandle,40] - accessToken:eyJ0eXAiOiJKV1QiLCJhbGciOiJIUzI1NiJ9.eyJzdWIiOiJ1c2VyIiwiaWF0IjoxNzQ1MTM0NTE4LCJleHAiOjE3NDUyMjA5MTgsInVzZXJJZCI6IjYyIn0.YdV7W0bnW0TmCWS2L7eLZ87KKslokSyjJB-YiW2ovMI,62
16:35:04.090 [http-nio-8080-exec-82] INFO  c.h.w.a.UserLoginInterceptor - [preHandle,40] - accessToken:eyJ0eXAiOiJKV1QiLCJhbGciOiJIUzI1NiJ9.eyJzdWIiOiJ1c2VyIiwiaWF0IjoxNzQ1MTM0NTE4LCJleHAiOjE3NDUyMjA5MTgsInVzZXJJZCI6IjYyIn0.YdV7W0bnW0TmCWS2L7eLZ87KKslokSyjJB-YiW2ovMI,62
16:35:04.090 [http-nio-8080-exec-83] INFO  c.h.w.a.UserLoginInterceptor - [preHandle,40] - accessToken:eyJ0eXAiOiJKV1QiLCJhbGciOiJIUzI1NiJ9.eyJzdWIiOiJ1c2VyIiwiaWF0IjoxNzQ1MTM0NTE4LCJleHAiOjE3NDUyMjA5MTgsInVzZXJJZCI6IjYyIn0.YdV7W0bnW0TmCWS2L7eLZ87KKslokSyjJB-YiW2ovMI,62
16:35:04.104 [http-nio-8080-exec-85] INFO  c.h.w.a.UserLoginInterceptor - [preHandle,40] - accessToken:eyJ0eXAiOiJKV1QiLCJhbGciOiJIUzI1NiJ9.eyJzdWIiOiJ1c2VyIiwiaWF0IjoxNzQ1MTM0NTE4LCJleHAiOjE3NDUyMjA5MTgsInVzZXJJZCI6IjYyIn0.YdV7W0bnW0TmCWS2L7eLZ87KKslokSyjJB-YiW2ovMI,62
16:47:49.452 [http-nio-8080-exec-88] INFO  c.h.w.w.WebSocketServer - [onClose,78] - 62断开webSocket连接！当前人数为=1
16:47:49.452 [http-nio-8080-exec-87] INFO  c.h.w.w.WebSocketServer - [onClose,78] - 62断开webSocket连接！当前人数为=1
16:47:49.452 [http-nio-8080-exec-89] INFO  c.h.w.w.WebSocketServer - [onClose,78] - 62断开webSocket连接！当前人数为=0
16:47:49.610 [http-nio-8080-exec-91] INFO  c.h.w.w.WebSocketServer - [onOpen,70] - 62加入webSocket！当前人数为=1
16:47:49.635 [http-nio-8080-exec-90] INFO  c.h.w.a.UserLoginInterceptor - [preHandle,40] - accessToken:eyJ0eXAiOiJKV1QiLCJhbGciOiJIUzI1NiJ9.eyJzdWIiOiJ1c2VyIiwiaWF0IjoxNzQ1MTM0NTE4LCJleHAiOjE3NDUyMjA5MTgsInVzZXJJZCI6IjYyIn0.YdV7W0bnW0TmCWS2L7eLZ87KKslokSyjJB-YiW2ovMI,62
16:47:49.635 [http-nio-8080-exec-92] INFO  c.h.w.a.UserLoginInterceptor - [preHandle,40] - accessToken:eyJ0eXAiOiJKV1QiLCJhbGciOiJIUzI1NiJ9.eyJzdWIiOiJ1c2VyIiwiaWF0IjoxNzQ1MTM0NTE4LCJleHAiOjE3NDUyMjA5MTgsInVzZXJJZCI6IjYyIn0.YdV7W0bnW0TmCWS2L7eLZ87KKslokSyjJB-YiW2ovMI,62
16:47:49.635 [http-nio-8080-exec-94] INFO  c.h.w.a.UserLoginInterceptor - [preHandle,40] - accessToken:eyJ0eXAiOiJKV1QiLCJhbGciOiJIUzI1NiJ9.eyJzdWIiOiJ1c2VyIiwiaWF0IjoxNzQ1MTM0NTE4LCJleHAiOjE3NDUyMjA5MTgsInVzZXJJZCI6IjYyIn0.YdV7W0bnW0TmCWS2L7eLZ87KKslokSyjJB-YiW2ovMI,62
16:47:49.635 [http-nio-8080-exec-93] INFO  c.h.w.a.UserLoginInterceptor - [preHandle,40] - accessToken:eyJ0eXAiOiJKV1QiLCJhbGciOiJIUzI1NiJ9.eyJzdWIiOiJ1c2VyIiwiaWF0IjoxNzQ1MTM0NTE4LCJleHAiOjE3NDUyMjA5MTgsInVzZXJJZCI6IjYyIn0.YdV7W0bnW0TmCWS2L7eLZ87KKslokSyjJB-YiW2ovMI,62
16:47:49.648 [http-nio-8080-exec-95] INFO  c.h.w.a.UserLoginInterceptor - [preHandle,40] - accessToken:eyJ0eXAiOiJKV1QiLCJhbGciOiJIUzI1NiJ9.eyJzdWIiOiJ1c2VyIiwiaWF0IjoxNzQ1MTM0NTE4LCJleHAiOjE3NDUyMjA5MTgsInVzZXJJZCI6IjYyIn0.YdV7W0bnW0TmCWS2L7eLZ87KKslokSyjJB-YiW2ovMI,62
16:48:17.905 [http-nio-8080-exec-97] INFO  c.h.w.w.WebSocketServer - [onOpen,70] - 62加入webSocket！当前人数为=2
16:48:17.917 [http-nio-8080-exec-99] INFO  c.h.w.a.UserLoginInterceptor - [preHandle,40] - accessToken:eyJ0eXAiOiJKV1QiLCJhbGciOiJIUzI1NiJ9.eyJzdWIiOiJ1c2VyIiwiaWF0IjoxNzQ1MTM0NTE4LCJleHAiOjE3NDUyMjA5MTgsInVzZXJJZCI6IjYyIn0.YdV7W0bnW0TmCWS2L7eLZ87KKslokSyjJB-YiW2ovMI,62
16:48:17.917 [http-nio-8080-exec-96] INFO  c.h.w.a.UserLoginInterceptor - [preHandle,40] - accessToken:eyJ0eXAiOiJKV1QiLCJhbGciOiJIUzI1NiJ9.eyJzdWIiOiJ1c2VyIiwiaWF0IjoxNzQ1MTM0NTE4LCJleHAiOjE3NDUyMjA5MTgsInVzZXJJZCI6IjYyIn0.YdV7W0bnW0TmCWS2L7eLZ87KKslokSyjJB-YiW2ovMI,62
16:48:17.917 [http-nio-8080-exec-98] INFO  c.h.w.a.UserLoginInterceptor - [preHandle,40] - accessToken:eyJ0eXAiOiJKV1QiLCJhbGciOiJIUzI1NiJ9.eyJzdWIiOiJ1c2VyIiwiaWF0IjoxNzQ1MTM0NTE4LCJleHAiOjE3NDUyMjA5MTgsInVzZXJJZCI6IjYyIn0.YdV7W0bnW0TmCWS2L7eLZ87KKslokSyjJB-YiW2ovMI,62
16:48:17.926 [http-nio-8080-exec-100] INFO  c.h.w.a.UserLoginInterceptor - [preHandle,40] - accessToken:eyJ0eXAiOiJKV1QiLCJhbGciOiJIUzI1NiJ9.eyJzdWIiOiJ1c2VyIiwiaWF0IjoxNzQ1MTM0NTE4LCJleHAiOjE3NDUyMjA5MTgsInVzZXJJZCI6IjYyIn0.YdV7W0bnW0TmCWS2L7eLZ87KKslokSyjJB-YiW2ovMI,62
16:48:18.690 [http-nio-8080-exec-1] INFO  c.h.w.w.WebSocketServer - [onOpen,70] - 62加入webSocket！当前人数为=3
16:48:18.704 [http-nio-8080-exec-4] INFO  c.h.w.a.UserLoginInterceptor - [preHandle,40] - accessToken:eyJ0eXAiOiJKV1QiLCJhbGciOiJIUzI1NiJ9.eyJzdWIiOiJ1c2VyIiwiaWF0IjoxNzQ1MTM0NTE4LCJleHAiOjE3NDUyMjA5MTgsInVzZXJJZCI6IjYyIn0.YdV7W0bnW0TmCWS2L7eLZ87KKslokSyjJB-YiW2ovMI,62
16:48:18.704 [http-nio-8080-exec-3] INFO  c.h.w.a.UserLoginInterceptor - [preHandle,40] - accessToken:eyJ0eXAiOiJKV1QiLCJhbGciOiJIUzI1NiJ9.eyJzdWIiOiJ1c2VyIiwiaWF0IjoxNzQ1MTM0NTE4LCJleHAiOjE3NDUyMjA5MTgsInVzZXJJZCI6IjYyIn0.YdV7W0bnW0TmCWS2L7eLZ87KKslokSyjJB-YiW2ovMI,62
16:48:18.704 [http-nio-8080-exec-5] INFO  c.h.w.a.UserLoginInterceptor - [preHandle,40] - accessToken:eyJ0eXAiOiJKV1QiLCJhbGciOiJIUzI1NiJ9.eyJzdWIiOiJ1c2VyIiwiaWF0IjoxNzQ1MTM0NTE4LCJleHAiOjE3NDUyMjA5MTgsInVzZXJJZCI6IjYyIn0.YdV7W0bnW0TmCWS2L7eLZ87KKslokSyjJB-YiW2ovMI,62
16:48:18.704 [http-nio-8080-exec-2] INFO  c.h.w.a.UserLoginInterceptor - [preHandle,40] - accessToken:eyJ0eXAiOiJKV1QiLCJhbGciOiJIUzI1NiJ9.eyJzdWIiOiJ1c2VyIiwiaWF0IjoxNzQ1MTM0NTE4LCJleHAiOjE3NDUyMjA5MTgsInVzZXJJZCI6IjYyIn0.YdV7W0bnW0TmCWS2L7eLZ87KKslokSyjJB-YiW2ovMI,62
16:48:18.712 [http-nio-8080-exec-6] INFO  c.h.w.a.UserLoginInterceptor - [preHandle,40] - accessToken:eyJ0eXAiOiJKV1QiLCJhbGciOiJIUzI1NiJ9.eyJzdWIiOiJ1c2VyIiwiaWF0IjoxNzQ1MTM0NTE4LCJleHAiOjE3NDUyMjA5MTgsInVzZXJJZCI6IjYyIn0.YdV7W0bnW0TmCWS2L7eLZ87KKslokSyjJB-YiW2ovMI,62
16:48:19.153 [http-nio-8080-exec-7] INFO  c.h.w.w.WebSocketServer - [onOpen,70] - 62加入webSocket！当前人数为=4
16:48:19.167 [http-nio-8080-exec-9] INFO  c.h.w.a.UserLoginInterceptor - [preHandle,40] - accessToken:eyJ0eXAiOiJKV1QiLCJhbGciOiJIUzI1NiJ9.eyJzdWIiOiJ1c2VyIiwiaWF0IjoxNzQ1MTM0NTE4LCJleHAiOjE3NDUyMjA5MTgsInVzZXJJZCI6IjYyIn0.YdV7W0bnW0TmCWS2L7eLZ87KKslokSyjJB-YiW2ovMI,62
16:48:19.167 [http-nio-8080-exec-10] INFO  c.h.w.a.UserLoginInterceptor - [preHandle,40] - accessToken:eyJ0eXAiOiJKV1QiLCJhbGciOiJIUzI1NiJ9.eyJzdWIiOiJ1c2VyIiwiaWF0IjoxNzQ1MTM0NTE4LCJleHAiOjE3NDUyMjA5MTgsInVzZXJJZCI6IjYyIn0.YdV7W0bnW0TmCWS2L7eLZ87KKslokSyjJB-YiW2ovMI,62
16:48:19.167 [http-nio-8080-exec-14] INFO  c.h.w.a.UserLoginInterceptor - [preHandle,40] - accessToken:eyJ0eXAiOiJKV1QiLCJhbGciOiJIUzI1NiJ9.eyJzdWIiOiJ1c2VyIiwiaWF0IjoxNzQ1MTM0NTE4LCJleHAiOjE3NDUyMjA5MTgsInVzZXJJZCI6IjYyIn0.YdV7W0bnW0TmCWS2L7eLZ87KKslokSyjJB-YiW2ovMI,62
16:48:19.167 [http-nio-8080-exec-8] INFO  c.h.w.a.UserLoginInterceptor - [preHandle,40] - accessToken:eyJ0eXAiOiJKV1QiLCJhbGciOiJIUzI1NiJ9.eyJzdWIiOiJ1c2VyIiwiaWF0IjoxNzQ1MTM0NTE4LCJleHAiOjE3NDUyMjA5MTgsInVzZXJJZCI6IjYyIn0.YdV7W0bnW0TmCWS2L7eLZ87KKslokSyjJB-YiW2ovMI,62
16:48:19.168 [http-nio-8080-exec-12] INFO  c.h.w.a.UserLoginInterceptor - [preHandle,40] - accessToken:eyJ0eXAiOiJKV1QiLCJhbGciOiJIUzI1NiJ9.eyJzdWIiOiJ1c2VyIiwiaWF0IjoxNzQ1MTM0NTE4LCJleHAiOjE3NDUyMjA5MTgsInVzZXJJZCI6IjYyIn0.YdV7W0bnW0TmCWS2L7eLZ87KKslokSyjJB-YiW2ovMI,62
16:48:19.178 [http-nio-8080-exec-15] INFO  c.h.w.a.UserLoginInterceptor - [preHandle,40] - accessToken:eyJ0eXAiOiJKV1QiLCJhbGciOiJIUzI1NiJ9.eyJzdWIiOiJ1c2VyIiwiaWF0IjoxNzQ1MTM0NTE4LCJleHAiOjE3NDUyMjA5MTgsInVzZXJJZCI6IjYyIn0.YdV7W0bnW0TmCWS2L7eLZ87KKslokSyjJB-YiW2ovMI,62
16:52:58.868 [schedule-pool-1] INFO  sys-user - [run,53] - [127.0.0.1]内网IP[admin][Error][验证码已失效]
16:53:02.339 [schedule-pool-2] INFO  sys-user - [run,53] - [127.0.0.1]内网IP[admin][Success][登录成功]
17:23:46.487 [http-nio-8080-exec-31] INFO  c.h.w.a.UserLoginInterceptor - [preHandle,40] - accessToken:eyJ0eXAiOiJKV1QiLCJhbGciOiJIUzI1NiJ9.eyJzdWIiOiJ1c2VyIiwiaWF0IjoxNzQ1MTM0NTE4LCJleHAiOjE3NDUyMjA5MTgsInVzZXJJZCI6IjYyIn0.YdV7W0bnW0TmCWS2L7eLZ87KKslokSyjJB-YiW2ovMI,62
17:23:47.854 [http-nio-8080-exec-34] INFO  c.h.w.a.UserLoginInterceptor - [preHandle,40] - accessToken:eyJ0eXAiOiJKV1QiLCJhbGciOiJIUzI1NiJ9.eyJzdWIiOiJ1c2VyIiwiaWF0IjoxNzQ1MTM0NTE4LCJleHAiOjE3NDUyMjA5MTgsInVzZXJJZCI6IjYyIn0.YdV7W0bnW0TmCWS2L7eLZ87KKslokSyjJB-YiW2ovMI,62
17:23:47.855 [http-nio-8080-exec-32] INFO  c.h.w.a.UserLoginInterceptor - [preHandle,40] - accessToken:eyJ0eXAiOiJKV1QiLCJhbGciOiJIUzI1NiJ9.eyJzdWIiOiJ1c2VyIiwiaWF0IjoxNzQ1MTM0NTE4LCJleHAiOjE3NDUyMjA5MTgsInVzZXJJZCI6IjYyIn0.YdV7W0bnW0TmCWS2L7eLZ87KKslokSyjJB-YiW2ovMI,62
17:23:53.342 [http-nio-8080-exec-35] INFO  c.h.w.a.UserLoginInterceptor - [preHandle,40] - accessToken:eyJ0eXAiOiJKV1QiLCJhbGciOiJIUzI1NiJ9.eyJzdWIiOiJ1c2VyIiwiaWF0IjoxNzQ1MTM0NTE4LCJleHAiOjE3NDUyMjA5MTgsInVzZXJJZCI6IjYyIn0.YdV7W0bnW0TmCWS2L7eLZ87KKslokSyjJB-YiW2ovMI,62
17:23:53.355 [http-nio-8080-exec-40] INFO  c.h.w.a.UserLoginInterceptor - [preHandle,40] - accessToken:eyJ0eXAiOiJKV1QiLCJhbGciOiJIUzI1NiJ9.eyJzdWIiOiJ1c2VyIiwiaWF0IjoxNzQ1MTM0NTE4LCJleHAiOjE3NDUyMjA5MTgsInVzZXJJZCI6IjYyIn0.YdV7W0bnW0TmCWS2L7eLZ87KKslokSyjJB-YiW2ovMI,62
17:24:19.544 [schedule-pool-1] INFO  sys-user - [run,53] - [127.0.0.1]内网IP[admin][Success][登录成功]
17:24:52.740 [SpringApplicationShutdownHook] INFO  o.q.c.QuartzScheduler - [standby,585] - Scheduler quartzScheduler_$_NON_CLUSTERED paused.
17:24:52.761 [SpringApplicationShutdownHook] INFO  c.h.w.w.WebSocketServer - [onClose,78] - 62断开webSocket连接！当前人数为=3
17:24:52.761 [SpringApplicationShutdownHook] INFO  c.h.w.w.WebSocketServer - [onClose,78] - 62断开webSocket连接！当前人数为=2
17:24:52.761 [SpringApplicationShutdownHook] INFO  c.h.w.w.WebSocketServer - [onClose,78] - 62断开webSocket连接！当前人数为=1
17:24:52.762 [SpringApplicationShutdownHook] INFO  c.h.w.w.WebSocketServer - [onClose,78] - 62断开webSocket连接！当前人数为=0
17:24:52.781 [SpringApplicationShutdownHook] INFO  o.q.c.QuartzScheduler - [shutdown,666] - Scheduler quartzScheduler_$_NON_CLUSTERED shutting down.
17:24:52.781 [SpringApplicationShutdownHook] INFO  o.q.c.QuartzScheduler - [standby,585] - Scheduler quartzScheduler_$_NON_CLUSTERED paused.
17:24:52.781 [SpringApplicationShutdownHook] INFO  o.q.c.QuartzScheduler - [shutdown,740] - Scheduler quartzScheduler_$_NON_CLUSTERED shutdown complete.
17:24:52.782 [SpringApplicationShutdownHook] INFO  sys-user - [shutdownAsyncManager,29] - ====关闭后台任务任务线程池====
17:24:52.785 [SpringApplicationShutdownHook] INFO  c.a.d.p.DruidDataSource - [close,2174] - {dataSource-1} closing ...
17:24:52.790 [SpringApplicationShutdownHook] INFO  c.a.d.p.DruidDataSource - [close,2247] - {dataSource-1} closed
