00:00:11.771 [restartedMain] INFO  c.h.HongshuApplication - [logStarting,55] - Starting HongshuApplication using Java 17.0.10 on LAPTOP-9J80MR47 with PID 8260 (D:\hongshu-server\hongshu-master\hongshu-server\target\classes started by 21916 in D:\hongshu-server\hongshu-master)
00:00:11.781 [restartedMain] INFO  c.h.HongshuApplication - [logStartupProfileInfo,686] - The following 1 profile is active: "druid"
00:00:11.793 [background-preinit] INFO  o.h.v.i.util.Version - [<clinit>,21] - HV000001: Hibernate Validator 6.2.5.Final
00:00:16.598 [restartedMain] INFO  o.a.c.c.AprLifecycleListener - [log,173] - Loaded Apache Tomcat Native library [1.2.36] using APR version [1.7.2].
00:00:16.600 [restartedMain] INFO  o.a.c.c.AprLifecycleListener - [log,173] - APR capabilities: IPv6 [true], sendfile [true], accept filters [false], random [true], UDS [true].
00:00:16.601 [restartedMain] INFO  o.a.c.c.AprLifecycleListener - [log,173] - APR/OpenSSL configuration: useAprConnector [false], useOpenSSL [true]
00:00:16.607 [restartedMain] INFO  o.a.c.c.AprLifecycleListener - [log,173] - OpenSSL successfully initialized [OpenSSL 1.1.1t  7 Feb 2023]
00:00:16.622 [restartedMain] INFO  o.a.c.h.Http11NioProtocol - [log,173] - Initializing ProtocolHandler ["http-nio-8080"]
00:00:16.623 [restartedMain] INFO  o.a.c.c.StandardService - [log,173] - Starting service [Tomcat]
00:00:16.624 [restartedMain] INFO  o.a.c.c.StandardEngine - [log,173] - Starting Servlet engine: [Apache Tomcat/9.0.75]
00:00:17.075 [restartedMain] INFO  o.a.c.c.C.[.[.[/] - [log,173] - Initializing Spring embedded WebApplicationContext
00:00:20.554 [restartedMain] INFO  c.a.d.p.DruidDataSource - [init,1009] - {dataSource-1} inited
00:00:25.435 [restartedMain] INFO  o.q.i.StdSchedulerFactory - [instantiate,1220] - Using default implementation for ThreadExecutor
00:00:25.454 [restartedMain] INFO  o.q.c.SchedulerSignalerImpl - [<init>,61] - Initialized Scheduler Signaller of type: class org.quartz.core.SchedulerSignalerImpl
00:00:25.454 [restartedMain] INFO  o.q.c.QuartzScheduler - [<init>,229] - Quartz Scheduler v.2.3.2 created.
00:00:25.455 [restartedMain] INFO  o.q.s.RAMJobStore - [initialize,155] - RAMJobStore initialized.
00:00:25.456 [restartedMain] INFO  o.q.c.QuartzScheduler - [initialize,294] - Scheduler meta-data: Quartz Scheduler (v2.3.2) 'quartzScheduler' with instanceId 'NON_CLUSTERED'
  Scheduler class: 'org.quartz.core.QuartzScheduler' - running locally.
  NOT STARTED.
  Currently in standby mode.
  Number of jobs executed: 0
  Using thread pool 'org.quartz.simpl.SimpleThreadPool' - with 10 threads.
  Using job-store 'org.quartz.simpl.RAMJobStore' - which does not support persistence. and is not clustered.

00:00:25.456 [restartedMain] INFO  o.q.i.StdSchedulerFactory - [instantiate,1374] - Quartz scheduler 'quartzScheduler' initialized from an externally provided properties instance.
00:00:25.457 [restartedMain] INFO  o.q.i.StdSchedulerFactory - [instantiate,1378] - Quartz scheduler version: 2.3.2
00:00:25.457 [restartedMain] INFO  o.q.c.QuartzScheduler - [setJobFactory,2293] - JobFactory set to: org.springframework.scheduling.quartz.SpringBeanJobFactory@3a39befc
00:00:27.107 [restartedMain] INFO  c.g.d.c.DozerBeanMapperBuilder - [build,544] - Initializing Dozer. Version: 6.5.2, Thread Name: restartedMain
00:00:27.111 [restartedMain] INFO  c.g.d.c.u.RuntimeUtils - [isOSGi,53] - OSGi support is false
00:00:27.121 [restartedMain] INFO  c.g.d.c.c.r.LegacyPropertiesSettingsResolver - [processFile,60] - Trying to find Dozer configuration file: dozer.properties
00:00:27.123 [restartedMain] INFO  c.g.d.c.c.r.LegacyPropertiesSettingsResolver - [processFile,63] - Failed to find dozer.properties via com.github.dozermapper.core.config.resolvers.LegacyPropertiesSettingsResolver.
00:00:27.133 [restartedMain] INFO  c.g.d.c.e.ELExpressionFactory - [isSupported,60] - javax.el is not supported; Failed to resolve ExpressionFactory, com.sun.el.ExpressionFactoryImpl
00:00:29.864 [restartedMain] INFO  o.a.c.h.Http11NioProtocol - [log,173] - Starting ProtocolHandler ["http-nio-8080"]
00:00:30.400 [http-nio-8080-exec-2] INFO  o.a.t.u.h.p.Cookie - [log,173] - A cookie header was received [Hm_lvt_0febd9e3cacb3f627ddac64d52caac39=1719238185,1719239588;] that contained an invalid cookie. That cookie will be ignored.
 Note: further occurrences of this error will be logged at DEBUG level.
00:00:30.400 [http-nio-8080-exec-3] INFO  o.a.t.u.h.p.Cookie - [log,173] - A cookie header was received [Hm_lvt_0febd9e3cacb3f627ddac64d52caac39=1719238185,1719239588;] that contained an invalid cookie. That cookie will be ignored.
 Note: further occurrences of this error will be logged at DEBUG level.
00:00:30.400 [http-nio-8080-exec-1] INFO  o.a.t.u.h.p.Cookie - [log,173] - A cookie header was received [Hm_lvt_0febd9e3cacb3f627ddac64d52caac39=1719238185,1719239588;] that contained an invalid cookie. That cookie will be ignored.
 Note: further occurrences of this error will be logged at DEBUG level.
00:00:30.411 [http-nio-8080-exec-2] INFO  o.a.c.c.C.[.[.[/] - [log,173] - Initializing Spring DispatcherServlet 'dispatcherServlet'
00:00:30.490 [http-nio-8080-exec-2] INFO  c.h.w.a.UserLoginInterceptor - [preHandle,40] - accessToken:eyJ0eXAiOiJKV1QiLCJhbGciOiJIUzI1NiJ9.eyJzdWIiOiJ1c2VyIiwiaWF0IjoxNzM5OTg3MDk4LCJleHAiOjE3NDAwNzM0OTgsInVzZXJJZCI6IjI5In0.eRY_4d3ZCue2cdCOX73lhz46dcuEbwrV8rABMg0j23M,29
00:00:30.490 [http-nio-8080-exec-3] INFO  c.h.w.a.UserLoginInterceptor - [preHandle,40] - accessToken:eyJ0eXAiOiJKV1QiLCJhbGciOiJIUzI1NiJ9.eyJzdWIiOiJ1c2VyIiwiaWF0IjoxNzM5OTg3MDk4LCJleHAiOjE3NDAwNzM0OTgsInVzZXJJZCI6IjI5In0.eRY_4d3ZCue2cdCOX73lhz46dcuEbwrV8rABMg0j23M,29
00:00:30.563 [http-nio-8080-exec-1] INFO  c.h.w.w.WebSocketServer - [onOpen,70] - 29加入webSocket！当前人数为=1
00:00:30.577 [restartedMain] INFO  o.q.c.QuartzScheduler - [start,547] - Scheduler quartzScheduler_$_NON_CLUSTERED started.
00:00:30.595 [restartedMain] INFO  c.h.HongshuApplication - [logStarted,61] - Started HongshuApplication in 19.433 seconds (JVM running for 21.779)
00:00:30.651 [http-nio-8080-exec-4] INFO  c.h.w.a.UserLoginInterceptor - [preHandle,40] - accessToken:null,null
00:00:30.678 [http-nio-8080-exec-4] INFO  c.h.w.s.i.WebAuthUserServiceImpl - [refreshToken,203] - userId:29
00:00:30.743 [http-nio-8080-exec-5] INFO  c.h.w.a.UserLoginInterceptor - [preHandle,40] - accessToken:eyJ0eXAiOiJKV1QiLCJhbGciOiJIUzI1NiJ9.eyJzdWIiOiJ1c2VyIiwiaWF0IjoxNzQwMTUzNjMwLCJleHAiOjE3NDAyNDAwMzAsInVzZXJJZCI6IjI5In0.dEx1eKWE24zl4SjbFpbQwoM_6pfGsbEWYXPw10DoREY,29
00:00:30.779 [http-nio-8080-exec-6] INFO  c.h.w.a.UserLoginInterceptor - [preHandle,40] - accessToken:eyJ0eXAiOiJKV1QiLCJhbGciOiJIUzI1NiJ9.eyJzdWIiOiJ1c2VyIiwiaWF0IjoxNzQwMTUzNjMwLCJleHAiOjE3NDAyNDAwMzAsInVzZXJJZCI6IjI5In0.dEx1eKWE24zl4SjbFpbQwoM_6pfGsbEWYXPw10DoREY,29
00:00:30.902 [http-nio-8080-exec-7] INFO  c.h.w.a.UserLoginInterceptor - [preHandle,40] - accessToken:eyJ0eXAiOiJKV1QiLCJhbGciOiJIUzI1NiJ9.eyJzdWIiOiJ1c2VyIiwiaWF0IjoxNzQwMTUzNjMwLCJleHAiOjE3NDAyNDAwMzAsInVzZXJJZCI6IjI5In0.dEx1eKWE24zl4SjbFpbQwoM_6pfGsbEWYXPw10DoREY,29
00:00:32.142 [http-nio-8080-exec-8] INFO  c.h.w.a.UserLoginInterceptor - [preHandle,40] - accessToken:eyJ0eXAiOiJKV1QiLCJhbGciOiJIUzI1NiJ9.eyJzdWIiOiJ1c2VyIiwiaWF0IjoxNzQwMTUzNjMwLCJleHAiOjE3NDAyNDAwMzAsInVzZXJJZCI6IjI5In0.dEx1eKWE24zl4SjbFpbQwoM_6pfGsbEWYXPw10DoREY,29
00:00:32.172 [http-nio-8080-exec-9] INFO  c.h.w.a.UserLoginInterceptor - [preHandle,40] - accessToken:eyJ0eXAiOiJKV1QiLCJhbGciOiJIUzI1NiJ9.eyJzdWIiOiJ1c2VyIiwiaWF0IjoxNzQwMTUzNjMwLCJleHAiOjE3NDAyNDAwMzAsInVzZXJJZCI6IjI5In0.dEx1eKWE24zl4SjbFpbQwoM_6pfGsbEWYXPw10DoREY,29
00:00:33.247 [http-nio-8080-exec-10] INFO  c.h.w.a.UserLoginInterceptor - [preHandle,40] - accessToken:eyJ0eXAiOiJKV1QiLCJhbGciOiJIUzI1NiJ9.eyJzdWIiOiJ1c2VyIiwiaWF0IjoxNzQwMTUzNjMwLCJleHAiOjE3NDAyNDAwMzAsInVzZXJJZCI6IjI5In0.dEx1eKWE24zl4SjbFpbQwoM_6pfGsbEWYXPw10DoREY,29
00:00:33.272 [http-nio-8080-exec-11] INFO  c.h.w.a.UserLoginInterceptor - [preHandle,40] - accessToken:eyJ0eXAiOiJKV1QiLCJhbGciOiJIUzI1NiJ9.eyJzdWIiOiJ1c2VyIiwiaWF0IjoxNzQwMTUzNjMwLCJleHAiOjE3NDAyNDAwMzAsInVzZXJJZCI6IjI5In0.dEx1eKWE24zl4SjbFpbQwoM_6pfGsbEWYXPw10DoREY,29
00:00:35.009 [http-nio-8080-exec-12] INFO  c.h.w.a.UserLoginInterceptor - [preHandle,40] - accessToken:eyJ0eXAiOiJKV1QiLCJhbGciOiJIUzI1NiJ9.eyJzdWIiOiJ1c2VyIiwiaWF0IjoxNzQwMTUzNjMwLCJleHAiOjE3NDAyNDAwMzAsInVzZXJJZCI6IjI5In0.dEx1eKWE24zl4SjbFpbQwoM_6pfGsbEWYXPw10DoREY,29
00:00:35.034 [http-nio-8080-exec-13] INFO  c.h.w.a.UserLoginInterceptor - [preHandle,40] - accessToken:eyJ0eXAiOiJKV1QiLCJhbGciOiJIUzI1NiJ9.eyJzdWIiOiJ1c2VyIiwiaWF0IjoxNzQwMTUzNjMwLCJleHAiOjE3NDAyNDAwMzAsInVzZXJJZCI6IjI5In0.dEx1eKWE24zl4SjbFpbQwoM_6pfGsbEWYXPw10DoREY,29
00:00:36.957 [http-nio-8080-exec-14] INFO  c.h.w.a.UserLoginInterceptor - [preHandle,40] - accessToken:eyJ0eXAiOiJKV1QiLCJhbGciOiJIUzI1NiJ9.eyJzdWIiOiJ1c2VyIiwiaWF0IjoxNzQwMTUzNjMwLCJleHAiOjE3NDAyNDAwMzAsInVzZXJJZCI6IjI5In0.dEx1eKWE24zl4SjbFpbQwoM_6pfGsbEWYXPw10DoREY,29
00:00:42.763 [http-nio-8080-exec-15] INFO  c.h.w.w.WebSocketServer - [onClose,78] - 29断开webSocket连接！当前人数为=0
00:00:43.103 [http-nio-8080-exec-16] INFO  c.h.w.w.WebSocketServer - [onOpen,70] - 29加入webSocket！当前人数为=1
00:00:43.146 [http-nio-8080-exec-17] INFO  c.h.w.a.UserLoginInterceptor - [preHandle,40] - accessToken:eyJ0eXAiOiJKV1QiLCJhbGciOiJIUzI1NiJ9.eyJzdWIiOiJ1c2VyIiwiaWF0IjoxNzQwMTUzNjMwLCJleHAiOjE3NDAyNDAwMzAsInVzZXJJZCI6IjI5In0.dEx1eKWE24zl4SjbFpbQwoM_6pfGsbEWYXPw10DoREY,29
00:00:43.148 [http-nio-8080-exec-18] INFO  c.h.w.a.UserLoginInterceptor - [preHandle,40] - accessToken:eyJ0eXAiOiJKV1QiLCJhbGciOiJIUzI1NiJ9.eyJzdWIiOiJ1c2VyIiwiaWF0IjoxNzQwMTUzNjMwLCJleHAiOjE3NDAyNDAwMzAsInVzZXJJZCI6IjI5In0.dEx1eKWE24zl4SjbFpbQwoM_6pfGsbEWYXPw10DoREY,29
00:00:43.233 [http-nio-8080-exec-19] INFO  c.h.w.a.UserLoginInterceptor - [preHandle,40] - accessToken:eyJ0eXAiOiJKV1QiLCJhbGciOiJIUzI1NiJ9.eyJzdWIiOiJ1c2VyIiwiaWF0IjoxNzQwMTUzNjMwLCJleHAiOjE3NDAyNDAwMzAsInVzZXJJZCI6IjI5In0.dEx1eKWE24zl4SjbFpbQwoM_6pfGsbEWYXPw10DoREY,29
00:00:44.742 [http-nio-8080-exec-20] INFO  c.h.w.a.UserLoginInterceptor - [preHandle,40] - accessToken:eyJ0eXAiOiJKV1QiLCJhbGciOiJIUzI1NiJ9.eyJzdWIiOiJ1c2VyIiwiaWF0IjoxNzQwMTUzNjMwLCJleHAiOjE3NDAyNDAwMzAsInVzZXJJZCI6IjI5In0.dEx1eKWE24zl4SjbFpbQwoM_6pfGsbEWYXPw10DoREY,29
00:00:44.762 [http-nio-8080-exec-21] INFO  c.h.w.a.UserLoginInterceptor - [preHandle,40] - accessToken:eyJ0eXAiOiJKV1QiLCJhbGciOiJIUzI1NiJ9.eyJzdWIiOiJ1c2VyIiwiaWF0IjoxNzQwMTUzNjMwLCJleHAiOjE3NDAyNDAwMzAsInVzZXJJZCI6IjI5In0.dEx1eKWE24zl4SjbFpbQwoM_6pfGsbEWYXPw10DoREY,29
00:00:45.776 [http-nio-8080-exec-22] INFO  c.h.w.a.UserLoginInterceptor - [preHandle,40] - accessToken:eyJ0eXAiOiJKV1QiLCJhbGciOiJIUzI1NiJ9.eyJzdWIiOiJ1c2VyIiwiaWF0IjoxNzQwMTUzNjMwLCJleHAiOjE3NDAyNDAwMzAsInVzZXJJZCI6IjI5In0.dEx1eKWE24zl4SjbFpbQwoM_6pfGsbEWYXPw10DoREY,29
00:00:45.799 [http-nio-8080-exec-23] INFO  c.h.w.a.UserLoginInterceptor - [preHandle,40] - accessToken:eyJ0eXAiOiJKV1QiLCJhbGciOiJIUzI1NiJ9.eyJzdWIiOiJ1c2VyIiwiaWF0IjoxNzQwMTUzNjMwLCJleHAiOjE3NDAyNDAwMzAsInVzZXJJZCI6IjI5In0.dEx1eKWE24zl4SjbFpbQwoM_6pfGsbEWYXPw10DoREY,29
00:00:47.913 [http-nio-8080-exec-24] INFO  c.h.w.a.UserLoginInterceptor - [preHandle,40] - accessToken:eyJ0eXAiOiJKV1QiLCJhbGciOiJIUzI1NiJ9.eyJzdWIiOiJ1c2VyIiwiaWF0IjoxNzQwMTUzNjMwLCJleHAiOjE3NDAyNDAwMzAsInVzZXJJZCI6IjI5In0.dEx1eKWE24zl4SjbFpbQwoM_6pfGsbEWYXPw10DoREY,29
00:00:47.914 [http-nio-8080-exec-25] INFO  c.h.w.a.UserLoginInterceptor - [preHandle,40] - accessToken:eyJ0eXAiOiJKV1QiLCJhbGciOiJIUzI1NiJ9.eyJzdWIiOiJ1c2VyIiwiaWF0IjoxNzQwMTUzNjMwLCJleHAiOjE3NDAyNDAwMzAsInVzZXJJZCI6IjI5In0.dEx1eKWE24zl4SjbFpbQwoM_6pfGsbEWYXPw10DoREY,29
00:00:50.042 [http-nio-8080-exec-26] INFO  c.h.w.a.UserLoginInterceptor - [preHandle,40] - accessToken:eyJ0eXAiOiJKV1QiLCJhbGciOiJIUzI1NiJ9.eyJzdWIiOiJ1c2VyIiwiaWF0IjoxNzQwMTUzNjMwLCJleHAiOjE3NDAyNDAwMzAsInVzZXJJZCI6IjI5In0.dEx1eKWE24zl4SjbFpbQwoM_6pfGsbEWYXPw10DoREY,29
00:00:51.777 [http-nio-8080-exec-27] INFO  c.h.w.w.WebSocketServer - [onClose,78] - 29断开webSocket连接！当前人数为=0
00:00:52.037 [http-nio-8080-exec-28] INFO  c.h.w.w.WebSocketServer - [onOpen,70] - 29加入webSocket！当前人数为=1
00:00:52.077 [http-nio-8080-exec-29] INFO  c.h.w.a.UserLoginInterceptor - [preHandle,40] - accessToken:eyJ0eXAiOiJKV1QiLCJhbGciOiJIUzI1NiJ9.eyJzdWIiOiJ1c2VyIiwiaWF0IjoxNzQwMTUzNjMwLCJleHAiOjE3NDAyNDAwMzAsInVzZXJJZCI6IjI5In0.dEx1eKWE24zl4SjbFpbQwoM_6pfGsbEWYXPw10DoREY,29
00:00:52.077 [http-nio-8080-exec-30] INFO  c.h.w.a.UserLoginInterceptor - [preHandle,40] - accessToken:eyJ0eXAiOiJKV1QiLCJhbGciOiJIUzI1NiJ9.eyJzdWIiOiJ1c2VyIiwiaWF0IjoxNzQwMTUzNjMwLCJleHAiOjE3NDAyNDAwMzAsInVzZXJJZCI6IjI5In0.dEx1eKWE24zl4SjbFpbQwoM_6pfGsbEWYXPw10DoREY,29
00:00:52.136 [http-nio-8080-exec-31] INFO  c.h.w.a.UserLoginInterceptor - [preHandle,40] - accessToken:eyJ0eXAiOiJKV1QiLCJhbGciOiJIUzI1NiJ9.eyJzdWIiOiJ1c2VyIiwiaWF0IjoxNzQwMTUzNjMwLCJleHAiOjE3NDAyNDAwMzAsInVzZXJJZCI6IjI5In0.dEx1eKWE24zl4SjbFpbQwoM_6pfGsbEWYXPw10DoREY,29
00:00:54.587 [http-nio-8080-exec-32] INFO  c.h.w.a.UserLoginInterceptor - [preHandle,40] - accessToken:eyJ0eXAiOiJKV1QiLCJhbGciOiJIUzI1NiJ9.eyJzdWIiOiJ1c2VyIiwiaWF0IjoxNzQwMTUzNjMwLCJleHAiOjE3NDAyNDAwMzAsInVzZXJJZCI6IjI5In0.dEx1eKWE24zl4SjbFpbQwoM_6pfGsbEWYXPw10DoREY,29
00:00:54.607 [http-nio-8080-exec-33] INFO  c.h.w.a.UserLoginInterceptor - [preHandle,40] - accessToken:eyJ0eXAiOiJKV1QiLCJhbGciOiJIUzI1NiJ9.eyJzdWIiOiJ1c2VyIiwiaWF0IjoxNzQwMTUzNjMwLCJleHAiOjE3NDAyNDAwMzAsInVzZXJJZCI6IjI5In0.dEx1eKWE24zl4SjbFpbQwoM_6pfGsbEWYXPw10DoREY,29
00:00:55.935 [http-nio-8080-exec-34] INFO  c.h.w.a.UserLoginInterceptor - [preHandle,40] - accessToken:eyJ0eXAiOiJKV1QiLCJhbGciOiJIUzI1NiJ9.eyJzdWIiOiJ1c2VyIiwiaWF0IjoxNzQwMTUzNjMwLCJleHAiOjE3NDAyNDAwMzAsInVzZXJJZCI6IjI5In0.dEx1eKWE24zl4SjbFpbQwoM_6pfGsbEWYXPw10DoREY,29
00:00:55.936 [http-nio-8080-exec-35] INFO  c.h.w.a.UserLoginInterceptor - [preHandle,40] - accessToken:eyJ0eXAiOiJKV1QiLCJhbGciOiJIUzI1NiJ9.eyJzdWIiOiJ1c2VyIiwiaWF0IjoxNzQwMTUzNjMwLCJleHAiOjE3NDAyNDAwMzAsInVzZXJJZCI6IjI5In0.dEx1eKWE24zl4SjbFpbQwoM_6pfGsbEWYXPw10DoREY,29
00:01:01.958 [http-nio-8080-exec-36] INFO  c.h.w.a.UserLoginInterceptor - [preHandle,40] - accessToken:eyJ0eXAiOiJKV1QiLCJhbGciOiJIUzI1NiJ9.eyJzdWIiOiJ1c2VyIiwiaWF0IjoxNzQwMTUzNjMwLCJleHAiOjE3NDAyNDAwMzAsInVzZXJJZCI6IjI5In0.dEx1eKWE24zl4SjbFpbQwoM_6pfGsbEWYXPw10DoREY,29
00:01:02.597 [http-nio-8080-exec-37] INFO  c.h.w.a.UserLoginInterceptor - [preHandle,40] - accessToken:eyJ0eXAiOiJKV1QiLCJhbGciOiJIUzI1NiJ9.eyJzdWIiOiJ1c2VyIiwiaWF0IjoxNzQwMTUzNjMwLCJleHAiOjE3NDAyNDAwMzAsInVzZXJJZCI6IjI5In0.dEx1eKWE24zl4SjbFpbQwoM_6pfGsbEWYXPw10DoREY,29
00:01:04.832 [http-nio-8080-exec-38] INFO  c.h.w.a.UserLoginInterceptor - [preHandle,40] - accessToken:eyJ0eXAiOiJKV1QiLCJhbGciOiJIUzI1NiJ9.eyJzdWIiOiJ1c2VyIiwiaWF0IjoxNzQwMTUzNjMwLCJleHAiOjE3NDAyNDAwMzAsInVzZXJJZCI6IjI5In0.dEx1eKWE24zl4SjbFpbQwoM_6pfGsbEWYXPw10DoREY,29
00:01:04.852 [http-nio-8080-exec-39] INFO  c.h.w.a.UserLoginInterceptor - [preHandle,40] - accessToken:eyJ0eXAiOiJKV1QiLCJhbGciOiJIUzI1NiJ9.eyJzdWIiOiJ1c2VyIiwiaWF0IjoxNzQwMTUzNjMwLCJleHAiOjE3NDAyNDAwMzAsInVzZXJJZCI6IjI5In0.dEx1eKWE24zl4SjbFpbQwoM_6pfGsbEWYXPw10DoREY,29
00:01:13.034 [http-nio-8080-exec-40] INFO  c.h.w.a.UserLoginInterceptor - [preHandle,40] - accessToken:eyJ0eXAiOiJKV1QiLCJhbGciOiJIUzI1NiJ9.eyJzdWIiOiJ1c2VyIiwiaWF0IjoxNzQwMTUzNjMwLCJleHAiOjE3NDAyNDAwMzAsInVzZXJJZCI6IjI5In0.dEx1eKWE24zl4SjbFpbQwoM_6pfGsbEWYXPw10DoREY,29
00:01:13.057 [http-nio-8080-exec-41] INFO  c.h.w.a.UserLoginInterceptor - [preHandle,40] - accessToken:eyJ0eXAiOiJKV1QiLCJhbGciOiJIUzI1NiJ9.eyJzdWIiOiJ1c2VyIiwiaWF0IjoxNzQwMTUzNjMwLCJleHAiOjE3NDAyNDAwMzAsInVzZXJJZCI6IjI5In0.dEx1eKWE24zl4SjbFpbQwoM_6pfGsbEWYXPw10DoREY,29
00:01:18.633 [http-nio-8080-exec-43] INFO  c.h.w.w.WebSocketServer - [onOpen,70] - 29加入webSocket！当前人数为=2
00:01:18.663 [http-nio-8080-exec-42] INFO  c.h.w.a.UserLoginInterceptor - [preHandle,40] - accessToken:eyJ0eXAiOiJKV1QiLCJhbGciOiJIUzI1NiJ9.eyJzdWIiOiJ1c2VyIiwiaWF0IjoxNzQwMTUzNjMwLCJleHAiOjE3NDAyNDAwMzAsInVzZXJJZCI6IjI5In0.dEx1eKWE24zl4SjbFpbQwoM_6pfGsbEWYXPw10DoREY,29
00:01:18.665 [http-nio-8080-exec-44] INFO  c.h.w.a.UserLoginInterceptor - [preHandle,40] - accessToken:eyJ0eXAiOiJKV1QiLCJhbGciOiJIUzI1NiJ9.eyJzdWIiOiJ1c2VyIiwiaWF0IjoxNzQwMTUzNjMwLCJleHAiOjE3NDAyNDAwMzAsInVzZXJJZCI6IjI5In0.dEx1eKWE24zl4SjbFpbQwoM_6pfGsbEWYXPw10DoREY,29
00:01:18.665 [http-nio-8080-exec-45] INFO  c.h.w.a.UserLoginInterceptor - [preHandle,40] - accessToken:eyJ0eXAiOiJKV1QiLCJhbGciOiJIUzI1NiJ9.eyJzdWIiOiJ1c2VyIiwiaWF0IjoxNzQwMTUzNjMwLCJleHAiOjE3NDAyNDAwMzAsInVzZXJJZCI6IjI5In0.dEx1eKWE24zl4SjbFpbQwoM_6pfGsbEWYXPw10DoREY,29
00:01:18.666 [http-nio-8080-exec-46] INFO  c.h.w.a.UserLoginInterceptor - [preHandle,40] - accessToken:eyJ0eXAiOiJKV1QiLCJhbGciOiJIUzI1NiJ9.eyJzdWIiOiJ1c2VyIiwiaWF0IjoxNzQwMTUzNjMwLCJleHAiOjE3NDAyNDAwMzAsInVzZXJJZCI6IjI5In0.dEx1eKWE24zl4SjbFpbQwoM_6pfGsbEWYXPw10DoREY,29
00:01:18.715 [http-nio-8080-exec-47] INFO  c.h.w.a.UserLoginInterceptor - [preHandle,40] - accessToken:eyJ0eXAiOiJKV1QiLCJhbGciOiJIUzI1NiJ9.eyJzdWIiOiJ1c2VyIiwiaWF0IjoxNzQwMTUzNjMwLCJleHAiOjE3NDAyNDAwMzAsInVzZXJJZCI6IjI5In0.dEx1eKWE24zl4SjbFpbQwoM_6pfGsbEWYXPw10DoREY,29
00:01:18.730 [http-nio-8080-exec-45] INFO  c.g.d.c.DozerBeanMapperBuilder - [build,544] - Initializing Dozer. Version: 6.5.2, Thread Name: http-nio-8080-exec-45
00:01:18.731 [http-nio-8080-exec-45] INFO  c.g.d.c.c.r.LegacyPropertiesSettingsResolver - [processFile,60] - Trying to find Dozer configuration file: dozer.properties
00:01:18.733 [http-nio-8080-exec-45] INFO  c.g.d.c.c.r.LegacyPropertiesSettingsResolver - [processFile,63] - Failed to find dozer.properties via com.github.dozermapper.core.config.resolvers.LegacyPropertiesSettingsResolver.
00:05:12.058 [SpringApplicationShutdownHook] INFO  o.q.c.QuartzScheduler - [standby,585] - Scheduler quartzScheduler_$_NON_CLUSTERED paused.
00:05:12.104 [SpringApplicationShutdownHook] INFO  c.h.w.w.WebSocketServer - [onClose,78] - 29断开webSocket连接！当前人数为=1
00:05:12.105 [SpringApplicationShutdownHook] INFO  c.h.w.w.WebSocketServer - [onClose,78] - 29断开webSocket连接！当前人数为=0
00:05:12.143 [SpringApplicationShutdownHook] INFO  o.q.c.QuartzScheduler - [shutdown,666] - Scheduler quartzScheduler_$_NON_CLUSTERED shutting down.
00:05:12.144 [SpringApplicationShutdownHook] INFO  o.q.c.QuartzScheduler - [standby,585] - Scheduler quartzScheduler_$_NON_CLUSTERED paused.
00:05:12.144 [SpringApplicationShutdownHook] INFO  o.q.c.QuartzScheduler - [shutdown,740] - Scheduler quartzScheduler_$_NON_CLUSTERED shutdown complete.
00:05:12.145 [SpringApplicationShutdownHook] INFO  sys-user - [shutdownAsyncManager,29] - ====关闭后台任务任务线程池====
00:05:12.155 [SpringApplicationShutdownHook] INFO  c.a.d.p.DruidDataSource - [close,2174] - {dataSource-1} closing ...
00:05:12.181 [SpringApplicationShutdownHook] INFO  c.a.d.p.DruidDataSource - [close,2247] - {dataSource-1} closed
00:05:18.933 [restartedMain] INFO  c.h.HongshuApplication - [logStarting,55] - Starting HongshuApplication using Java 17.0.10 on LAPTOP-9J80MR47 with PID 17072 (D:\hongshu-server\hongshu-master\hongshu-server\target\classes started by 21916 in D:\hongshu-server\hongshu-master)
00:05:18.938 [restartedMain] INFO  c.h.HongshuApplication - [logStartupProfileInfo,686] - The following 1 profile is active: "druid"
00:05:18.951 [background-preinit] INFO  o.h.v.i.util.Version - [<clinit>,21] - HV000001: Hibernate Validator 6.2.5.Final
00:05:23.727 [restartedMain] INFO  o.a.c.c.AprLifecycleListener - [log,173] - Loaded Apache Tomcat Native library [1.2.36] using APR version [1.7.2].
00:05:23.727 [restartedMain] INFO  o.a.c.c.AprLifecycleListener - [log,173] - APR capabilities: IPv6 [true], sendfile [true], accept filters [false], random [true], UDS [true].
00:05:23.728 [restartedMain] INFO  o.a.c.c.AprLifecycleListener - [log,173] - APR/OpenSSL configuration: useAprConnector [false], useOpenSSL [true]
00:05:23.734 [restartedMain] INFO  o.a.c.c.AprLifecycleListener - [log,173] - OpenSSL successfully initialized [OpenSSL 1.1.1t  7 Feb 2023]
00:05:23.748 [restartedMain] INFO  o.a.c.h.Http11NioProtocol - [log,173] - Initializing ProtocolHandler ["http-nio-8080"]
00:05:23.749 [restartedMain] INFO  o.a.c.c.StandardService - [log,173] - Starting service [Tomcat]
00:05:23.749 [restartedMain] INFO  o.a.c.c.StandardEngine - [log,173] - Starting Servlet engine: [Apache Tomcat/9.0.75]
00:05:24.211 [restartedMain] INFO  o.a.c.c.C.[.[.[/] - [log,173] - Initializing Spring embedded WebApplicationContext
00:05:27.518 [restartedMain] INFO  c.a.d.p.DruidDataSource - [init,1009] - {dataSource-1} inited
00:05:32.236 [restartedMain] INFO  o.q.i.StdSchedulerFactory - [instantiate,1220] - Using default implementation for ThreadExecutor
00:05:32.252 [restartedMain] INFO  o.q.c.SchedulerSignalerImpl - [<init>,61] - Initialized Scheduler Signaller of type: class org.quartz.core.SchedulerSignalerImpl
00:05:32.252 [restartedMain] INFO  o.q.c.QuartzScheduler - [<init>,229] - Quartz Scheduler v.2.3.2 created.
00:05:32.253 [restartedMain] INFO  o.q.s.RAMJobStore - [initialize,155] - RAMJobStore initialized.
00:05:32.254 [restartedMain] INFO  o.q.c.QuartzScheduler - [initialize,294] - Scheduler meta-data: Quartz Scheduler (v2.3.2) 'quartzScheduler' with instanceId 'NON_CLUSTERED'
  Scheduler class: 'org.quartz.core.QuartzScheduler' - running locally.
  NOT STARTED.
  Currently in standby mode.
  Number of jobs executed: 0
  Using thread pool 'org.quartz.simpl.SimpleThreadPool' - with 10 threads.
  Using job-store 'org.quartz.simpl.RAMJobStore' - which does not support persistence. and is not clustered.

00:05:32.255 [restartedMain] INFO  o.q.i.StdSchedulerFactory - [instantiate,1374] - Quartz scheduler 'quartzScheduler' initialized from an externally provided properties instance.
00:05:32.255 [restartedMain] INFO  o.q.i.StdSchedulerFactory - [instantiate,1378] - Quartz scheduler version: 2.3.2
00:05:32.255 [restartedMain] INFO  o.q.c.QuartzScheduler - [setJobFactory,2293] - JobFactory set to: org.springframework.scheduling.quartz.SpringBeanJobFactory@1258e319
00:05:33.716 [restartedMain] INFO  c.g.d.c.DozerBeanMapperBuilder - [build,544] - Initializing Dozer. Version: 6.5.2, Thread Name: restartedMain
00:05:33.718 [restartedMain] INFO  c.g.d.c.u.RuntimeUtils - [isOSGi,53] - OSGi support is false
00:05:33.726 [restartedMain] INFO  c.g.d.c.c.r.LegacyPropertiesSettingsResolver - [processFile,60] - Trying to find Dozer configuration file: dozer.properties
00:05:33.727 [restartedMain] INFO  c.g.d.c.c.r.LegacyPropertiesSettingsResolver - [processFile,63] - Failed to find dozer.properties via com.github.dozermapper.core.config.resolvers.LegacyPropertiesSettingsResolver.
00:05:33.734 [restartedMain] INFO  c.g.d.c.e.ELExpressionFactory - [isSupported,60] - javax.el is not supported; Failed to resolve ExpressionFactory, com.sun.el.ExpressionFactoryImpl
00:05:36.488 [restartedMain] INFO  o.a.c.h.Http11NioProtocol - [log,173] - Starting ProtocolHandler ["http-nio-8080"]
00:05:37.185 [restartedMain] INFO  o.q.c.QuartzScheduler - [start,547] - Scheduler quartzScheduler_$_NON_CLUSTERED started.
00:05:37.202 [restartedMain] INFO  c.h.HongshuApplication - [logStarted,61] - Started HongshuApplication in 18.881 seconds (JVM running for 21.16)
00:05:39.553 [http-nio-8080-exec-1] INFO  o.a.t.u.h.p.Cookie - [log,173] - A cookie header was received [Hm_lvt_0febd9e3cacb3f627ddac64d52caac39=1719238185,1719239588;] that contained an invalid cookie. That cookie will be ignored.
 Note: further occurrences of this error will be logged at DEBUG level.
00:05:39.562 [http-nio-8080-exec-1] INFO  o.a.c.c.C.[.[.[/] - [log,173] - Initializing Spring DispatcherServlet 'dispatcherServlet'
00:05:39.674 [http-nio-8080-exec-1] INFO  c.h.w.w.WebSocketServer - [onOpen,70] - 29加入webSocket！当前人数为=1
00:05:40.443 [http-nio-8080-exec-2] INFO  c.h.w.a.UserLoginInterceptor - [preHandle,40] - accessToken:eyJ0eXAiOiJKV1QiLCJhbGciOiJIUzI1NiJ9.eyJzdWIiOiJ1c2VyIiwiaWF0IjoxNzQwMTUzNjMwLCJleHAiOjE3NDAyNDAwMzAsInVzZXJJZCI6IjI5In0.dEx1eKWE24zl4SjbFpbQwoM_6pfGsbEWYXPw10DoREY,29
00:05:41.475 [http-nio-8080-exec-3] INFO  c.h.w.w.WebSocketServer - [onOpen,70] - 29加入webSocket！当前人数为=2
00:05:42.571 [http-nio-8080-exec-4] INFO  c.h.w.a.UserLoginInterceptor - [preHandle,40] - accessToken:eyJ0eXAiOiJKV1QiLCJhbGciOiJIUzI1NiJ9.eyJzdWIiOiJ1c2VyIiwiaWF0IjoxNzQwMTUzNjMwLCJleHAiOjE3NDAyNDAwMzAsInVzZXJJZCI6IjI5In0.dEx1eKWE24zl4SjbFpbQwoM_6pfGsbEWYXPw10DoREY,29
00:08:15.536 [http-nio-8080-exec-5] INFO  c.h.w.w.WebSocketServer - [onOpen,70] - 29加入webSocket！当前人数为=3
00:08:15.631 [http-nio-8080-exec-7] INFO  c.h.w.a.UserLoginInterceptor - [preHandle,40] - accessToken:eyJ0eXAiOiJKV1QiLCJhbGciOiJIUzI1NiJ9.eyJzdWIiOiJ1c2VyIiwiaWF0IjoxNzQwMTUzNjMwLCJleHAiOjE3NDAyNDAwMzAsInVzZXJJZCI6IjI5In0.dEx1eKWE24zl4SjbFpbQwoM_6pfGsbEWYXPw10DoREY,29
00:08:15.631 [http-nio-8080-exec-6] INFO  c.h.w.a.UserLoginInterceptor - [preHandle,40] - accessToken:eyJ0eXAiOiJKV1QiLCJhbGciOiJIUzI1NiJ9.eyJzdWIiOiJ1c2VyIiwiaWF0IjoxNzQwMTUzNjMwLCJleHAiOjE3NDAyNDAwMzAsInVzZXJJZCI6IjI5In0.dEx1eKWE24zl4SjbFpbQwoM_6pfGsbEWYXPw10DoREY,29
00:08:15.632 [http-nio-8080-exec-9] INFO  c.h.w.a.UserLoginInterceptor - [preHandle,40] - accessToken:eyJ0eXAiOiJKV1QiLCJhbGciOiJIUzI1NiJ9.eyJzdWIiOiJ1c2VyIiwiaWF0IjoxNzQwMTUzNjMwLCJleHAiOjE3NDAyNDAwMzAsInVzZXJJZCI6IjI5In0.dEx1eKWE24zl4SjbFpbQwoM_6pfGsbEWYXPw10DoREY,29
00:08:15.633 [http-nio-8080-exec-8] INFO  c.h.w.a.UserLoginInterceptor - [preHandle,40] - accessToken:eyJ0eXAiOiJKV1QiLCJhbGciOiJIUzI1NiJ9.eyJzdWIiOiJ1c2VyIiwiaWF0IjoxNzQwMTUzNjMwLCJleHAiOjE3NDAyNDAwMzAsInVzZXJJZCI6IjI5In0.dEx1eKWE24zl4SjbFpbQwoM_6pfGsbEWYXPw10DoREY,29
00:08:15.716 [http-nio-8080-exec-6] INFO  c.g.d.c.DozerBeanMapperBuilder - [build,544] - Initializing Dozer. Version: 6.5.2, Thread Name: http-nio-8080-exec-6
00:08:15.717 [http-nio-8080-exec-6] INFO  c.g.d.c.c.r.LegacyPropertiesSettingsResolver - [processFile,60] - Trying to find Dozer configuration file: dozer.properties
00:08:15.719 [http-nio-8080-exec-6] INFO  c.g.d.c.c.r.LegacyPropertiesSettingsResolver - [processFile,63] - Failed to find dozer.properties via com.github.dozermapper.core.config.resolvers.LegacyPropertiesSettingsResolver.
00:08:15.761 [http-nio-8080-exec-10] INFO  c.h.w.a.UserLoginInterceptor - [preHandle,40] - accessToken:eyJ0eXAiOiJKV1QiLCJhbGciOiJIUzI1NiJ9.eyJzdWIiOiJ1c2VyIiwiaWF0IjoxNzQwMTUzNjMwLCJleHAiOjE3NDAyNDAwMzAsInVzZXJJZCI6IjI5In0.dEx1eKWE24zl4SjbFpbQwoM_6pfGsbEWYXPw10DoREY,29
00:08:36.053 [http-nio-8080-exec-11] INFO  c.h.w.a.UserLoginInterceptor - [preHandle,40] - accessToken:eyJ0eXAiOiJKV1QiLCJhbGciOiJIUzI1NiJ9.eyJzdWIiOiJ1c2VyIiwiaWF0IjoxNzQwMTUzNjMwLCJleHAiOjE3NDAyNDAwMzAsInVzZXJJZCI6IjI5In0.dEx1eKWE24zl4SjbFpbQwoM_6pfGsbEWYXPw10DoREY,29
00:08:38.372 [http-nio-8080-exec-12] INFO  c.h.w.w.WebSocketServer - [onOpen,70] - 29加入webSocket！当前人数为=4
00:08:38.408 [http-nio-8080-exec-14] INFO  c.h.w.a.UserLoginInterceptor - [preHandle,40] - accessToken:eyJ0eXAiOiJKV1QiLCJhbGciOiJIUzI1NiJ9.eyJzdWIiOiJ1c2VyIiwiaWF0IjoxNzQwMTUzNjMwLCJleHAiOjE3NDAyNDAwMzAsInVzZXJJZCI6IjI5In0.dEx1eKWE24zl4SjbFpbQwoM_6pfGsbEWYXPw10DoREY,29
00:08:38.409 [http-nio-8080-exec-13] INFO  c.h.w.a.UserLoginInterceptor - [preHandle,40] - accessToken:eyJ0eXAiOiJKV1QiLCJhbGciOiJIUzI1NiJ9.eyJzdWIiOiJ1c2VyIiwiaWF0IjoxNzQwMTUzNjMwLCJleHAiOjE3NDAyNDAwMzAsInVzZXJJZCI6IjI5In0.dEx1eKWE24zl4SjbFpbQwoM_6pfGsbEWYXPw10DoREY,29
00:08:38.409 [http-nio-8080-exec-16] INFO  c.h.w.a.UserLoginInterceptor - [preHandle,40] - accessToken:eyJ0eXAiOiJKV1QiLCJhbGciOiJIUzI1NiJ9.eyJzdWIiOiJ1c2VyIiwiaWF0IjoxNzQwMTUzNjMwLCJleHAiOjE3NDAyNDAwMzAsInVzZXJJZCI6IjI5In0.dEx1eKWE24zl4SjbFpbQwoM_6pfGsbEWYXPw10DoREY,29
00:08:38.413 [http-nio-8080-exec-17] INFO  c.h.w.a.UserLoginInterceptor - [preHandle,40] - accessToken:eyJ0eXAiOiJKV1QiLCJhbGciOiJIUzI1NiJ9.eyJzdWIiOiJ1c2VyIiwiaWF0IjoxNzQwMTUzNjMwLCJleHAiOjE3NDAyNDAwMzAsInVzZXJJZCI6IjI5In0.dEx1eKWE24zl4SjbFpbQwoM_6pfGsbEWYXPw10DoREY,29
00:08:38.413 [http-nio-8080-exec-15] INFO  c.h.w.a.UserLoginInterceptor - [preHandle,40] - accessToken:eyJ0eXAiOiJKV1QiLCJhbGciOiJIUzI1NiJ9.eyJzdWIiOiJ1c2VyIiwiaWF0IjoxNzQwMTUzNjMwLCJleHAiOjE3NDAyNDAwMzAsInVzZXJJZCI6IjI5In0.dEx1eKWE24zl4SjbFpbQwoM_6pfGsbEWYXPw10DoREY,29
00:08:38.454 [http-nio-8080-exec-18] INFO  c.h.w.a.UserLoginInterceptor - [preHandle,40] - accessToken:eyJ0eXAiOiJKV1QiLCJhbGciOiJIUzI1NiJ9.eyJzdWIiOiJ1c2VyIiwiaWF0IjoxNzQwMTUzNjMwLCJleHAiOjE3NDAyNDAwMzAsInVzZXJJZCI6IjI5In0.dEx1eKWE24zl4SjbFpbQwoM_6pfGsbEWYXPw10DoREY,29
00:08:40.283 [http-nio-8080-exec-19] INFO  c.h.w.a.UserLoginInterceptor - [preHandle,40] - accessToken:eyJ0eXAiOiJKV1QiLCJhbGciOiJIUzI1NiJ9.eyJzdWIiOiJ1c2VyIiwiaWF0IjoxNzQwMTUzNjMwLCJleHAiOjE3NDAyNDAwMzAsInVzZXJJZCI6IjI5In0.dEx1eKWE24zl4SjbFpbQwoM_6pfGsbEWYXPw10DoREY,29
00:08:42.688 [http-nio-8080-exec-20] INFO  c.h.w.a.UserLoginInterceptor - [preHandle,40] - accessToken:eyJ0eXAiOiJKV1QiLCJhbGciOiJIUzI1NiJ9.eyJzdWIiOiJ1c2VyIiwiaWF0IjoxNzQwMTUzNjMwLCJleHAiOjE3NDAyNDAwMzAsInVzZXJJZCI6IjI5In0.dEx1eKWE24zl4SjbFpbQwoM_6pfGsbEWYXPw10DoREY,29
00:08:46.205 [http-nio-8080-exec-21] INFO  c.h.w.a.UserLoginInterceptor - [preHandle,40] - accessToken:eyJ0eXAiOiJKV1QiLCJhbGciOiJIUzI1NiJ9.eyJzdWIiOiJ1c2VyIiwiaWF0IjoxNzQwMTUzNjMwLCJleHAiOjE3NDAyNDAwMzAsInVzZXJJZCI6IjI5In0.dEx1eKWE24zl4SjbFpbQwoM_6pfGsbEWYXPw10DoREY,29
00:08:47.570 [http-nio-8080-exec-22] INFO  c.h.w.a.UserLoginInterceptor - [preHandle,40] - accessToken:eyJ0eXAiOiJKV1QiLCJhbGciOiJIUzI1NiJ9.eyJzdWIiOiJ1c2VyIiwiaWF0IjoxNzQwMTUzNjMwLCJleHAiOjE3NDAyNDAwMzAsInVzZXJJZCI6IjI5In0.dEx1eKWE24zl4SjbFpbQwoM_6pfGsbEWYXPw10DoREY,29
00:08:56.891 [http-nio-8080-exec-24] INFO  c.h.w.w.WebSocketServer - [onClose,78] - 29断开webSocket连接！当前人数为=2
00:08:56.891 [http-nio-8080-exec-26] INFO  c.h.w.w.WebSocketServer - [onClose,78] - 29断开webSocket连接！当前人数为=2
00:08:56.891 [http-nio-8080-exec-23] INFO  c.h.w.w.WebSocketServer - [onClose,78] - 29断开webSocket连接！当前人数为=0
00:08:56.891 [http-nio-8080-exec-25] INFO  c.h.w.w.WebSocketServer - [onClose,78] - 29断开webSocket连接！当前人数为=1
00:08:57.208 [http-nio-8080-exec-27] INFO  c.h.w.w.WebSocketServer - [onOpen,70] - 29加入webSocket！当前人数为=1
00:08:57.247 [http-nio-8080-exec-31] INFO  c.h.w.a.UserLoginInterceptor - [preHandle,40] - accessToken:eyJ0eXAiOiJKV1QiLCJhbGciOiJIUzI1NiJ9.eyJzdWIiOiJ1c2VyIiwiaWF0IjoxNzQwMTUzNjMwLCJleHAiOjE3NDAyNDAwMzAsInVzZXJJZCI6IjI5In0.dEx1eKWE24zl4SjbFpbQwoM_6pfGsbEWYXPw10DoREY,29
00:08:57.247 [http-nio-8080-exec-28] INFO  c.h.w.a.UserLoginInterceptor - [preHandle,40] - accessToken:eyJ0eXAiOiJKV1QiLCJhbGciOiJIUzI1NiJ9.eyJzdWIiOiJ1c2VyIiwiaWF0IjoxNzQwMTUzNjMwLCJleHAiOjE3NDAyNDAwMzAsInVzZXJJZCI6IjI5In0.dEx1eKWE24zl4SjbFpbQwoM_6pfGsbEWYXPw10DoREY,29
00:08:57.247 [http-nio-8080-exec-29] INFO  c.h.w.a.UserLoginInterceptor - [preHandle,40] - accessToken:eyJ0eXAiOiJKV1QiLCJhbGciOiJIUzI1NiJ9.eyJzdWIiOiJ1c2VyIiwiaWF0IjoxNzQwMTUzNjMwLCJleHAiOjE3NDAyNDAwMzAsInVzZXJJZCI6IjI5In0.dEx1eKWE24zl4SjbFpbQwoM_6pfGsbEWYXPw10DoREY,29
00:08:57.247 [http-nio-8080-exec-30] INFO  c.h.w.a.UserLoginInterceptor - [preHandle,40] - accessToken:eyJ0eXAiOiJKV1QiLCJhbGciOiJIUzI1NiJ9.eyJzdWIiOiJ1c2VyIiwiaWF0IjoxNzQwMTUzNjMwLCJleHAiOjE3NDAyNDAwMzAsInVzZXJJZCI6IjI5In0.dEx1eKWE24zl4SjbFpbQwoM_6pfGsbEWYXPw10DoREY,29
00:08:57.248 [http-nio-8080-exec-32] INFO  c.h.w.a.UserLoginInterceptor - [preHandle,40] - accessToken:eyJ0eXAiOiJKV1QiLCJhbGciOiJIUzI1NiJ9.eyJzdWIiOiJ1c2VyIiwiaWF0IjoxNzQwMTUzNjMwLCJleHAiOjE3NDAyNDAwMzAsInVzZXJJZCI6IjI5In0.dEx1eKWE24zl4SjbFpbQwoM_6pfGsbEWYXPw10DoREY,29
00:08:57.321 [http-nio-8080-exec-33] INFO  c.h.w.a.UserLoginInterceptor - [preHandle,40] - accessToken:eyJ0eXAiOiJKV1QiLCJhbGciOiJIUzI1NiJ9.eyJzdWIiOiJ1c2VyIiwiaWF0IjoxNzQwMTUzNjMwLCJleHAiOjE3NDAyNDAwMzAsInVzZXJJZCI6IjI5In0.dEx1eKWE24zl4SjbFpbQwoM_6pfGsbEWYXPw10DoREY,29
00:08:59.566 [http-nio-8080-exec-34] INFO  c.h.w.a.UserLoginInterceptor - [preHandle,40] - accessToken:eyJ0eXAiOiJKV1QiLCJhbGciOiJIUzI1NiJ9.eyJzdWIiOiJ1c2VyIiwiaWF0IjoxNzQwMTUzNjMwLCJleHAiOjE3NDAyNDAwMzAsInVzZXJJZCI6IjI5In0.dEx1eKWE24zl4SjbFpbQwoM_6pfGsbEWYXPw10DoREY,29
00:09:03.580 [http-nio-8080-exec-35] INFO  c.h.w.a.UserLoginInterceptor - [preHandle,40] - accessToken:eyJ0eXAiOiJKV1QiLCJhbGciOiJIUzI1NiJ9.eyJzdWIiOiJ1c2VyIiwiaWF0IjoxNzQwMTUzNjMwLCJleHAiOjE3NDAyNDAwMzAsInVzZXJJZCI6IjI5In0.dEx1eKWE24zl4SjbFpbQwoM_6pfGsbEWYXPw10DoREY,29
00:09:03.798 [http-nio-8080-exec-36] INFO  c.h.w.a.UserLoginInterceptor - [preHandle,40] - accessToken:eyJ0eXAiOiJKV1QiLCJhbGciOiJIUzI1NiJ9.eyJzdWIiOiJ1c2VyIiwiaWF0IjoxNzQwMTUzNjMwLCJleHAiOjE3NDAyNDAwMzAsInVzZXJJZCI6IjI5In0.dEx1eKWE24zl4SjbFpbQwoM_6pfGsbEWYXPw10DoREY,29
00:09:07.031 [http-nio-8080-exec-37] INFO  c.h.w.a.UserLoginInterceptor - [preHandle,40] - accessToken:eyJ0eXAiOiJKV1QiLCJhbGciOiJIUzI1NiJ9.eyJzdWIiOiJ1c2VyIiwiaWF0IjoxNzQwMTUzNjMwLCJleHAiOjE3NDAyNDAwMzAsInVzZXJJZCI6IjI5In0.dEx1eKWE24zl4SjbFpbQwoM_6pfGsbEWYXPw10DoREY,29
00:17:41.133 [SpringApplicationShutdownHook] INFO  o.q.c.QuartzScheduler - [standby,585] - Scheduler quartzScheduler_$_NON_CLUSTERED paused.
00:17:41.188 [SpringApplicationShutdownHook] INFO  c.h.w.w.WebSocketServer - [onClose,78] - 29断开webSocket连接！当前人数为=0
00:17:41.218 [SpringApplicationShutdownHook] INFO  o.q.c.QuartzScheduler - [shutdown,666] - Scheduler quartzScheduler_$_NON_CLUSTERED shutting down.
00:17:41.218 [SpringApplicationShutdownHook] INFO  o.q.c.QuartzScheduler - [standby,585] - Scheduler quartzScheduler_$_NON_CLUSTERED paused.
00:17:41.218 [SpringApplicationShutdownHook] INFO  o.q.c.QuartzScheduler - [shutdown,740] - Scheduler quartzScheduler_$_NON_CLUSTERED shutdown complete.
00:17:41.219 [SpringApplicationShutdownHook] INFO  sys-user - [shutdownAsyncManager,29] - ====关闭后台任务任务线程池====
00:17:41.227 [SpringApplicationShutdownHook] INFO  c.a.d.p.DruidDataSource - [close,2174] - {dataSource-1} closing ...
00:17:41.241 [SpringApplicationShutdownHook] INFO  c.a.d.p.DruidDataSource - [close,2247] - {dataSource-1} closed
00:17:48.986 [restartedMain] INFO  c.h.HongshuApplication - [logStarting,55] - Starting HongshuApplication using Java 17.0.10 on LAPTOP-9J80MR47 with PID 11448 (D:\hongshu-server\hongshu-master\hongshu-server\target\classes started by 21916 in D:\hongshu-server\hongshu-master)
00:17:48.991 [restartedMain] INFO  c.h.HongshuApplication - [logStartupProfileInfo,686] - The following 1 profile is active: "druid"
00:17:49.011 [background-preinit] INFO  o.h.v.i.util.Version - [<clinit>,21] - HV000001: Hibernate Validator 6.2.5.Final
00:17:53.638 [restartedMain] INFO  o.a.c.c.AprLifecycleListener - [log,173] - Loaded Apache Tomcat Native library [1.2.36] using APR version [1.7.2].
00:17:53.639 [restartedMain] INFO  o.a.c.c.AprLifecycleListener - [log,173] - APR capabilities: IPv6 [true], sendfile [true], accept filters [false], random [true], UDS [true].
00:17:53.639 [restartedMain] INFO  o.a.c.c.AprLifecycleListener - [log,173] - APR/OpenSSL configuration: useAprConnector [false], useOpenSSL [true]
00:17:53.645 [restartedMain] INFO  o.a.c.c.AprLifecycleListener - [log,173] - OpenSSL successfully initialized [OpenSSL 1.1.1t  7 Feb 2023]
00:17:53.659 [restartedMain] INFO  o.a.c.h.Http11NioProtocol - [log,173] - Initializing ProtocolHandler ["http-nio-8080"]
00:17:53.660 [restartedMain] INFO  o.a.c.c.StandardService - [log,173] - Starting service [Tomcat]
00:17:53.660 [restartedMain] INFO  o.a.c.c.StandardEngine - [log,173] - Starting Servlet engine: [Apache Tomcat/9.0.75]
00:17:54.114 [restartedMain] INFO  o.a.c.c.C.[.[.[/] - [log,173] - Initializing Spring embedded WebApplicationContext
00:17:57.480 [restartedMain] INFO  c.a.d.p.DruidDataSource - [init,1009] - {dataSource-1} inited
00:18:02.128 [restartedMain] INFO  o.q.i.StdSchedulerFactory - [instantiate,1220] - Using default implementation for ThreadExecutor
00:18:02.143 [restartedMain] INFO  o.q.c.SchedulerSignalerImpl - [<init>,61] - Initialized Scheduler Signaller of type: class org.quartz.core.SchedulerSignalerImpl
00:18:02.143 [restartedMain] INFO  o.q.c.QuartzScheduler - [<init>,229] - Quartz Scheduler v.2.3.2 created.
00:18:02.144 [restartedMain] INFO  o.q.s.RAMJobStore - [initialize,155] - RAMJobStore initialized.
00:18:02.145 [restartedMain] INFO  o.q.c.QuartzScheduler - [initialize,294] - Scheduler meta-data: Quartz Scheduler (v2.3.2) 'quartzScheduler' with instanceId 'NON_CLUSTERED'
  Scheduler class: 'org.quartz.core.QuartzScheduler' - running locally.
  NOT STARTED.
  Currently in standby mode.
  Number of jobs executed: 0
  Using thread pool 'org.quartz.simpl.SimpleThreadPool' - with 10 threads.
  Using job-store 'org.quartz.simpl.RAMJobStore' - which does not support persistence. and is not clustered.

00:18:02.146 [restartedMain] INFO  o.q.i.StdSchedulerFactory - [instantiate,1374] - Quartz scheduler 'quartzScheduler' initialized from an externally provided properties instance.
00:18:02.146 [restartedMain] INFO  o.q.i.StdSchedulerFactory - [instantiate,1378] - Quartz scheduler version: 2.3.2
00:18:02.147 [restartedMain] INFO  o.q.c.QuartzScheduler - [setJobFactory,2293] - JobFactory set to: org.springframework.scheduling.quartz.SpringBeanJobFactory@42ed3963
00:18:03.562 [restartedMain] INFO  c.g.d.c.DozerBeanMapperBuilder - [build,544] - Initializing Dozer. Version: 6.5.2, Thread Name: restartedMain
00:18:03.564 [restartedMain] INFO  c.g.d.c.u.RuntimeUtils - [isOSGi,53] - OSGi support is false
00:18:03.571 [restartedMain] INFO  c.g.d.c.c.r.LegacyPropertiesSettingsResolver - [processFile,60] - Trying to find Dozer configuration file: dozer.properties
00:18:03.573 [restartedMain] INFO  c.g.d.c.c.r.LegacyPropertiesSettingsResolver - [processFile,63] - Failed to find dozer.properties via com.github.dozermapper.core.config.resolvers.LegacyPropertiesSettingsResolver.
00:18:03.579 [restartedMain] INFO  c.g.d.c.e.ELExpressionFactory - [isSupported,60] - javax.el is not supported; Failed to resolve ExpressionFactory, com.sun.el.ExpressionFactoryImpl
00:18:06.142 [restartedMain] INFO  o.a.c.h.Http11NioProtocol - [log,173] - Starting ProtocolHandler ["http-nio-8080"]
00:18:06.785 [restartedMain] INFO  o.q.c.QuartzScheduler - [start,547] - Scheduler quartzScheduler_$_NON_CLUSTERED started.
00:18:06.805 [restartedMain] INFO  c.h.HongshuApplication - [logStarted,61] - Started HongshuApplication in 18.468 seconds (JVM running for 20.978)
00:18:09.181 [http-nio-8080-exec-1] INFO  o.a.t.u.h.p.Cookie - [log,173] - A cookie header was received [Hm_lvt_0febd9e3cacb3f627ddac64d52caac39=1719238185,1719239588;] that contained an invalid cookie. That cookie will be ignored.
 Note: further occurrences of this error will be logged at DEBUG level.
00:18:09.193 [http-nio-8080-exec-1] INFO  o.a.c.c.C.[.[.[/] - [log,173] - Initializing Spring DispatcherServlet 'dispatcherServlet'
00:18:09.312 [http-nio-8080-exec-1] INFO  c.h.w.w.WebSocketServer - [onOpen,70] - 29加入webSocket！当前人数为=1
00:18:27.229 [http-nio-8080-exec-2] INFO  c.h.w.w.WebSocketServer - [onOpen,70] - 29加入webSocket！当前人数为=2
00:18:27.294 [http-nio-8080-exec-6] INFO  c.h.w.a.UserLoginInterceptor - [preHandle,40] - accessToken:eyJ0eXAiOiJKV1QiLCJhbGciOiJIUzI1NiJ9.eyJzdWIiOiJ1c2VyIiwiaWF0IjoxNzQwMTUzNjMwLCJleHAiOjE3NDAyNDAwMzAsInVzZXJJZCI6IjI5In0.dEx1eKWE24zl4SjbFpbQwoM_6pfGsbEWYXPw10DoREY,29
00:18:27.294 [http-nio-8080-exec-3] INFO  c.h.w.a.UserLoginInterceptor - [preHandle,40] - accessToken:eyJ0eXAiOiJKV1QiLCJhbGciOiJIUzI1NiJ9.eyJzdWIiOiJ1c2VyIiwiaWF0IjoxNzQwMTUzNjMwLCJleHAiOjE3NDAyNDAwMzAsInVzZXJJZCI6IjI5In0.dEx1eKWE24zl4SjbFpbQwoM_6pfGsbEWYXPw10DoREY,29
00:18:27.294 [http-nio-8080-exec-4] INFO  c.h.w.a.UserLoginInterceptor - [preHandle,40] - accessToken:eyJ0eXAiOiJKV1QiLCJhbGciOiJIUzI1NiJ9.eyJzdWIiOiJ1c2VyIiwiaWF0IjoxNzQwMTUzNjMwLCJleHAiOjE3NDAyNDAwMzAsInVzZXJJZCI6IjI5In0.dEx1eKWE24zl4SjbFpbQwoM_6pfGsbEWYXPw10DoREY,29
00:18:27.295 [http-nio-8080-exec-5] INFO  c.h.w.a.UserLoginInterceptor - [preHandle,40] - accessToken:eyJ0eXAiOiJKV1QiLCJhbGciOiJIUzI1NiJ9.eyJzdWIiOiJ1c2VyIiwiaWF0IjoxNzQwMTUzNjMwLCJleHAiOjE3NDAyNDAwMzAsInVzZXJJZCI6IjI5In0.dEx1eKWE24zl4SjbFpbQwoM_6pfGsbEWYXPw10DoREY,29
00:18:27.454 [http-nio-8080-exec-4] INFO  c.g.d.c.DozerBeanMapperBuilder - [build,544] - Initializing Dozer. Version: 6.5.2, Thread Name: http-nio-8080-exec-4
00:18:27.455 [http-nio-8080-exec-4] INFO  c.g.d.c.c.r.LegacyPropertiesSettingsResolver - [processFile,60] - Trying to find Dozer configuration file: dozer.properties
00:18:27.457 [http-nio-8080-exec-4] INFO  c.g.d.c.c.r.LegacyPropertiesSettingsResolver - [processFile,63] - Failed to find dozer.properties via com.github.dozermapper.core.config.resolvers.LegacyPropertiesSettingsResolver.
00:18:27.503 [http-nio-8080-exec-7] INFO  c.h.w.a.UserLoginInterceptor - [preHandle,40] - accessToken:eyJ0eXAiOiJKV1QiLCJhbGciOiJIUzI1NiJ9.eyJzdWIiOiJ1c2VyIiwiaWF0IjoxNzQwMTUzNjMwLCJleHAiOjE3NDAyNDAwMzAsInVzZXJJZCI6IjI5In0.dEx1eKWE24zl4SjbFpbQwoM_6pfGsbEWYXPw10DoREY,29
00:39:11.307 [http-nio-8080-exec-8] INFO  c.h.w.w.WebSocketServer - [onOpen,70] - 29加入webSocket！当前人数为=3
00:39:11.401 [http-nio-8080-exec-10] INFO  c.h.w.a.UserLoginInterceptor - [preHandle,40] - accessToken:eyJ0eXAiOiJKV1QiLCJhbGciOiJIUzI1NiJ9.eyJzdWIiOiJ1c2VyIiwiaWF0IjoxNzQwMTUzNjMwLCJleHAiOjE3NDAyNDAwMzAsInVzZXJJZCI6IjI5In0.dEx1eKWE24zl4SjbFpbQwoM_6pfGsbEWYXPw10DoREY,29
00:39:11.401 [http-nio-8080-exec-12] INFO  c.h.w.a.UserLoginInterceptor - [preHandle,40] - accessToken:eyJ0eXAiOiJKV1QiLCJhbGciOiJIUzI1NiJ9.eyJzdWIiOiJ1c2VyIiwiaWF0IjoxNzQwMTUzNjMwLCJleHAiOjE3NDAyNDAwMzAsInVzZXJJZCI6IjI5In0.dEx1eKWE24zl4SjbFpbQwoM_6pfGsbEWYXPw10DoREY,29
00:39:11.401 [http-nio-8080-exec-9] INFO  c.h.w.a.UserLoginInterceptor - [preHandle,40] - accessToken:eyJ0eXAiOiJKV1QiLCJhbGciOiJIUzI1NiJ9.eyJzdWIiOiJ1c2VyIiwiaWF0IjoxNzQwMTUzNjMwLCJleHAiOjE3NDAyNDAwMzAsInVzZXJJZCI6IjI5In0.dEx1eKWE24zl4SjbFpbQwoM_6pfGsbEWYXPw10DoREY,29
00:39:11.401 [http-nio-8080-exec-11] INFO  c.h.w.a.UserLoginInterceptor - [preHandle,40] - accessToken:eyJ0eXAiOiJKV1QiLCJhbGciOiJIUzI1NiJ9.eyJzdWIiOiJ1c2VyIiwiaWF0IjoxNzQwMTUzNjMwLCJleHAiOjE3NDAyNDAwMzAsInVzZXJJZCI6IjI5In0.dEx1eKWE24zl4SjbFpbQwoM_6pfGsbEWYXPw10DoREY,29
00:39:11.484 [http-nio-8080-exec-13] INFO  c.h.w.a.UserLoginInterceptor - [preHandle,40] - accessToken:eyJ0eXAiOiJKV1QiLCJhbGciOiJIUzI1NiJ9.eyJzdWIiOiJ1c2VyIiwiaWF0IjoxNzQwMTUzNjMwLCJleHAiOjE3NDAyNDAwMzAsInVzZXJJZCI6IjI5In0.dEx1eKWE24zl4SjbFpbQwoM_6pfGsbEWYXPw10DoREY,29
00:39:13.389 [http-nio-8080-exec-16] INFO  c.h.w.w.WebSocketServer - [onClose,78] - 29断开webSocket连接！当前人数为=1
00:39:13.389 [http-nio-8080-exec-14] INFO  c.h.w.w.WebSocketServer - [onClose,78] - 29断开webSocket连接！当前人数为=1
00:39:13.717 [http-nio-8080-exec-15] INFO  c.h.w.w.WebSocketServer - [onOpen,70] - 29加入webSocket！当前人数为=2
00:39:13.762 [http-nio-8080-exec-20] INFO  c.h.w.a.UserLoginInterceptor - [preHandle,40] - accessToken:eyJ0eXAiOiJKV1QiLCJhbGciOiJIUzI1NiJ9.eyJzdWIiOiJ1c2VyIiwiaWF0IjoxNzQwMTUzNjMwLCJleHAiOjE3NDAyNDAwMzAsInVzZXJJZCI6IjI5In0.dEx1eKWE24zl4SjbFpbQwoM_6pfGsbEWYXPw10DoREY,29
00:39:13.762 [http-nio-8080-exec-17] INFO  c.h.w.a.UserLoginInterceptor - [preHandle,40] - accessToken:eyJ0eXAiOiJKV1QiLCJhbGciOiJIUzI1NiJ9.eyJzdWIiOiJ1c2VyIiwiaWF0IjoxNzQwMTUzNjMwLCJleHAiOjE3NDAyNDAwMzAsInVzZXJJZCI6IjI5In0.dEx1eKWE24zl4SjbFpbQwoM_6pfGsbEWYXPw10DoREY,29
00:39:13.762 [http-nio-8080-exec-18] INFO  c.h.w.a.UserLoginInterceptor - [preHandle,40] - accessToken:eyJ0eXAiOiJKV1QiLCJhbGciOiJIUzI1NiJ9.eyJzdWIiOiJ1c2VyIiwiaWF0IjoxNzQwMTUzNjMwLCJleHAiOjE3NDAyNDAwMzAsInVzZXJJZCI6IjI5In0.dEx1eKWE24zl4SjbFpbQwoM_6pfGsbEWYXPw10DoREY,29
00:39:13.764 [http-nio-8080-exec-19] INFO  c.h.w.a.UserLoginInterceptor - [preHandle,40] - accessToken:eyJ0eXAiOiJKV1QiLCJhbGciOiJIUzI1NiJ9.eyJzdWIiOiJ1c2VyIiwiaWF0IjoxNzQwMTUzNjMwLCJleHAiOjE3NDAyNDAwMzAsInVzZXJJZCI6IjI5In0.dEx1eKWE24zl4SjbFpbQwoM_6pfGsbEWYXPw10DoREY,29
00:39:13.856 [http-nio-8080-exec-21] INFO  c.h.w.a.UserLoginInterceptor - [preHandle,40] - accessToken:eyJ0eXAiOiJKV1QiLCJhbGciOiJIUzI1NiJ9.eyJzdWIiOiJ1c2VyIiwiaWF0IjoxNzQwMTUzNjMwLCJleHAiOjE3NDAyNDAwMzAsInVzZXJJZCI6IjI5In0.dEx1eKWE24zl4SjbFpbQwoM_6pfGsbEWYXPw10DoREY,29
00:39:14.078 [http-nio-8080-exec-22] INFO  c.h.w.w.WebSocketServer - [onClose,78] - 29断开webSocket连接！当前人数为=1
00:39:31.840 [SpringApplicationShutdownHook] INFO  o.q.c.QuartzScheduler - [standby,585] - Scheduler quartzScheduler_$_NON_CLUSTERED paused.
00:39:31.888 [SpringApplicationShutdownHook] INFO  c.h.w.w.WebSocketServer - [onClose,78] - 29断开webSocket连接！当前人数为=0
00:39:31.921 [SpringApplicationShutdownHook] INFO  o.q.c.QuartzScheduler - [shutdown,666] - Scheduler quartzScheduler_$_NON_CLUSTERED shutting down.
00:39:31.922 [SpringApplicationShutdownHook] INFO  o.q.c.QuartzScheduler - [standby,585] - Scheduler quartzScheduler_$_NON_CLUSTERED paused.
00:39:31.922 [SpringApplicationShutdownHook] INFO  o.q.c.QuartzScheduler - [shutdown,740] - Scheduler quartzScheduler_$_NON_CLUSTERED shutdown complete.
00:39:31.922 [SpringApplicationShutdownHook] INFO  sys-user - [shutdownAsyncManager,29] - ====关闭后台任务任务线程池====
00:39:31.934 [SpringApplicationShutdownHook] INFO  c.a.d.p.DruidDataSource - [close,2174] - {dataSource-1} closing ...
00:39:31.941 [SpringApplicationShutdownHook] INFO  c.a.d.p.DruidDataSource - [close,2247] - {dataSource-1} closed
00:39:40.056 [restartedMain] INFO  c.h.HongshuApplication - [logStarting,55] - Starting HongshuApplication using Java 17.0.10 on LAPTOP-9J80MR47 with PID 19696 (D:\hongshu-server\hongshu-master\hongshu-server\target\classes started by 21916 in D:\hongshu-server\hongshu-master)
00:39:40.062 [restartedMain] INFO  c.h.HongshuApplication - [logStartupProfileInfo,686] - The following 1 profile is active: "druid"
00:39:40.086 [background-preinit] INFO  o.h.v.i.util.Version - [<clinit>,21] - HV000001: Hibernate Validator 6.2.5.Final
00:39:44.800 [restartedMain] INFO  o.a.c.c.AprLifecycleListener - [log,173] - Loaded Apache Tomcat Native library [1.2.36] using APR version [1.7.2].
00:39:44.801 [restartedMain] INFO  o.a.c.c.AprLifecycleListener - [log,173] - APR capabilities: IPv6 [true], sendfile [true], accept filters [false], random [true], UDS [true].
00:39:44.801 [restartedMain] INFO  o.a.c.c.AprLifecycleListener - [log,173] - APR/OpenSSL configuration: useAprConnector [false], useOpenSSL [true]
00:39:44.807 [restartedMain] INFO  o.a.c.c.AprLifecycleListener - [log,173] - OpenSSL successfully initialized [OpenSSL 1.1.1t  7 Feb 2023]
00:39:44.823 [restartedMain] INFO  o.a.c.h.Http11NioProtocol - [log,173] - Initializing ProtocolHandler ["http-nio-8080"]
00:39:44.824 [restartedMain] INFO  o.a.c.c.StandardService - [log,173] - Starting service [Tomcat]
00:39:44.824 [restartedMain] INFO  o.a.c.c.StandardEngine - [log,173] - Starting Servlet engine: [Apache Tomcat/9.0.75]
00:39:45.208 [restartedMain] INFO  o.a.c.c.C.[.[.[/] - [log,173] - Initializing Spring embedded WebApplicationContext
00:39:48.508 [restartedMain] INFO  c.a.d.p.DruidDataSource - [init,1009] - {dataSource-1} inited
00:39:53.062 [restartedMain] INFO  o.q.i.StdSchedulerFactory - [instantiate,1220] - Using default implementation for ThreadExecutor
00:39:53.076 [restartedMain] INFO  o.q.c.SchedulerSignalerImpl - [<init>,61] - Initialized Scheduler Signaller of type: class org.quartz.core.SchedulerSignalerImpl
00:39:53.076 [restartedMain] INFO  o.q.c.QuartzScheduler - [<init>,229] - Quartz Scheduler v.2.3.2 created.
00:39:53.077 [restartedMain] INFO  o.q.s.RAMJobStore - [initialize,155] - RAMJobStore initialized.
00:39:53.079 [restartedMain] INFO  o.q.c.QuartzScheduler - [initialize,294] - Scheduler meta-data: Quartz Scheduler (v2.3.2) 'quartzScheduler' with instanceId 'NON_CLUSTERED'
  Scheduler class: 'org.quartz.core.QuartzScheduler' - running locally.
  NOT STARTED.
  Currently in standby mode.
  Number of jobs executed: 0
  Using thread pool 'org.quartz.simpl.SimpleThreadPool' - with 10 threads.
  Using job-store 'org.quartz.simpl.RAMJobStore' - which does not support persistence. and is not clustered.

00:39:53.079 [restartedMain] INFO  o.q.i.StdSchedulerFactory - [instantiate,1374] - Quartz scheduler 'quartzScheduler' initialized from an externally provided properties instance.
00:39:53.079 [restartedMain] INFO  o.q.i.StdSchedulerFactory - [instantiate,1378] - Quartz scheduler version: 2.3.2
00:39:53.079 [restartedMain] INFO  o.q.c.QuartzScheduler - [setJobFactory,2293] - JobFactory set to: org.springframework.scheduling.quartz.SpringBeanJobFactory@6395ca7
00:39:54.554 [restartedMain] INFO  c.g.d.c.DozerBeanMapperBuilder - [build,544] - Initializing Dozer. Version: 6.5.2, Thread Name: restartedMain
00:39:54.556 [restartedMain] INFO  c.g.d.c.u.RuntimeUtils - [isOSGi,53] - OSGi support is false
00:39:54.564 [restartedMain] INFO  c.g.d.c.c.r.LegacyPropertiesSettingsResolver - [processFile,60] - Trying to find Dozer configuration file: dozer.properties
00:39:54.567 [restartedMain] INFO  c.g.d.c.c.r.LegacyPropertiesSettingsResolver - [processFile,63] - Failed to find dozer.properties via com.github.dozermapper.core.config.resolvers.LegacyPropertiesSettingsResolver.
00:39:54.574 [restartedMain] INFO  c.g.d.c.e.ELExpressionFactory - [isSupported,60] - javax.el is not supported; Failed to resolve ExpressionFactory, com.sun.el.ExpressionFactoryImpl
00:39:57.457 [restartedMain] INFO  o.a.c.h.Http11NioProtocol - [log,173] - Starting ProtocolHandler ["http-nio-8080"]
00:39:58.298 [restartedMain] INFO  o.q.c.QuartzScheduler - [start,547] - Scheduler quartzScheduler_$_NON_CLUSTERED started.
00:39:58.314 [restartedMain] INFO  c.h.HongshuApplication - [logStarted,61] - Started HongshuApplication in 18.908 seconds (JVM running for 21.291)
00:39:59.166 [http-nio-8080-exec-1] INFO  o.a.t.u.h.p.Cookie - [log,173] - A cookie header was received [Hm_lvt_0febd9e3cacb3f627ddac64d52caac39=1719238185,1719239588;] that contained an invalid cookie. That cookie will be ignored.
 Note: further occurrences of this error will be logged at DEBUG level.
00:39:59.175 [http-nio-8080-exec-1] INFO  o.a.c.c.C.[.[.[/] - [log,173] - Initializing Spring DispatcherServlet 'dispatcherServlet'
00:39:59.271 [http-nio-8080-exec-1] INFO  c.h.w.w.WebSocketServer - [onOpen,70] - 29加入webSocket！当前人数为=1
00:40:17.118 [http-nio-8080-exec-2] INFO  c.h.w.a.UserLoginInterceptor - [preHandle,40] - accessToken:eyJ0eXAiOiJKV1QiLCJhbGciOiJIUzI1NiJ9.eyJzdWIiOiJ1c2VyIiwiaWF0IjoxNzQwMTUzNjMwLCJleHAiOjE3NDAyNDAwMzAsInVzZXJJZCI6IjI5In0.dEx1eKWE24zl4SjbFpbQwoM_6pfGsbEWYXPw10DoREY,29
00:41:29.738 [schedule-pool-1] INFO  sys-user - [run,53] - [127.0.0.1]内网IP[admin][Success][登录成功]
00:41:36.514 [http-nio-8080-exec-12] INFO  c.h.w.a.UserLoginInterceptor - [preHandle,40] - accessToken:null,null
00:41:36.605 [http-nio-8080-exec-12] INFO  c.g.d.c.DozerBeanMapperBuilder - [build,544] - Initializing Dozer. Version: 6.5.2, Thread Name: http-nio-8080-exec-12
00:41:36.605 [http-nio-8080-exec-12] INFO  c.g.d.c.c.r.LegacyPropertiesSettingsResolver - [processFile,60] - Trying to find Dozer configuration file: dozer.properties
00:41:36.607 [http-nio-8080-exec-12] INFO  c.g.d.c.c.r.LegacyPropertiesSettingsResolver - [processFile,63] - Failed to find dozer.properties via com.github.dozermapper.core.config.resolvers.LegacyPropertiesSettingsResolver.
00:41:38.534 [http-nio-8080-exec-12] INFO  c.h.w.s.i.WebEsNoteServiceImpl - [addNoteBulkData,321] - createResponse.resultco.elastic.clients.elasticsearch.core.BulkResponse@2fa52f11
00:43:19.010 [http-nio-8080-exec-15] INFO  c.h.w.w.WebSocketServer - [onClose,78] - 29断开webSocket连接！当前人数为=0
00:43:19.238 [http-nio-8080-exec-13] INFO  c.h.w.w.WebSocketServer - [onOpen,70] - 29加入webSocket！当前人数为=1
00:43:19.271 [http-nio-8080-exec-17] INFO  c.h.w.a.UserLoginInterceptor - [preHandle,40] - accessToken:eyJ0eXAiOiJKV1QiLCJhbGciOiJIUzI1NiJ9.eyJzdWIiOiJ1c2VyIiwiaWF0IjoxNzQwMTUzNjMwLCJleHAiOjE3NDAyNDAwMzAsInVzZXJJZCI6IjI5In0.dEx1eKWE24zl4SjbFpbQwoM_6pfGsbEWYXPw10DoREY,29
00:43:19.271 [http-nio-8080-exec-16] INFO  c.h.w.a.UserLoginInterceptor - [preHandle,40] - accessToken:eyJ0eXAiOiJKV1QiLCJhbGciOiJIUzI1NiJ9.eyJzdWIiOiJ1c2VyIiwiaWF0IjoxNzQwMTUzNjMwLCJleHAiOjE3NDAyNDAwMzAsInVzZXJJZCI6IjI5In0.dEx1eKWE24zl4SjbFpbQwoM_6pfGsbEWYXPw10DoREY,29
00:43:19.271 [http-nio-8080-exec-19] INFO  c.h.w.a.UserLoginInterceptor - [preHandle,40] - accessToken:eyJ0eXAiOiJKV1QiLCJhbGciOiJIUzI1NiJ9.eyJzdWIiOiJ1c2VyIiwiaWF0IjoxNzQwMTUzNjMwLCJleHAiOjE3NDAyNDAwMzAsInVzZXJJZCI6IjI5In0.dEx1eKWE24zl4SjbFpbQwoM_6pfGsbEWYXPw10DoREY,29
00:43:19.272 [http-nio-8080-exec-18] INFO  c.h.w.a.UserLoginInterceptor - [preHandle,40] - accessToken:eyJ0eXAiOiJKV1QiLCJhbGciOiJIUzI1NiJ9.eyJzdWIiOiJ1c2VyIiwiaWF0IjoxNzQwMTUzNjMwLCJleHAiOjE3NDAyNDAwMzAsInVzZXJJZCI6IjI5In0.dEx1eKWE24zl4SjbFpbQwoM_6pfGsbEWYXPw10DoREY,29
00:43:19.352 [http-nio-8080-exec-20] INFO  c.h.w.a.UserLoginInterceptor - [preHandle,40] - accessToken:eyJ0eXAiOiJKV1QiLCJhbGciOiJIUzI1NiJ9.eyJzdWIiOiJ1c2VyIiwiaWF0IjoxNzQwMTUzNjMwLCJleHAiOjE3NDAyNDAwMzAsInVzZXJJZCI6IjI5In0.dEx1eKWE24zl4SjbFpbQwoM_6pfGsbEWYXPw10DoREY,29
00:43:35.321 [http-nio-8080-exec-21] INFO  c.h.w.a.UserLoginInterceptor - [preHandle,40] - accessToken:eyJ0eXAiOiJKV1QiLCJhbGciOiJIUzI1NiJ9.eyJzdWIiOiJ1c2VyIiwiaWF0IjoxNzQwMTUzNjMwLCJleHAiOjE3NDAyNDAwMzAsInVzZXJJZCI6IjI5In0.dEx1eKWE24zl4SjbFpbQwoM_6pfGsbEWYXPw10DoREY,29
00:43:35.598 [http-nio-8080-exec-22] INFO  c.h.w.a.UserLoginInterceptor - [preHandle,40] - accessToken:eyJ0eXAiOiJKV1QiLCJhbGciOiJIUzI1NiJ9.eyJzdWIiOiJ1c2VyIiwiaWF0IjoxNzQwMTUzNjMwLCJleHAiOjE3NDAyNDAwMzAsInVzZXJJZCI6IjI5In0.dEx1eKWE24zl4SjbFpbQwoM_6pfGsbEWYXPw10DoREY,29
00:43:39.950 [http-nio-8080-exec-23] INFO  c.h.w.a.UserLoginInterceptor - [preHandle,40] - accessToken:eyJ0eXAiOiJKV1QiLCJhbGciOiJIUzI1NiJ9.eyJzdWIiOiJ1c2VyIiwiaWF0IjoxNzQwMTUzNjMwLCJleHAiOjE3NDAyNDAwMzAsInVzZXJJZCI6IjI5In0.dEx1eKWE24zl4SjbFpbQwoM_6pfGsbEWYXPw10DoREY,29
00:45:10.901 [http-nio-8080-exec-27] INFO  c.h.w.w.WebSocketServer - [onOpen,70] - 29加入webSocket！当前人数为=2
00:45:11.013 [http-nio-8080-exec-31] INFO  c.h.w.a.UserLoginInterceptor - [preHandle,40] - accessToken:eyJ0eXAiOiJKV1QiLCJhbGciOiJIUzI1NiJ9.eyJzdWIiOiJ1c2VyIiwiaWF0IjoxNzQwMTUzNjMwLCJleHAiOjE3NDAyNDAwMzAsInVzZXJJZCI6IjI5In0.dEx1eKWE24zl4SjbFpbQwoM_6pfGsbEWYXPw10DoREY,29
00:45:11.013 [http-nio-8080-exec-29] INFO  c.h.w.a.UserLoginInterceptor - [preHandle,40] - accessToken:eyJ0eXAiOiJKV1QiLCJhbGciOiJIUzI1NiJ9.eyJzdWIiOiJ1c2VyIiwiaWF0IjoxNzQwMTUzNjMwLCJleHAiOjE3NDAyNDAwMzAsInVzZXJJZCI6IjI5In0.dEx1eKWE24zl4SjbFpbQwoM_6pfGsbEWYXPw10DoREY,29
00:45:11.013 [http-nio-8080-exec-28] INFO  c.h.w.a.UserLoginInterceptor - [preHandle,40] - accessToken:eyJ0eXAiOiJKV1QiLCJhbGciOiJIUzI1NiJ9.eyJzdWIiOiJ1c2VyIiwiaWF0IjoxNzQwMTUzNjMwLCJleHAiOjE3NDAyNDAwMzAsInVzZXJJZCI6IjI5In0.dEx1eKWE24zl4SjbFpbQwoM_6pfGsbEWYXPw10DoREY,29
00:45:11.014 [http-nio-8080-exec-30] INFO  c.h.w.a.UserLoginInterceptor - [preHandle,40] - accessToken:eyJ0eXAiOiJKV1QiLCJhbGciOiJIUzI1NiJ9.eyJzdWIiOiJ1c2VyIiwiaWF0IjoxNzQwMTUzNjMwLCJleHAiOjE3NDAyNDAwMzAsInVzZXJJZCI6IjI5In0.dEx1eKWE24zl4SjbFpbQwoM_6pfGsbEWYXPw10DoREY,29
00:45:11.064 [http-nio-8080-exec-32] INFO  c.h.w.a.UserLoginInterceptor - [preHandle,40] - accessToken:eyJ0eXAiOiJKV1QiLCJhbGciOiJIUzI1NiJ9.eyJzdWIiOiJ1c2VyIiwiaWF0IjoxNzQwMTUzNjMwLCJleHAiOjE3NDAyNDAwMzAsInVzZXJJZCI6IjI5In0.dEx1eKWE24zl4SjbFpbQwoM_6pfGsbEWYXPw10DoREY,29
00:47:00.046 [http-nio-8080-exec-33] INFO  c.h.w.a.UserLoginInterceptor - [preHandle,40] - accessToken:eyJ0eXAiOiJKV1QiLCJhbGciOiJIUzI1NiJ9.eyJzdWIiOiJ1c2VyIiwiaWF0IjoxNzQwMTUzNjMwLCJleHAiOjE3NDAyNDAwMzAsInVzZXJJZCI6IjI5In0.dEx1eKWE24zl4SjbFpbQwoM_6pfGsbEWYXPw10DoREY,29
00:47:03.135 [http-nio-8080-exec-34] INFO  c.h.w.a.UserLoginInterceptor - [preHandle,40] - accessToken:eyJ0eXAiOiJKV1QiLCJhbGciOiJIUzI1NiJ9.eyJzdWIiOiJ1c2VyIiwiaWF0IjoxNzQwMTUzNjMwLCJleHAiOjE3NDAyNDAwMzAsInVzZXJJZCI6IjI5In0.dEx1eKWE24zl4SjbFpbQwoM_6pfGsbEWYXPw10DoREY,29
00:47:06.472 [http-nio-8080-exec-35] INFO  c.h.w.a.UserLoginInterceptor - [preHandle,40] - accessToken:eyJ0eXAiOiJKV1QiLCJhbGciOiJIUzI1NiJ9.eyJzdWIiOiJ1c2VyIiwiaWF0IjoxNzQwMTUzNjMwLCJleHAiOjE3NDAyNDAwMzAsInVzZXJJZCI6IjI5In0.dEx1eKWE24zl4SjbFpbQwoM_6pfGsbEWYXPw10DoREY,29
00:47:06.951 [http-nio-8080-exec-36] INFO  c.h.w.a.UserLoginInterceptor - [preHandle,40] - accessToken:eyJ0eXAiOiJKV1QiLCJhbGciOiJIUzI1NiJ9.eyJzdWIiOiJ1c2VyIiwiaWF0IjoxNzQwMTUzNjMwLCJleHAiOjE3NDAyNDAwMzAsInVzZXJJZCI6IjI5In0.dEx1eKWE24zl4SjbFpbQwoM_6pfGsbEWYXPw10DoREY,29
01:06:46.661 [http-nio-8080-exec-37] INFO  c.h.w.a.UserLoginInterceptor - [preHandle,40] - accessToken:eyJ0eXAiOiJKV1QiLCJhbGciOiJIUzI1NiJ9.eyJzdWIiOiJ1c2VyIiwiaWF0IjoxNzQwMTUzNjMwLCJleHAiOjE3NDAyNDAwMzAsInVzZXJJZCI6IjI5In0.dEx1eKWE24zl4SjbFpbQwoM_6pfGsbEWYXPw10DoREY,29
01:08:52.715 [http-nio-8080-exec-38] INFO  c.h.w.w.WebSocketServer - [onOpen,70] - 29加入webSocket！当前人数为=3
01:08:52.738 [http-nio-8080-exec-40] INFO  c.h.w.a.UserLoginInterceptor - [preHandle,40] - accessToken:eyJ0eXAiOiJKV1QiLCJhbGciOiJIUzI1NiJ9.eyJzdWIiOiJ1c2VyIiwiaWF0IjoxNzQwMTUzNjMwLCJleHAiOjE3NDAyNDAwMzAsInVzZXJJZCI6IjI5In0.dEx1eKWE24zl4SjbFpbQwoM_6pfGsbEWYXPw10DoREY,29
01:08:52.738 [http-nio-8080-exec-39] INFO  c.h.w.a.UserLoginInterceptor - [preHandle,40] - accessToken:eyJ0eXAiOiJKV1QiLCJhbGciOiJIUzI1NiJ9.eyJzdWIiOiJ1c2VyIiwiaWF0IjoxNzQwMTUzNjMwLCJleHAiOjE3NDAyNDAwMzAsInVzZXJJZCI6IjI5In0.dEx1eKWE24zl4SjbFpbQwoM_6pfGsbEWYXPw10DoREY,29
01:08:52.738 [http-nio-8080-exec-42] INFO  c.h.w.a.UserLoginInterceptor - [preHandle,40] - accessToken:eyJ0eXAiOiJKV1QiLCJhbGciOiJIUzI1NiJ9.eyJzdWIiOiJ1c2VyIiwiaWF0IjoxNzQwMTUzNjMwLCJleHAiOjE3NDAyNDAwMzAsInVzZXJJZCI6IjI5In0.dEx1eKWE24zl4SjbFpbQwoM_6pfGsbEWYXPw10DoREY,29
01:08:52.738 [http-nio-8080-exec-41] INFO  c.h.w.a.UserLoginInterceptor - [preHandle,40] - accessToken:eyJ0eXAiOiJKV1QiLCJhbGciOiJIUzI1NiJ9.eyJzdWIiOiJ1c2VyIiwiaWF0IjoxNzQwMTUzNjMwLCJleHAiOjE3NDAyNDAwMzAsInVzZXJJZCI6IjI5In0.dEx1eKWE24zl4SjbFpbQwoM_6pfGsbEWYXPw10DoREY,29
01:08:52.781 [http-nio-8080-exec-43] INFO  c.h.w.a.UserLoginInterceptor - [preHandle,40] - accessToken:eyJ0eXAiOiJKV1QiLCJhbGciOiJIUzI1NiJ9.eyJzdWIiOiJ1c2VyIiwiaWF0IjoxNzQwMTUzNjMwLCJleHAiOjE3NDAyNDAwMzAsInVzZXJJZCI6IjI5In0.dEx1eKWE24zl4SjbFpbQwoM_6pfGsbEWYXPw10DoREY,29
01:08:59.895 [http-nio-8080-exec-44] INFO  c.h.w.a.UserLoginInterceptor - [preHandle,40] - accessToken:eyJ0eXAiOiJKV1QiLCJhbGciOiJIUzI1NiJ9.eyJzdWIiOiJ1c2VyIiwiaWF0IjoxNzQwMTUzNjMwLCJleHAiOjE3NDAyNDAwMzAsInVzZXJJZCI6IjI5In0.dEx1eKWE24zl4SjbFpbQwoM_6pfGsbEWYXPw10DoREY,29
01:09:00.100 [http-nio-8080-exec-45] INFO  c.h.w.a.UserLoginInterceptor - [preHandle,40] - accessToken:eyJ0eXAiOiJKV1QiLCJhbGciOiJIUzI1NiJ9.eyJzdWIiOiJ1c2VyIiwiaWF0IjoxNzQwMTUzNjMwLCJleHAiOjE3NDAyNDAwMzAsInVzZXJJZCI6IjI5In0.dEx1eKWE24zl4SjbFpbQwoM_6pfGsbEWYXPw10DoREY,29
01:09:00.444 [http-nio-8080-exec-46] INFO  c.h.w.a.UserLoginInterceptor - [preHandle,40] - accessToken:eyJ0eXAiOiJKV1QiLCJhbGciOiJIUzI1NiJ9.eyJzdWIiOiJ1c2VyIiwiaWF0IjoxNzQwMTUzNjMwLCJleHAiOjE3NDAyNDAwMzAsInVzZXJJZCI6IjI5In0.dEx1eKWE24zl4SjbFpbQwoM_6pfGsbEWYXPw10DoREY,29
01:09:00.687 [http-nio-8080-exec-47] INFO  c.h.w.a.UserLoginInterceptor - [preHandle,40] - accessToken:eyJ0eXAiOiJKV1QiLCJhbGciOiJIUzI1NiJ9.eyJzdWIiOiJ1c2VyIiwiaWF0IjoxNzQwMTUzNjMwLCJleHAiOjE3NDAyNDAwMzAsInVzZXJJZCI6IjI5In0.dEx1eKWE24zl4SjbFpbQwoM_6pfGsbEWYXPw10DoREY,29
01:09:01.244 [http-nio-8080-exec-48] INFO  c.h.w.a.UserLoginInterceptor - [preHandle,40] - accessToken:eyJ0eXAiOiJKV1QiLCJhbGciOiJIUzI1NiJ9.eyJzdWIiOiJ1c2VyIiwiaWF0IjoxNzQwMTUzNjMwLCJleHAiOjE3NDAyNDAwMzAsInVzZXJJZCI6IjI5In0.dEx1eKWE24zl4SjbFpbQwoM_6pfGsbEWYXPw10DoREY,29
01:09:01.626 [http-nio-8080-exec-49] INFO  c.h.w.a.UserLoginInterceptor - [preHandle,40] - accessToken:eyJ0eXAiOiJKV1QiLCJhbGciOiJIUzI1NiJ9.eyJzdWIiOiJ1c2VyIiwiaWF0IjoxNzQwMTUzNjMwLCJleHAiOjE3NDAyNDAwMzAsInVzZXJJZCI6IjI5In0.dEx1eKWE24zl4SjbFpbQwoM_6pfGsbEWYXPw10DoREY,29
01:09:29.523 [http-nio-8080-exec-50] INFO  c.h.w.w.WebSocketServer - [onOpen,70] - 29加入webSocket！当前人数为=4
01:09:29.559 [http-nio-8080-exec-52] INFO  c.h.w.a.UserLoginInterceptor - [preHandle,40] - accessToken:eyJ0eXAiOiJKV1QiLCJhbGciOiJIUzI1NiJ9.eyJzdWIiOiJ1c2VyIiwiaWF0IjoxNzQwMTUzNjMwLCJleHAiOjE3NDAyNDAwMzAsInVzZXJJZCI6IjI5In0.dEx1eKWE24zl4SjbFpbQwoM_6pfGsbEWYXPw10DoREY,29
01:09:29.559 [http-nio-8080-exec-51] INFO  c.h.w.a.UserLoginInterceptor - [preHandle,40] - accessToken:eyJ0eXAiOiJKV1QiLCJhbGciOiJIUzI1NiJ9.eyJzdWIiOiJ1c2VyIiwiaWF0IjoxNzQwMTUzNjMwLCJleHAiOjE3NDAyNDAwMzAsInVzZXJJZCI6IjI5In0.dEx1eKWE24zl4SjbFpbQwoM_6pfGsbEWYXPw10DoREY,29
01:09:29.559 [http-nio-8080-exec-54] INFO  c.h.w.a.UserLoginInterceptor - [preHandle,40] - accessToken:eyJ0eXAiOiJKV1QiLCJhbGciOiJIUzI1NiJ9.eyJzdWIiOiJ1c2VyIiwiaWF0IjoxNzQwMTUzNjMwLCJleHAiOjE3NDAyNDAwMzAsInVzZXJJZCI6IjI5In0.dEx1eKWE24zl4SjbFpbQwoM_6pfGsbEWYXPw10DoREY,29
01:09:29.559 [http-nio-8080-exec-53] INFO  c.h.w.a.UserLoginInterceptor - [preHandle,40] - accessToken:eyJ0eXAiOiJKV1QiLCJhbGciOiJIUzI1NiJ9.eyJzdWIiOiJ1c2VyIiwiaWF0IjoxNzQwMTUzNjMwLCJleHAiOjE3NDAyNDAwMzAsInVzZXJJZCI6IjI5In0.dEx1eKWE24zl4SjbFpbQwoM_6pfGsbEWYXPw10DoREY,29
01:09:29.585 [http-nio-8080-exec-55] INFO  c.h.w.a.UserLoginInterceptor - [preHandle,40] - accessToken:eyJ0eXAiOiJKV1QiLCJhbGciOiJIUzI1NiJ9.eyJzdWIiOiJ1c2VyIiwiaWF0IjoxNzQwMTUzNjMwLCJleHAiOjE3NDAyNDAwMzAsInVzZXJJZCI6IjI5In0.dEx1eKWE24zl4SjbFpbQwoM_6pfGsbEWYXPw10DoREY,29
01:09:31.394 [http-nio-8080-exec-56] INFO  c.h.w.w.WebSocketServer - [onOpen,70] - 29加入webSocket！当前人数为=5
01:09:31.419 [http-nio-8080-exec-59] INFO  c.h.w.a.UserLoginInterceptor - [preHandle,40] - accessToken:eyJ0eXAiOiJKV1QiLCJhbGciOiJIUzI1NiJ9.eyJzdWIiOiJ1c2VyIiwiaWF0IjoxNzQwMTUzNjMwLCJleHAiOjE3NDAyNDAwMzAsInVzZXJJZCI6IjI5In0.dEx1eKWE24zl4SjbFpbQwoM_6pfGsbEWYXPw10DoREY,29
01:09:31.419 [http-nio-8080-exec-58] INFO  c.h.w.a.UserLoginInterceptor - [preHandle,40] - accessToken:eyJ0eXAiOiJKV1QiLCJhbGciOiJIUzI1NiJ9.eyJzdWIiOiJ1c2VyIiwiaWF0IjoxNzQwMTUzNjMwLCJleHAiOjE3NDAyNDAwMzAsInVzZXJJZCI6IjI5In0.dEx1eKWE24zl4SjbFpbQwoM_6pfGsbEWYXPw10DoREY,29
01:09:31.419 [http-nio-8080-exec-60] INFO  c.h.w.a.UserLoginInterceptor - [preHandle,40] - accessToken:eyJ0eXAiOiJKV1QiLCJhbGciOiJIUzI1NiJ9.eyJzdWIiOiJ1c2VyIiwiaWF0IjoxNzQwMTUzNjMwLCJleHAiOjE3NDAyNDAwMzAsInVzZXJJZCI6IjI5In0.dEx1eKWE24zl4SjbFpbQwoM_6pfGsbEWYXPw10DoREY,29
01:09:31.419 [http-nio-8080-exec-57] INFO  c.h.w.a.UserLoginInterceptor - [preHandle,40] - accessToken:eyJ0eXAiOiJKV1QiLCJhbGciOiJIUzI1NiJ9.eyJzdWIiOiJ1c2VyIiwiaWF0IjoxNzQwMTUzNjMwLCJleHAiOjE3NDAyNDAwMzAsInVzZXJJZCI6IjI5In0.dEx1eKWE24zl4SjbFpbQwoM_6pfGsbEWYXPw10DoREY,29
01:09:31.420 [http-nio-8080-exec-61] INFO  c.h.w.a.UserLoginInterceptor - [preHandle,40] - accessToken:eyJ0eXAiOiJKV1QiLCJhbGciOiJIUzI1NiJ9.eyJzdWIiOiJ1c2VyIiwiaWF0IjoxNzQwMTUzNjMwLCJleHAiOjE3NDAyNDAwMzAsInVzZXJJZCI6IjI5In0.dEx1eKWE24zl4SjbFpbQwoM_6pfGsbEWYXPw10DoREY,29
01:09:31.434 [http-nio-8080-exec-62] INFO  c.h.w.a.UserLoginInterceptor - [preHandle,40] - accessToken:eyJ0eXAiOiJKV1QiLCJhbGciOiJIUzI1NiJ9.eyJzdWIiOiJ1c2VyIiwiaWF0IjoxNzQwMTUzNjMwLCJleHAiOjE3NDAyNDAwMzAsInVzZXJJZCI6IjI5In0.dEx1eKWE24zl4SjbFpbQwoM_6pfGsbEWYXPw10DoREY,29
01:09:32.372 [http-nio-8080-exec-63] INFO  c.h.w.a.UserLoginInterceptor - [preHandle,40] - accessToken:eyJ0eXAiOiJKV1QiLCJhbGciOiJIUzI1NiJ9.eyJzdWIiOiJ1c2VyIiwiaWF0IjoxNzQwMTUzNjMwLCJleHAiOjE3NDAyNDAwMzAsInVzZXJJZCI6IjI5In0.dEx1eKWE24zl4SjbFpbQwoM_6pfGsbEWYXPw10DoREY,29
01:09:34.142 [http-nio-8080-exec-64] INFO  c.h.w.a.UserLoginInterceptor - [preHandle,40] - accessToken:eyJ0eXAiOiJKV1QiLCJhbGciOiJIUzI1NiJ9.eyJzdWIiOiJ1c2VyIiwiaWF0IjoxNzQwMTUzNjMwLCJleHAiOjE3NDAyNDAwMzAsInVzZXJJZCI6IjI5In0.dEx1eKWE24zl4SjbFpbQwoM_6pfGsbEWYXPw10DoREY,29
01:09:34.142 [http-nio-8080-exec-65] INFO  c.h.w.a.UserLoginInterceptor - [preHandle,40] - accessToken:eyJ0eXAiOiJKV1QiLCJhbGciOiJIUzI1NiJ9.eyJzdWIiOiJ1c2VyIiwiaWF0IjoxNzQwMTUzNjMwLCJleHAiOjE3NDAyNDAwMzAsInVzZXJJZCI6IjI5In0.dEx1eKWE24zl4SjbFpbQwoM_6pfGsbEWYXPw10DoREY,29
01:09:34.295 [http-nio-8080-exec-66] INFO  c.h.w.a.UserLoginInterceptor - [preHandle,40] - accessToken:eyJ0eXAiOiJKV1QiLCJhbGciOiJIUzI1NiJ9.eyJzdWIiOiJ1c2VyIiwiaWF0IjoxNzQwMTUzNjMwLCJleHAiOjE3NDAyNDAwMzAsInVzZXJJZCI6IjI5In0.dEx1eKWE24zl4SjbFpbQwoM_6pfGsbEWYXPw10DoREY,29
01:09:34.583 [http-nio-8080-exec-67] INFO  c.h.w.a.UserLoginInterceptor - [preHandle,40] - accessToken:eyJ0eXAiOiJKV1QiLCJhbGciOiJIUzI1NiJ9.eyJzdWIiOiJ1c2VyIiwiaWF0IjoxNzQwMTUzNjMwLCJleHAiOjE3NDAyNDAwMzAsInVzZXJJZCI6IjI5In0.dEx1eKWE24zl4SjbFpbQwoM_6pfGsbEWYXPw10DoREY,29
01:09:35.390 [http-nio-8080-exec-68] INFO  c.h.w.a.UserLoginInterceptor - [preHandle,40] - accessToken:eyJ0eXAiOiJKV1QiLCJhbGciOiJIUzI1NiJ9.eyJzdWIiOiJ1c2VyIiwiaWF0IjoxNzQwMTUzNjMwLCJleHAiOjE3NDAyNDAwMzAsInVzZXJJZCI6IjI5In0.dEx1eKWE24zl4SjbFpbQwoM_6pfGsbEWYXPw10DoREY,29
01:09:36.194 [http-nio-8080-exec-69] INFO  c.h.w.a.UserLoginInterceptor - [preHandle,40] - accessToken:eyJ0eXAiOiJKV1QiLCJhbGciOiJIUzI1NiJ9.eyJzdWIiOiJ1c2VyIiwiaWF0IjoxNzQwMTUzNjMwLCJleHAiOjE3NDAyNDAwMzAsInVzZXJJZCI6IjI5In0.dEx1eKWE24zl4SjbFpbQwoM_6pfGsbEWYXPw10DoREY,29
01:09:36.302 [http-nio-8080-exec-70] INFO  c.h.w.a.UserLoginInterceptor - [preHandle,40] - accessToken:eyJ0eXAiOiJKV1QiLCJhbGciOiJIUzI1NiJ9.eyJzdWIiOiJ1c2VyIiwiaWF0IjoxNzQwMTUzNjMwLCJleHAiOjE3NDAyNDAwMzAsInVzZXJJZCI6IjI5In0.dEx1eKWE24zl4SjbFpbQwoM_6pfGsbEWYXPw10DoREY,29
01:09:36.481 [http-nio-8080-exec-71] INFO  c.h.w.a.UserLoginInterceptor - [preHandle,40] - accessToken:eyJ0eXAiOiJKV1QiLCJhbGciOiJIUzI1NiJ9.eyJzdWIiOiJ1c2VyIiwiaWF0IjoxNzQwMTUzNjMwLCJleHAiOjE3NDAyNDAwMzAsInVzZXJJZCI6IjI5In0.dEx1eKWE24zl4SjbFpbQwoM_6pfGsbEWYXPw10DoREY,29
01:09:36.648 [http-nio-8080-exec-72] INFO  c.h.w.a.UserLoginInterceptor - [preHandle,40] - accessToken:eyJ0eXAiOiJKV1QiLCJhbGciOiJIUzI1NiJ9.eyJzdWIiOiJ1c2VyIiwiaWF0IjoxNzQwMTUzNjMwLCJleHAiOjE3NDAyNDAwMzAsInVzZXJJZCI6IjI5In0.dEx1eKWE24zl4SjbFpbQwoM_6pfGsbEWYXPw10DoREY,29
01:09:36.657 [http-nio-8080-exec-73] INFO  c.h.w.a.UserLoginInterceptor - [preHandle,40] - accessToken:eyJ0eXAiOiJKV1QiLCJhbGciOiJIUzI1NiJ9.eyJzdWIiOiJ1c2VyIiwiaWF0IjoxNzQwMTUzNjMwLCJleHAiOjE3NDAyNDAwMzAsInVzZXJJZCI6IjI5In0.dEx1eKWE24zl4SjbFpbQwoM_6pfGsbEWYXPw10DoREY,29
01:09:39.439 [http-nio-8080-exec-76] INFO  c.h.w.a.UserLoginInterceptor - [preHandle,40] - accessToken:eyJ0eXAiOiJKV1QiLCJhbGciOiJIUzI1NiJ9.eyJzdWIiOiJ1c2VyIiwiaWF0IjoxNzQwMTUzNjMwLCJleHAiOjE3NDAyNDAwMzAsInVzZXJJZCI6IjI5In0.dEx1eKWE24zl4SjbFpbQwoM_6pfGsbEWYXPw10DoREY,29
01:09:42.332 [http-nio-8080-exec-77] INFO  c.h.w.a.UserLoginInterceptor - [preHandle,40] - accessToken:eyJ0eXAiOiJKV1QiLCJhbGciOiJIUzI1NiJ9.eyJzdWIiOiJ1c2VyIiwiaWF0IjoxNzQwMTUzNjMwLCJleHAiOjE3NDAyNDAwMzAsInVzZXJJZCI6IjI5In0.dEx1eKWE24zl4SjbFpbQwoM_6pfGsbEWYXPw10DoREY,29
01:09:54.210 [http-nio-8080-exec-80] INFO  c.h.w.w.WebSocketServer - [onClose,78] - 29断开webSocket连接！当前人数为=2
01:09:54.210 [http-nio-8080-exec-79] INFO  c.h.w.w.WebSocketServer - [onClose,78] - 29断开webSocket连接！当前人数为=2
01:09:54.210 [http-nio-8080-exec-81] INFO  c.h.w.w.WebSocketServer - [onClose,78] - 29断开webSocket连接！当前人数为=1
01:09:54.210 [http-nio-8080-exec-78] INFO  c.h.w.w.WebSocketServer - [onClose,78] - 29断开webSocket连接！当前人数为=2
01:09:54.210 [http-nio-8080-exec-82] INFO  c.h.w.w.WebSocketServer - [onClose,78] - 29断开webSocket连接！当前人数为=0
01:09:54.418 [http-nio-8080-exec-83] INFO  c.h.w.w.WebSocketServer - [onOpen,70] - 29加入webSocket！当前人数为=1
01:09:54.452 [http-nio-8080-exec-87] INFO  c.h.w.a.UserLoginInterceptor - [preHandle,40] - accessToken:eyJ0eXAiOiJKV1QiLCJhbGciOiJIUzI1NiJ9.eyJzdWIiOiJ1c2VyIiwiaWF0IjoxNzQwMTUzNjMwLCJleHAiOjE3NDAyNDAwMzAsInVzZXJJZCI6IjI5In0.dEx1eKWE24zl4SjbFpbQwoM_6pfGsbEWYXPw10DoREY,29
01:09:54.452 [http-nio-8080-exec-84] INFO  c.h.w.a.UserLoginInterceptor - [preHandle,40] - accessToken:eyJ0eXAiOiJKV1QiLCJhbGciOiJIUzI1NiJ9.eyJzdWIiOiJ1c2VyIiwiaWF0IjoxNzQwMTUzNjMwLCJleHAiOjE3NDAyNDAwMzAsInVzZXJJZCI6IjI5In0.dEx1eKWE24zl4SjbFpbQwoM_6pfGsbEWYXPw10DoREY,29
01:09:54.452 [http-nio-8080-exec-85] INFO  c.h.w.a.UserLoginInterceptor - [preHandle,40] - accessToken:eyJ0eXAiOiJKV1QiLCJhbGciOiJIUzI1NiJ9.eyJzdWIiOiJ1c2VyIiwiaWF0IjoxNzQwMTUzNjMwLCJleHAiOjE3NDAyNDAwMzAsInVzZXJJZCI6IjI5In0.dEx1eKWE24zl4SjbFpbQwoM_6pfGsbEWYXPw10DoREY,29
01:09:54.501 [http-nio-8080-exec-86] INFO  c.h.w.a.UserLoginInterceptor - [preHandle,40] - accessToken:eyJ0eXAiOiJKV1QiLCJhbGciOiJIUzI1NiJ9.eyJzdWIiOiJ1c2VyIiwiaWF0IjoxNzQwMTUzNjMwLCJleHAiOjE3NDAyNDAwMzAsInVzZXJJZCI6IjI5In0.dEx1eKWE24zl4SjbFpbQwoM_6pfGsbEWYXPw10DoREY,29
01:09:55.855 [http-nio-8080-exec-88] INFO  c.h.w.w.WebSocketServer - [onOpen,70] - 29加入webSocket！当前人数为=2
01:09:55.873 [http-nio-8080-exec-89] INFO  c.h.w.a.UserLoginInterceptor - [preHandle,40] - accessToken:eyJ0eXAiOiJKV1QiLCJhbGciOiJIUzI1NiJ9.eyJzdWIiOiJ1c2VyIiwiaWF0IjoxNzQwMTUzNjMwLCJleHAiOjE3NDAyNDAwMzAsInVzZXJJZCI6IjI5In0.dEx1eKWE24zl4SjbFpbQwoM_6pfGsbEWYXPw10DoREY,29
01:09:55.873 [http-nio-8080-exec-91] INFO  c.h.w.a.UserLoginInterceptor - [preHandle,40] - accessToken:eyJ0eXAiOiJKV1QiLCJhbGciOiJIUzI1NiJ9.eyJzdWIiOiJ1c2VyIiwiaWF0IjoxNzQwMTUzNjMwLCJleHAiOjE3NDAyNDAwMzAsInVzZXJJZCI6IjI5In0.dEx1eKWE24zl4SjbFpbQwoM_6pfGsbEWYXPw10DoREY,29
01:09:55.873 [http-nio-8080-exec-92] INFO  c.h.w.a.UserLoginInterceptor - [preHandle,40] - accessToken:eyJ0eXAiOiJKV1QiLCJhbGciOiJIUzI1NiJ9.eyJzdWIiOiJ1c2VyIiwiaWF0IjoxNzQwMTUzNjMwLCJleHAiOjE3NDAyNDAwMzAsInVzZXJJZCI6IjI5In0.dEx1eKWE24zl4SjbFpbQwoM_6pfGsbEWYXPw10DoREY,29
01:09:55.874 [http-nio-8080-exec-90] INFO  c.h.w.a.UserLoginInterceptor - [preHandle,40] - accessToken:eyJ0eXAiOiJKV1QiLCJhbGciOiJIUzI1NiJ9.eyJzdWIiOiJ1c2VyIiwiaWF0IjoxNzQwMTUzNjMwLCJleHAiOjE3NDAyNDAwMzAsInVzZXJJZCI6IjI5In0.dEx1eKWE24zl4SjbFpbQwoM_6pfGsbEWYXPw10DoREY,29
01:09:55.889 [http-nio-8080-exec-93] INFO  c.h.w.a.UserLoginInterceptor - [preHandle,40] - accessToken:eyJ0eXAiOiJKV1QiLCJhbGciOiJIUzI1NiJ9.eyJzdWIiOiJ1c2VyIiwiaWF0IjoxNzQwMTUzNjMwLCJleHAiOjE3NDAyNDAwMzAsInVzZXJJZCI6IjI5In0.dEx1eKWE24zl4SjbFpbQwoM_6pfGsbEWYXPw10DoREY,29
01:10:00.779 [http-nio-8080-exec-94] INFO  c.h.w.a.UserLoginInterceptor - [preHandle,40] - accessToken:eyJ0eXAiOiJKV1QiLCJhbGciOiJIUzI1NiJ9.eyJzdWIiOiJ1c2VyIiwiaWF0IjoxNzQwMTUzNjMwLCJleHAiOjE3NDAyNDAwMzAsInVzZXJJZCI6IjI5In0.dEx1eKWE24zl4SjbFpbQwoM_6pfGsbEWYXPw10DoREY,29
01:10:00.981 [http-nio-8080-exec-95] INFO  c.h.w.a.UserLoginInterceptor - [preHandle,40] - accessToken:eyJ0eXAiOiJKV1QiLCJhbGciOiJIUzI1NiJ9.eyJzdWIiOiJ1c2VyIiwiaWF0IjoxNzQwMTUzNjMwLCJleHAiOjE3NDAyNDAwMzAsInVzZXJJZCI6IjI5In0.dEx1eKWE24zl4SjbFpbQwoM_6pfGsbEWYXPw10DoREY,29
01:10:05.123 [http-nio-8080-exec-96] INFO  c.h.w.w.WebSocketServer - [onClose,78] - 29断开webSocket连接！当前人数为=0
01:10:05.123 [http-nio-8080-exec-97] INFO  c.h.w.w.WebSocketServer - [onClose,78] - 29断开webSocket连接！当前人数为=0
01:10:05.325 [http-nio-8080-exec-98] INFO  c.h.w.w.WebSocketServer - [onOpen,70] - 29加入webSocket！当前人数为=1
01:10:05.359 [http-nio-8080-exec-2] INFO  c.h.w.a.UserLoginInterceptor - [preHandle,40] - accessToken:eyJ0eXAiOiJKV1QiLCJhbGciOiJIUzI1NiJ9.eyJzdWIiOiJ1c2VyIiwiaWF0IjoxNzQwMTUzNjMwLCJleHAiOjE3NDAyNDAwMzAsInVzZXJJZCI6IjI5In0.dEx1eKWE24zl4SjbFpbQwoM_6pfGsbEWYXPw10DoREY,29
01:10:05.359 [http-nio-8080-exec-99] INFO  c.h.w.a.UserLoginInterceptor - [preHandle,40] - accessToken:eyJ0eXAiOiJKV1QiLCJhbGciOiJIUzI1NiJ9.eyJzdWIiOiJ1c2VyIiwiaWF0IjoxNzQwMTUzNjMwLCJleHAiOjE3NDAyNDAwMzAsInVzZXJJZCI6IjI5In0.dEx1eKWE24zl4SjbFpbQwoM_6pfGsbEWYXPw10DoREY,29
01:10:05.359 [http-nio-8080-exec-100] INFO  c.h.w.a.UserLoginInterceptor - [preHandle,40] - accessToken:eyJ0eXAiOiJKV1QiLCJhbGciOiJIUzI1NiJ9.eyJzdWIiOiJ1c2VyIiwiaWF0IjoxNzQwMTUzNjMwLCJleHAiOjE3NDAyNDAwMzAsInVzZXJJZCI6IjI5In0.dEx1eKWE24zl4SjbFpbQwoM_6pfGsbEWYXPw10DoREY,29
01:10:05.361 [http-nio-8080-exec-1] INFO  c.h.w.a.UserLoginInterceptor - [preHandle,40] - accessToken:eyJ0eXAiOiJKV1QiLCJhbGciOiJIUzI1NiJ9.eyJzdWIiOiJ1c2VyIiwiaWF0IjoxNzQwMTUzNjMwLCJleHAiOjE3NDAyNDAwMzAsInVzZXJJZCI6IjI5In0.dEx1eKWE24zl4SjbFpbQwoM_6pfGsbEWYXPw10DoREY,29
01:10:05.408 [http-nio-8080-exec-3] INFO  c.h.w.a.UserLoginInterceptor - [preHandle,40] - accessToken:eyJ0eXAiOiJKV1QiLCJhbGciOiJIUzI1NiJ9.eyJzdWIiOiJ1c2VyIiwiaWF0IjoxNzQwMTUzNjMwLCJleHAiOjE3NDAyNDAwMzAsInVzZXJJZCI6IjI5In0.dEx1eKWE24zl4SjbFpbQwoM_6pfGsbEWYXPw10DoREY,29
01:23:54.060 [http-nio-8080-exec-4] INFO  c.h.w.w.WebSocketServer - [onOpen,70] - 29加入webSocket！当前人数为=2
01:23:54.083 [http-nio-8080-exec-6] INFO  c.h.w.a.UserLoginInterceptor - [preHandle,40] - accessToken:eyJ0eXAiOiJKV1QiLCJhbGciOiJIUzI1NiJ9.eyJzdWIiOiJ1c2VyIiwiaWF0IjoxNzQwMTUzNjMwLCJleHAiOjE3NDAyNDAwMzAsInVzZXJJZCI6IjI5In0.dEx1eKWE24zl4SjbFpbQwoM_6pfGsbEWYXPw10DoREY,29
01:23:54.083 [http-nio-8080-exec-5] INFO  c.h.w.a.UserLoginInterceptor - [preHandle,40] - accessToken:eyJ0eXAiOiJKV1QiLCJhbGciOiJIUzI1NiJ9.eyJzdWIiOiJ1c2VyIiwiaWF0IjoxNzQwMTUzNjMwLCJleHAiOjE3NDAyNDAwMzAsInVzZXJJZCI6IjI5In0.dEx1eKWE24zl4SjbFpbQwoM_6pfGsbEWYXPw10DoREY,29
01:23:54.083 [http-nio-8080-exec-7] INFO  c.h.w.a.UserLoginInterceptor - [preHandle,40] - accessToken:eyJ0eXAiOiJKV1QiLCJhbGciOiJIUzI1NiJ9.eyJzdWIiOiJ1c2VyIiwiaWF0IjoxNzQwMTUzNjMwLCJleHAiOjE3NDAyNDAwMzAsInVzZXJJZCI6IjI5In0.dEx1eKWE24zl4SjbFpbQwoM_6pfGsbEWYXPw10DoREY,29
01:23:54.083 [http-nio-8080-exec-9] INFO  c.h.w.a.UserLoginInterceptor - [preHandle,40] - accessToken:eyJ0eXAiOiJKV1QiLCJhbGciOiJIUzI1NiJ9.eyJzdWIiOiJ1c2VyIiwiaWF0IjoxNzQwMTUzNjMwLCJleHAiOjE3NDAyNDAwMzAsInVzZXJJZCI6IjI5In0.dEx1eKWE24zl4SjbFpbQwoM_6pfGsbEWYXPw10DoREY,29
01:23:54.083 [http-nio-8080-exec-8] INFO  c.h.w.a.UserLoginInterceptor - [preHandle,40] - accessToken:eyJ0eXAiOiJKV1QiLCJhbGciOiJIUzI1NiJ9.eyJzdWIiOiJ1c2VyIiwiaWF0IjoxNzQwMTUzNjMwLCJleHAiOjE3NDAyNDAwMzAsInVzZXJJZCI6IjI5In0.dEx1eKWE24zl4SjbFpbQwoM_6pfGsbEWYXPw10DoREY,29
01:23:54.106 [http-nio-8080-exec-11] INFO  c.h.w.a.UserLoginInterceptor - [preHandle,40] - accessToken:eyJ0eXAiOiJKV1QiLCJhbGciOiJIUzI1NiJ9.eyJzdWIiOiJ1c2VyIiwiaWF0IjoxNzQwMTUzNjMwLCJleHAiOjE3NDAyNDAwMzAsInVzZXJJZCI6IjI5In0.dEx1eKWE24zl4SjbFpbQwoM_6pfGsbEWYXPw10DoREY,29
01:23:59.100 [http-nio-8080-exec-10] INFO  c.h.w.a.UserLoginInterceptor - [preHandle,40] - accessToken:eyJ0eXAiOiJKV1QiLCJhbGciOiJIUzI1NiJ9.eyJzdWIiOiJ1c2VyIiwiaWF0IjoxNzQwMTUzNjMwLCJleHAiOjE3NDAyNDAwMzAsInVzZXJJZCI6IjI5In0.dEx1eKWE24zl4SjbFpbQwoM_6pfGsbEWYXPw10DoREY,29
01:34:50.060 [lettuce-nioEventLoop-4-1] INFO  i.l.c.p.CommandHandler - [log,217] - null Unexpected exception during request: java.net.SocketException: Connection reset
java.net.SocketException: Connection reset
	at java.base/sun.nio.ch.SocketChannelImpl.throwConnectionReset(SocketChannelImpl.java:394)
	at java.base/sun.nio.ch.SocketChannelImpl.read(SocketChannelImpl.java:426)
	at io.netty.buffer.PooledByteBuf.setBytes(PooledByteBuf.java:256)
	at io.netty.buffer.AbstractByteBuf.writeBytes(AbstractByteBuf.java:1132)
	at io.netty.channel.socket.nio.NioSocketChannel.doReadBytes(NioSocketChannel.java:357)
	at io.netty.channel.nio.AbstractNioByteChannel$NioByteUnsafe.read(AbstractNioByteChannel.java:151)
	at io.netty.channel.nio.NioEventLoop.processSelectedKey(NioEventLoop.java:788)
	at io.netty.channel.nio.NioEventLoop.processSelectedKeysOptimized(NioEventLoop.java:724)
	at io.netty.channel.nio.NioEventLoop.processSelectedKeys(NioEventLoop.java:650)
	at io.netty.channel.nio.NioEventLoop.run(NioEventLoop.java:562)
	at io.netty.util.concurrent.SingleThreadEventExecutor$4.run(SingleThreadEventExecutor.java:997)
	at io.netty.util.internal.ThreadExecutorMap$2.run(ThreadExecutorMap.java:74)
	at io.netty.util.concurrent.FastThreadLocalRunnable.run(FastThreadLocalRunnable.java:30)
	at java.base/java.lang.Thread.run(Thread.java:842)
01:34:50.123 [lettuce-eventExecutorLoop-1-4] INFO  i.l.c.p.ConnectionWatchdog - [log,171] - Reconnecting, last destination was localhost/127.0.0.1:6379
01:34:59.121 [lettuce-eventExecutorLoop-1-4] INFO  i.l.c.p.ConnectionWatchdog - [log,171] - Reconnecting, last destination was localhost/<unresolved>:6379
01:35:02.397 [SpringApplicationShutdownHook] INFO  o.q.c.QuartzScheduler - [standby,585] - Scheduler quartzScheduler_$_NON_CLUSTERED paused.
01:35:02.420 [SpringApplicationShutdownHook] INFO  c.h.w.w.WebSocketServer - [onClose,78] - 29断开webSocket连接！当前人数为=1
01:35:02.420 [SpringApplicationShutdownHook] INFO  c.h.w.w.WebSocketServer - [onClose,78] - 29断开webSocket连接！当前人数为=0
01:35:02.427 [SpringApplicationShutdownHook] INFO  o.q.c.QuartzScheduler - [shutdown,666] - Scheduler quartzScheduler_$_NON_CLUSTERED shutting down.
01:35:02.427 [SpringApplicationShutdownHook] INFO  o.q.c.QuartzScheduler - [standby,585] - Scheduler quartzScheduler_$_NON_CLUSTERED paused.
01:35:02.435 [SpringApplicationShutdownHook] INFO  o.q.c.QuartzScheduler - [shutdown,740] - Scheduler quartzScheduler_$_NON_CLUSTERED shutdown complete.
01:35:02.435 [SpringApplicationShutdownHook] INFO  sys-user - [shutdownAsyncManager,29] - ====关闭后台任务任务线程池====
01:35:02.435 [SpringApplicationShutdownHook] INFO  c.a.d.p.DruidDataSource - [close,2174] - {dataSource-1} closing ...
01:35:02.435 [SpringApplicationShutdownHook] INFO  c.a.d.p.DruidDataSource - [close,2247] - {dataSource-1} closed
